set REPRODUCIBLE OUTPUT   = false
set VERBOSITY             = 1
set WRITE SOLUTION FIELDS = false
subsection Boundary conditions
  set PERIODIC1                       = false
  set PERIODIC2                       = false
  set PERIODIC3                       = false
  set SELF POTENTIAL ATOM BALL RADIUS = 8.0
end
subsection Brillouin zone k point sampling options
  set USE GROUP SYMMETRY         = false
  set USE TIME REVERSAL SYMMETRY = false
  set kPOINT RULE FILE           = 
  subsection Monkhorst-Pack (MP) grid generation
    set SAMPLING POINTS 1 = 1
    set SAMPLING POINTS 2 = 1
    set SAMPLING POINTS 3 = 1
    set SAMPLING SHIFT 1  = 0.0
    set SAMPLING SHIFT 2  = 0.0
    set SAMPLING SHIFT 3  = 0.0
  end
end
subsection Checkpointing and Restart
  set CHK TYPE         = 0
  set RESTART FROM CHK = false
end
subsection DFT functional related parameters
  set EXCHANGE CORRELATION TYPE       = 4
  set PSEUDOPOTENTIAL CALCULATION     = true
  set PSEUDOPOTENTIAL FILE NAMES LIST = pseudo.inp
  set PSEUDO TESTS FLAG               = false
  set SPIN POLARIZATION               = 0
  set START MAGNETIZATION             = 0.0
end
subsection Finite element mesh parameters
  set CACHE SHAPE GRAD = false
  set MESH FILE        = 
  set POLYNOMIAL ORDER = 3
  subsection Auto mesh generation parameters
    set ATOM BALL RADIUS     = 3.0
    set BASE MESH SIZE       = 10.0
    set MAX REFINEMENT STEPS = 10
    set MESH SIZE ATOM BALL  = 0.7
    set MESH SIZE NEAR ATOM  = 0.7
  end
end
subsection Geometry
  set ATOMIC COORDINATES FILE      = coordinates.inp
  set DOMAIN BOUNDING VECTORS FILE = domainVectors.inp
  subsection Optimization
    set CELL CONSTRAINT TYPE      = 12
    set CELL OPT                  = false
    set CELL STRESS               = false
    set FORCE TOL                 = 5e-5
    set ION FORCE                 = false
    set ION OPT                   = true
    set ION RELAX FLAGS FILE      = relaxationFlags.inp
    set NON SELF CONSISTENT FORCE = false
    set STRESS TOL                = 5e-7
  end
end
subsection Parallelization
  set NPBAND = 1
  set NPKPT  = 1
end
subsection Poisson problem parameters
  set MAXIMUM ITERATIONS = 5000
  set P REFINEMENT       = false
  set TOLERANCE          = 1e-12
end
subsection SCF parameters
  set ANDERSON SCHEME MIXING HISTORY   = 70
  set ANDERSON SCHEME MIXING PARAMETER = 0.5
  set COMPUTE ENERGY EACH ITER         = true
  set MAXIMUM ITERATIONS               = 40
  set STARTING WFC                     = RANDOM
  set TEMPERATURE                      = 500
  set TOLERANCE                        = 5e-6
  subsection Eigen-solver/Chebyshev solver related parameters
    set BATCH GEMM                        = true
    set CHEBYSHEV FILTER BLOCK SIZE       = 400
    set CHEBYSHEV FILTER NUM OMP THREADS  = 0
    set CHEBYSHEV FILTER PASSES           = 1
    set CHEBYSHEV FILTER TOLERANCE        = 5e-02
    set CHEBYSHEV POLYNOMIAL DEGREE       = 0
    set ENABLE SWITCH TO GS               = true
    set LOWER BOUND WANTED SPECTRUM       = -0.5
    set NUMBER OF KOHN-SHAM WAVEFUNCTIONS = 12
    set ORTHOGONALIZATION TYPE            = LW
    set ORTHO RR NUM OMP THREADS          = 0
    set ORTHO RR WFC BLOCK SIZE           = 200
    set SCALAPACKPROCS                    = 0
    set SUBSPACE ROT DOFS BLOCK SIZE      = 800
  end
end
=================================MPI Parallelization=========================================
Total number of MPI tasks: 16
k points parallelization pools: 1
Band parallelization pools: 1
Number of MPI tasks for domain decomposition: 16
============================================================================================
number of atoms: 2
number of atoms types: 1

Reading Pseudo-potential data for each atom from the list given in : pseudo.inp
-----------Domain bounding vectors (lattice vectors in fully periodic case)-------------
v1 : 8.000000000000000000e+01 0.000000000000000000e+00 0.000000000000000000e+00
v2 : 0.000000000000000000e+00 8.000000000000000000e+01 0.000000000000000000e+00
v3 : 0.000000000000000000e+00 0.000000000000000000e+00 8.000000000000000000e+01
-----------------------------------------------------------------------------------------
------------Cartesian coordinates of atoms (origin at center of domain)------------------
AtomId 0:  -1.199999999999999956e+00 0.000000000000000000e+00 0.000000000000000000e+00
AtomId 1:  1.199999999999999956e+00 0.000000000000000000e+00 0.000000000000000000e+00
-----------------------------------------------------------------------------------------
Adaptivity summary: 
 numCells: 2472, num refinement levels: 5, h_min: 6.250000000000000000e-01
Adaptivity summary: 
 numCells: 2472, num refinement levels: 5, h_min: 6.250000000000000000e-01

Finite element mesh information
-------------------------------------------------
number of elements: 2472
number of degrees of freedom: 77639
-------------------------------------------------
Mesh quality check after mesh movement, maximum jacobian ratio: 1.004502760809244277e+00
Volume of the domain (Bohr^3): 5.120000000000173459e+05

Reading initial guess for PSI....
Number of wavefunctions generated randomly to be used as initial guess for starting the SCF : 12

Reading initial guess for rho.....
initial total charge: 9.994760083774426818e+00
initial total charge after scaling: 9.999999999999960920e+00
Adaptivity summary: 
 numCells: 2472, num refinement levels: 5, h_min: 6.250000000000000000e-01

Pseudopotential initalization....

************************Begin Self-Consistent-Field Iteration:  1 ***********************
Total energy  : -1.983010400708237952e+01
***********************Self-Consistent-Field Iteration:  1 complete**********************
Scf iteration 1 took: 5.036305583999999946e+00 seconds, with 8 Chebyshev eigen solve passes.

************************Begin Self-Consistent-Field Iteration:  2 ***********************
Simple mixing: L2 norm of electron-density difference: 2.775018699159558649e-02
Total energy  : -1.983555652727787333e+01
***********************Self-Consistent-Field Iteration:  2 complete**********************
Scf iteration 2 took: 9.302211219999999559e-01 seconds, with 1 Chebyshev eigen solve passes.

************************Begin Self-Consistent-Field Iteration:  3 ***********************
Anderson mixing: L2 norm of electron-density difference: 7.528207756332762346e-02
Total energy  : -1.983626412742761858e+01
***********************Self-Consistent-Field Iteration:  3 complete**********************
Scf iteration 3 took: 9.479516350000000147e-01 seconds, with 1 Chebyshev eigen solve passes.

************************Begin Self-Consistent-Field Iteration:  4 ***********************
Anderson mixing: L2 norm of electron-density difference: 2.233214069330242621e-02
Total energy  : -1.983681282474946883e+01
***********************Self-Consistent-Field Iteration:  4 complete**********************
Scf iteration 4 took: 9.662892499999999885e-01 seconds, with 1 Chebyshev eigen solve passes.

************************Begin Self-Consistent-Field Iteration:  5 ***********************
Anderson mixing: L2 norm of electron-density difference: 8.283217023548592600e-03
Total energy  : -1.983685479699642684e+01
***********************Self-Consistent-Field Iteration:  5 complete**********************
Scf iteration 5 took: 9.808206259999999732e-01 seconds, with 1 Chebyshev eigen solve passes.

************************Begin Self-Consistent-Field Iteration:  6 ***********************
Anderson mixing: L2 norm of electron-density difference: 6.215434489488646380e-03
Total energy  : -1.983687210054743133e+01
***********************Self-Consistent-Field Iteration:  6 complete**********************
Scf iteration 6 took: 1.002668885999999926e+00 seconds, with 1 Chebyshev eigen solve passes.

************************Begin Self-Consistent-Field Iteration:  7 ***********************
Anderson mixing: L2 norm of electron-density difference: 1.979419659037442731e-03
Total energy  : -1.983687626739682131e+01
***********************Self-Consistent-Field Iteration:  7 complete**********************
Scf iteration 7 took: 1.117278889000000053e+00 seconds, with 1 Chebyshev eigen solve passes.

************************Begin Self-Consistent-Field Iteration:  8 ***********************
Anderson mixing: L2 norm of electron-density difference: 3.063404909386006967e-04
Total energy  : -1.983687631895450920e+01
***********************Self-Consistent-Field Iteration:  8 complete**********************
Scf iteration 8 took: 1.047460316000000002e+00 seconds, with 1 Chebyshev eigen solve passes.

************************Begin Self-Consistent-Field Iteration:  9 ***********************
Anderson mixing: L2 norm of electron-density difference: 1.494754267530238570e-04
Total energy  : -1.983687632422937952e+01
***********************Self-Consistent-Field Iteration:  9 complete**********************
Scf iteration 9 took: 1.083879703000000028e+00 seconds, with 1 Chebyshev eigen solve passes.

************************Begin Self-Consistent-Field Iteration: 10 ***********************
Anderson mixing: L2 norm of electron-density difference: 7.008882672129767232e-05
Total energy  : -1.983687632929121492e+01
***********************Self-Consistent-Field Iteration: 10 complete**********************
Scf iteration 10 took: 1.135886248999999903e+00 seconds, with 1 Chebyshev eigen solve passes.

************************Begin Self-Consistent-Field Iteration: 11 ***********************
Anderson mixing: L2 norm of electron-density difference: 3.016122486932781071e-05
Total energy  : -1.983687633102105963e+01
***********************Self-Consistent-Field Iteration: 11 complete**********************
Scf iteration 11 took: 1.173813943999999942e+00 seconds, with 1 Chebyshev eigen solve passes.

************************Begin Self-Consistent-Field Iteration: 12 ***********************
Anderson mixing: L2 norm of electron-density difference: 7.827303525842466996e-06
Total energy  : -1.983687633116205262e+01
***********************Self-Consistent-Field Iteration: 12 complete**********************
Scf iteration 12 took: 1.230233125999999899e+00 seconds, with 1 Chebyshev eigen solve passes.

************************Begin Self-Consistent-Field Iteration: 13 ***********************
Anderson mixing: L2 norm of electron-density difference: 1.538546762283955913e-06
Total energy  : -1.983687633117235549e+01
***********************Self-Consistent-Field Iteration: 13 complete**********************
Scf iteration 13 took: 1.284031219000000057e+00 seconds, with 1 Chebyshev eigen solve passes.

SCF iteration converged to the specified tolerance after: 13 iterations.

Energy computations (Hartree)
-------------------------------------------------------------------------------
Band energy                                         :  -5.2653677268302266e+00
Exchange energy                                     :  -4.3789829112451866e+00
Correlation energy                                  :  -3.5545291346900171e-01
Total energy                                        :  -1.9836876331172355e+01
Total energy per atom                               :  -9.9184381655861777e+00
-------------------------------------------------------------------------------

Ion forces (Hartree/Bohr)
--------------------------------------------------------------------------------------------
AtomId    0:  2.439014866511700075e-01,1.307318170318670539e-07,3.861683726307310605e-08
AtomId    1:  -2.438993522195083696e-01,-1.334485362983302487e-07,-2.940986877620309359e-08
--------------------------------------------------------------------------------------------
 Maximum absolute force atom id: 0, Force vec: 2.439014866511700075e-01,1.307318170318670539e-07,3.861683726307310605e-08


+---------------------------------------------+------------+------------+
| Total wallclock time elapsed since start    | 1.823e+01s |            |
|                                             |            |            |
| Section                         | no. calls |  wall time | % of total |
+---------------------------------+-----------+------------+------------+
| Chebyshev filtering opt         |        20 | 2.785e+00s |  1.53e+01% |
| Lanczos k-step Upper Bound      |        20 | 6.006e-01s |  3.30e+00% |
| Lowden Orthogn Opt              |        20 | 3.819e-02s |  2.10e-01% |
| Rayleigh-Ritz proj Opt          |        20 | 2.933e-01s |  1.61e+00% |
| eigen vectors residuals opt     |        20 | 1.857e-01s |  1.02e+00% |
+---------------------------------+-----------+------------+------------+

 --------------Ion force relaxation flags----------------
1  0  0
1  0  0
 --------------------------------------------------
 Starting Ion force relaxation using CG solver... 
   ---CG Parameters--------------  
      stopping tol: 5.000000000000000240e-05
      maxIter: 100
      lineSearch tol: 1.000000000000000048e-04
      lineSearch maxIter: 4
      lineSearch damping parameter: 6.999999999999999556e-01
   ------------------------------  
d_gradient: -2.439014866511700075e-01
d_gradient: 2.438993522195083696e-01
Iteration no. | delta new | residual norm | residual norm avg
1 1.189748292037466626e-01 3.449272810372451259e-01 1.724636405186225629e-01 
Initial guess for secant line search iteration, alpha: 6.999999999999999556e-01
  Maximum force to be relaxed: 2.439014866511700075e-01
Auto remeshing and reinitialization of dft problem for new atom coordinates
-----------Domain bounding vectors (lattice vectors in fully periodic case)-------------
v1 : 8.000000000000000000e+01 0.000000000000000000e+00 0.000000000000000000e+00
v2 : 0.000000000000000000e+00 8.000000000000000000e+01 0.000000000000000000e+00
v3 : 0.000000000000000000e+00 0.000000000000000000e+00 8.000000000000000000e+01
-----------------------------------------------------------------------------------------
------------Cartesian coordinates of atoms (origin at center of domain)------------------
AtomId 0:  -1.029268959344181056e+00 0.000000000000000000e+00 0.000000000000000000e+00
AtomId 1:  1.029270453446344158e+00 0.000000000000000000e+00 0.000000000000000000e+00
-----------------------------------------------------------------------------------------
Adaptivity summary: 
 numCells: 2472, num refinement levels: 5, h_min: 6.250000000000000000e-01
Adaptivity summary: 
 numCells: 2472, num refinement levels: 5, h_min: 6.250000000000000000e-01

Finite element mesh information
-------------------------------------------------
number of elements: 2472
number of degrees of freedom: 77639
-------------------------------------------------
Mesh quality check after mesh movement, maximum jacobian ratio: 1.020378502042871727e+00
Volume of the domain (Bohr^3): 5.120000000000171131e+05

Reading initial guess for PSI....
Number of wavefunctions generated randomly to be used as initial guess for starting the SCF : 12


+---------------------------------------------+------------+------------+
| Total wallclock time elapsed since start    | 7.283e-01s |            |
|                                             |            |            |
| Section                         | no. calls |  wall time | % of total |
+---------------------------------+-----------+------------+------------+
| interpolate:step1               |         1 | 3.604e-01s |  4.95e+01% |
| interpolate:step2               |         1 | 3.246e-01s |  4.46e+01% |
| interpolate:step3               |         1 | 2.497e-03s |  3.43e-01% |
| interpolate:step4               |         1 | 1.108e-02s |  1.52e+00% |
| interpolate:step5               |         1 | 1.941e-03s |  2.67e-01% |
| interpolate:step6               |         1 | 2.637e-02s |  3.62e+00% |
+---------------------------------+-----------+------------+------------+

initial total charge: 9.810803865295865123e+00
initial total charge after scaling: 1.000000000000001066e+01
Adaptivity summary: 
 numCells: 2472, num refinement levels: 5, h_min: 6.250000000000000000e-01

Pseudopotential initalization....
...Reinitialization end

************************Begin Self-Consistent-Field Iteration:  1 ***********************
Total energy  : -1.977997778423200970e+01
***********************Self-Consistent-Field Iteration:  1 complete**********************
Scf iteration 1 took: 3.885324023999999987e+00 seconds, with 7 Chebyshev eigen solve passes.

************************Begin Self-Consistent-Field Iteration:  2 ***********************
Simple mixing: L2 norm of electron-density difference: 1.455306647234828887e-01
Total energy  : -1.988665441462953964e+01
***********************Self-Consistent-Field Iteration:  2 complete**********************
Scf iteration 2 took: 9.669871880000000530e-01 seconds, with 1 Chebyshev eigen solve passes.

************************Begin Self-Consistent-Field Iteration:  3 ***********************
Anderson mixing: L2 norm of electron-density difference: 8.627354783200026633e-02
Total energy  : -1.989014330152298982e+01
***********************Self-Consistent-Field Iteration:  3 complete**********************
Scf iteration 3 took: 9.765002900000000485e-01 seconds, with 1 Chebyshev eigen solve passes.

************************Begin Self-Consistent-Field Iteration:  4 ***********************
Anderson mixing: L2 norm of electron-density difference: 2.515899344293555037e-02
Total energy  : -1.989037027825937898e+01
***********************Self-Consistent-Field Iteration:  4 complete**********************
Scf iteration 4 took: 9.877329259999999556e-01 seconds, with 1 Chebyshev eigen solve passes.

************************Begin Self-Consistent-Field Iteration:  5 ***********************
Anderson mixing: L2 norm of electron-density difference: 9.138508537779780824e-03
Total energy  : -1.989044277868689647e+01
***********************Self-Consistent-Field Iteration:  5 complete**********************
Scf iteration 5 took: 9.997847509999999716e-01 seconds, with 1 Chebyshev eigen solve passes.

************************Begin Self-Consistent-Field Iteration:  6 ***********************
Anderson mixing: L2 norm of electron-density difference: 2.545100748975497734e-03
Total energy  : -1.989044529138905659e+01
***********************Self-Consistent-Field Iteration:  6 complete**********************
Scf iteration 6 took: 1.025888204999999997e+00 seconds, with 1 Chebyshev eigen solve passes.

************************Begin Self-Consistent-Field Iteration:  7 ***********************
Anderson mixing: L2 norm of electron-density difference: 1.552450407037531642e-03
Total energy  : -1.989044742115666864e+01
***********************Self-Consistent-Field Iteration:  7 complete**********************
Scf iteration 7 took: 1.041911315999999976e+00 seconds, with 1 Chebyshev eigen solve passes.

************************Begin Self-Consistent-Field Iteration:  8 ***********************
Anderson mixing: L2 norm of electron-density difference: 1.246111789540073507e-04
Total energy  : -1.989044744689512001e+01
***********************Self-Consistent-Field Iteration:  8 complete**********************
Scf iteration 8 took: 1.064411248000000088e+00 seconds, with 1 Chebyshev eigen solve passes.

************************Begin Self-Consistent-Field Iteration:  9 ***********************
Anderson mixing: L2 norm of electron-density difference: 1.271503719499486249e-04
Total energy  : -1.989044746134741715e+01
***********************Self-Consistent-Field Iteration:  9 complete**********************
Scf iteration 9 took: 1.295064460000000084e+00 seconds, with 1 Chebyshev eigen solve passes.

************************Begin Self-Consistent-Field Iteration: 10 ***********************
Anderson mixing: L2 norm of electron-density difference: 6.379398060525174761e-05
Total energy  : -1.989044746760795945e+01
***********************Self-Consistent-Field Iteration: 10 complete**********************
Scf iteration 10 took: 1.146909286999999944e+00 seconds, with 1 Chebyshev eigen solve passes.

************************Begin Self-Consistent-Field Iteration: 11 ***********************
Anderson mixing: L2 norm of electron-density difference: 8.895228746514169185e-06
Total energy  : -1.989044746779691408e+01
***********************Self-Consistent-Field Iteration: 11 complete**********************
Scf iteration 11 took: 1.189519559000000060e+00 seconds, with 1 Chebyshev eigen solve passes.

************************Begin Self-Consistent-Field Iteration: 12 ***********************
Anderson mixing: L2 norm of electron-density difference: 4.913621263633473499e-06
Total energy  : -1.989044746779635275e+01
***********************Self-Consistent-Field Iteration: 12 complete**********************
Scf iteration 12 took: 1.250041568000000103e+00 seconds, with 1 Chebyshev eigen solve passes.

SCF iteration converged to the specified tolerance after: 12 iterations.

Energy computations (Hartree)
-------------------------------------------------------------------------------
Band energy                                         :  -5.5667460479874000e+00
Exchange energy                                     :  -4.5510332850884145e+00
Correlation energy                                  :  -3.6273846998051484e-01
Total energy                                        :  -1.9890447467796353e+01
Total energy per atom                               :  -9.9452237338981764e+00
-------------------------------------------------------------------------------

Ion forces (Hartree/Bohr)
--------------------------------------------------------------------------------------------
AtomId    0:  -8.091502094142176416e-02,6.286688527902119608e-07,1.564526549563405311e-07
AtomId    1:  8.092808281436748852e-02,-3.103523198441690935e-07,-6.541454629490836559e-09
--------------------------------------------------------------------------------------------
 Maximum absolute force atom id: 1, Force vec: 8.092808281436748852e-02,-3.103523198441690935e-07,-6.541454629490836559e-09


+---------------------------------------------+------------+------------+
| Total wallclock time elapsed since start    | 1.612e+01s |            |
|                                             |            |            |
| Section                         | no. calls |  wall time | % of total |
+---------------------------------+-----------+------------+------------+
| Chebyshev filtering opt         |        18 | 2.386e+00s |  1.48e+01% |
| Lanczos k-step Upper Bound      |        18 | 5.361e-01s |  3.33e+00% |
| Lowden Orthogn Opt              |        18 | 1.200e-02s | 0.000e+00% |
| Rayleigh-Ritz proj Opt          |        18 | 1.942e-01s |  1.20e+00% |
| eigen vectors residuals opt     |        18 | 1.730e-01s |  1.07e+00% |
+---------------------------------+-----------+------------+------------+

Line search iteration: 0 alphaNew: 5.256119003598211936e-01 alpha: 6.999999999999999556e-01 alphaP: 0.000000000000000000e+00  eta: 3.947360087481427415e-02 etaP: -1.189748292037466626e-01
  Maximum force to be relaxed: 8.092808281436748852e-02
Auto remeshing and reinitialization of dft problem for new atom coordinates
-----------Domain bounding vectors (lattice vectors in fully periodic case)-------------
v1 : 8.000000000000000000e+01 0.000000000000000000e+00 0.000000000000000000e+00
v2 : 0.000000000000000000e+00 8.000000000000000000e+01 0.000000000000000000e+00
v3 : 0.000000000000000000e+00 0.000000000000000000e+00 8.000000000000000000e+01
-----------------------------------------------------------------------------------------
------------Cartesian coordinates of atoms (origin at center of domain)------------------
AtomId 0:  -1.071802476100693013e+00 0.000000000000000000e+00 0.000000000000000000e+00
AtomId 1:  1.071803597983374878e+00 0.000000000000000000e+00 0.000000000000000000e+00
-----------------------------------------------------------------------------------------
Adaptivity summary: 
 numCells: 2472, num refinement levels: 5, h_min: 6.250000000000000000e-01
Adaptivity summary: 
 numCells: 2472, num refinement levels: 5, h_min: 6.250000000000000000e-01

Finite element mesh information
-------------------------------------------------
number of elements: 2472
number of degrees of freedom: 77639
-------------------------------------------------
Mesh quality check after mesh movement, maximum jacobian ratio: 1.016349124346279886e+00
Volume of the domain (Bohr^3): 5.120000000000164146e+05

Reading initial guess for PSI....
Number of wavefunctions generated randomly to be used as initial guess for starting the SCF : 12


+---------------------------------------------+------------+------------+
| Total wallclock time elapsed since start    | 7.152e-01s |            |
|                                             |            |            |
| Section                         | no. calls |  wall time | % of total |
+---------------------------------+-----------+------------+------------+
| interpolate:step1               |         1 | 3.599e-01s |  5.03e+01% |
| interpolate:step2               |         1 | 3.310e-01s |  4.63e+01% |
| interpolate:step3               |         1 | 2.766e-03s |  3.87e-01% |
| interpolate:step4               |         1 | 1.108e-02s |  1.55e+00% |
| interpolate:step5               |         1 | 2.053e-03s |  2.87e-01% |
| interpolate:step6               |         1 | 6.959e-03s |  9.73e-01% |
+---------------------------------+-----------+------------+------------+

initial total charge: 1.007188071037759869e+01
initial total charge after scaling: 1.000000000000000533e+01
Adaptivity summary: 
 numCells: 2472, num refinement levels: 5, h_min: 6.250000000000000000e-01

Pseudopotential initalization....
...Reinitialization end

************************Begin Self-Consistent-Field Iteration:  1 ***********************
Total energy  : -1.986088639848862769e+01
***********************Self-Consistent-Field Iteration:  1 complete**********************
Scf iteration 1 took: 4.216844427999999922e+00 seconds, with 8 Chebyshev eigen solve passes.

************************Begin Self-Consistent-Field Iteration:  2 ***********************
Simple mixing: L2 norm of electron-density difference: 1.162300835132121582e-02
Total energy  : -1.988573178319596835e+01
***********************Self-Consistent-Field Iteration:  2 complete**********************
Scf iteration 2 took: 9.234594779999999448e-01 seconds, with 1 Chebyshev eigen solve passes.

************************Begin Self-Consistent-Field Iteration:  3 ***********************
Anderson mixing: L2 norm of electron-density difference: 2.615534723902139883e-02
Total energy  : -1.988731878435608991e+01
***********************Self-Consistent-Field Iteration:  3 complete**********************
Scf iteration 3 took: 9.369842729999999786e-01 seconds, with 1 Chebyshev eigen solve passes.

************************Begin Self-Consistent-Field Iteration:  4 ***********************
Anderson mixing: L2 norm of electron-density difference: 8.985426030712428611e-03
Total energy  : -1.988746971783925943e+01
***********************Self-Consistent-Field Iteration:  4 complete**********************
Scf iteration 4 took: 9.548325109999999949e-01 seconds, with 1 Chebyshev eigen solve passes.

************************Begin Self-Consistent-Field Iteration:  5 ***********************
Anderson mixing: L2 norm of electron-density difference: 2.460066713867738262e-03
Total energy  : -1.988748327906999691e+01
***********************Self-Consistent-Field Iteration:  5 complete**********************
Scf iteration 5 took: 1.124505658999999991e+00 seconds, with 1 Chebyshev eigen solve passes.

************************Begin Self-Consistent-Field Iteration:  6 ***********************
Anderson mixing: L2 norm of electron-density difference: 1.235200057045048472e-03
Total energy  : -1.988748606444027800e+01
***********************Self-Consistent-Field Iteration:  6 complete**********************
Scf iteration 6 took: 9.909526990000000479e-01 seconds, with 1 Chebyshev eigen solve passes.

************************Begin Self-Consistent-Field Iteration:  7 ***********************
Anderson mixing: L2 norm of electron-density difference: 2.240428803424858743e-04
Total energy  : -1.988748621035597353e+01
***********************Self-Consistent-Field Iteration:  7 complete**********************
Scf iteration 7 took: 1.034249634000000029e+00 seconds, with 1 Chebyshev eigen solve passes.

************************Begin Self-Consistent-Field Iteration:  8 ***********************
Anderson mixing: L2 norm of electron-density difference: 1.012998373228331196e-04
Total energy  : -1.988748622953855261e+01
***********************Self-Consistent-Field Iteration:  8 complete**********************
Scf iteration 8 took: 1.042421811000000087e+00 seconds, with 1 Chebyshev eigen solve passes.

************************Begin Self-Consistent-Field Iteration:  9 ***********************
Anderson mixing: L2 norm of electron-density difference: 6.679261301978431495e-05
Total energy  : -1.988748623610169730e+01
***********************Self-Consistent-Field Iteration:  9 complete**********************
Scf iteration 9 took: 1.105333826000000075e+00 seconds, with 1 Chebyshev eigen solve passes.

************************Begin Self-Consistent-Field Iteration: 10 ***********************
Anderson mixing: L2 norm of electron-density difference: 1.446102269227555661e-05
Total energy  : -1.988748623632431389e+01
***********************Self-Consistent-Field Iteration: 10 complete**********************
Scf iteration 10 took: 1.116217457000000080e+00 seconds, with 1 Chebyshev eigen solve passes.

************************Begin Self-Consistent-Field Iteration: 11 ***********************
Anderson mixing: L2 norm of electron-density difference: 1.267982496420264803e-05
Total energy  : -1.988748623641866331e+01
***********************Self-Consistent-Field Iteration: 11 complete**********************
Scf iteration 11 took: 1.169336906999999925e+00 seconds, with 1 Chebyshev eigen solve passes.

************************Begin Self-Consistent-Field Iteration: 12 ***********************
Anderson mixing: L2 norm of electron-density difference: 3.494214954357556930e-06
Total energy  : -1.988748623642004887e+01
***********************Self-Consistent-Field Iteration: 12 complete**********************
Scf iteration 12 took: 1.226804396999999991e+00 seconds, with 1 Chebyshev eigen solve passes.

SCF iteration converged to the specified tolerance after: 12 iterations.

Energy computations (Hartree)
-------------------------------------------------------------------------------
Band energy                                         :  -5.4852347893164746e+00
Exchange energy                                     :  -4.5015345704171228e+00
Correlation energy                                  :  -3.6104001848284845e-01
Total energy                                        :  -1.9887486236420049e+01
Total energy per atom                               :  -9.9437431182100244e+00
-------------------------------------------------------------------------------

Ion forces (Hartree/Bohr)
--------------------------------------------------------------------------------------------
AtomId    0:  4.201823889530962447e-02,2.004827403610737267e-07,1.963651243721935280e-07
AtomId    1:  -4.201972098357448920e-02,2.600169774240315896e-07,2.022725761475618195e-07
--------------------------------------------------------------------------------------------
 Maximum absolute force atom id: 1, Force vec: -4.201972098357448920e-02,2.600169774240315896e-07,2.022725761475618195e-07


+---------------------------------------------+------------+------------+
| Total wallclock time elapsed since start    | 1.613e+01s |            |
|                                             |            |            |
| Section                         | no. calls |  wall time | % of total |
+---------------------------------+-----------+------------+------------+
| Chebyshev filtering opt         |        19 | 2.575e+00s |  1.60e+01% |
| Lanczos k-step Upper Bound      |        19 | 2.068e-01s |  1.28e+00% |
| Lowden Orthogn Opt              |        19 | 1.287e-02s | 0.000e+00% |
| Rayleigh-Ritz proj Opt          |        19 | 2.053e-01s |  1.27e+00% |
| eigen vectors residuals opt     |        19 | 1.818e-01s |  1.13e+00% |
+---------------------------------+-----------+------------+------------+

Line search iteration: 1 alphaNew: 5.852147827735431074e-01 alpha: 5.256119003598211936e-01 alphaP: 6.999999999999999556e-01  eta: -2.049689366136833377e-02 etaP: 3.947360087481427415e-02
  Maximum force to be relaxed: 4.201972098357448920e-02
Auto remeshing and reinitialization of dft problem for new atom coordinates
-----------Domain bounding vectors (lattice vectors in fully periodic case)-------------
v1 : 8.000000000000000000e+01 0.000000000000000000e+00 0.000000000000000000e+00
v2 : 0.000000000000000000e+00 8.000000000000000000e+01 0.000000000000000000e+00
v3 : 0.000000000000000000e+00 0.000000000000000000e+00 8.000000000000000000e+01
-----------------------------------------------------------------------------------------
------------Cartesian coordinates of atoms (origin at center of domain)------------------
AtomId 0:  -1.057265244471291332e+00 0.000000000000000000e+00 0.000000000000000000e+00
AtomId 1:  1.057266493572252664e+00 0.000000000000000000e+00 0.000000000000000000e+00
-----------------------------------------------------------------------------------------
Adaptivity summary: 
 numCells: 2472, num refinement levels: 5, h_min: 6.250000000000000000e-01
Adaptivity summary: 
 numCells: 2472, num refinement levels: 5, h_min: 6.250000000000000000e-01

Finite element mesh information
-------------------------------------------------
number of elements: 2472
number of degrees of freedom: 77639
-------------------------------------------------
Mesh quality check after mesh movement, maximum jacobian ratio: 1.017720633466627334e+00
Volume of the domain (Bohr^3): 5.120000000000160653e+05

Reading initial guess for PSI....
Number of wavefunctions generated randomly to be used as initial guess for starting the SCF : 12


+---------------------------------------------+------------+------------+
| Total wallclock time elapsed since start    | 7.103e-01s |            |
|                                             |            |            |
| Section                         | no. calls |  wall time | % of total |
+---------------------------------+-----------+------------+------------+
| interpolate:step1               |         1 | 3.602e-01s |  5.07e+01% |
| interpolate:step2               |         1 | 3.258e-01s |  4.59e+01% |
| interpolate:step3               |         1 | 2.444e-03s |  3.44e-01% |
| interpolate:step4               |         1 | 1.119e-02s |  1.57e+00% |
| interpolate:step5               |         1 | 2.238e-03s |  3.15e-01% |
| interpolate:step6               |         1 | 6.981e-03s |  9.83e-01% |
+---------------------------------+-----------+------------+------------+

initial total charge: 9.977078780352599097e+00
initial total charge after scaling: 9.999999999999998224e+00
Adaptivity summary: 
 numCells: 2472, num refinement levels: 5, h_min: 6.250000000000000000e-01

Pseudopotential initalization....
...Reinitialization end

************************Begin Self-Consistent-Field Iteration:  1 ***********************
Total energy  : -1.988341591748682546e+01
***********************Self-Consistent-Field Iteration:  1 complete**********************
Scf iteration 1 took: 4.267314193999999894e+00 seconds, with 8 Chebyshev eigen solve passes.

************************Begin Self-Consistent-Field Iteration:  2 ***********************
Simple mixing: L2 norm of electron-density difference: 1.201100539857847312e-03
Total energy  : -1.988905220150783038e+01
***********************Self-Consistent-Field Iteration:  2 complete**********************
Scf iteration 2 took: 9.206042850000000222e-01 seconds, with 1 Chebyshev eigen solve passes.

************************Begin Self-Consistent-Field Iteration:  3 ***********************
Anderson mixing: L2 norm of electron-density difference: 8.342522062620004453e-03
Total energy  : -1.988954087962872208e+01
***********************Self-Consistent-Field Iteration:  3 complete**********************
Scf iteration 3 took: 9.334657170000000281e-01 seconds, with 1 Chebyshev eigen solve passes.

************************Begin Self-Consistent-Field Iteration:  4 ***********************
Anderson mixing: L2 norm of electron-density difference: 2.381310610721166978e-03
Total energy  : -1.988958527558329337e+01
***********************Self-Consistent-Field Iteration:  4 complete**********************
Scf iteration 4 took: 9.725421690000000119e-01 seconds, with 1 Chebyshev eigen solve passes.

************************Begin Self-Consistent-Field Iteration:  5 ***********************
Anderson mixing: L2 norm of electron-density difference: 8.150454462955709477e-04
Total energy  : -1.988958993435091926e+01
***********************Self-Consistent-Field Iteration:  5 complete**********************
Scf iteration 5 took: 9.655558739999999807e-01 seconds, with 1 Chebyshev eigen solve passes.

************************Begin Self-Consistent-Field Iteration:  6 ***********************
Anderson mixing: L2 norm of electron-density difference: 2.598591750345077551e-04
Total energy  : -1.988959034516195601e+01
***********************Self-Consistent-Field Iteration:  6 complete**********************
Scf iteration 6 took: 9.862134689999999537e-01 seconds, with 1 Chebyshev eigen solve passes.

************************Begin Self-Consistent-Field Iteration:  7 ***********************
Anderson mixing: L2 norm of electron-density difference: 1.052634285104441539e-04
Total energy  : -1.988959038456843942e+01
***********************Self-Consistent-Field Iteration:  7 complete**********************
Scf iteration 7 took: 1.151019811000000059e+00 seconds, with 1 Chebyshev eigen solve passes.

************************Begin Self-Consistent-Field Iteration:  8 ***********************
Anderson mixing: L2 norm of electron-density difference: 2.792385723649926736e-05
Total energy  : -1.988959038901518639e+01
***********************Self-Consistent-Field Iteration:  8 complete**********************
Scf iteration 8 took: 1.042961296999999954e+00 seconds, with 1 Chebyshev eigen solve passes.

************************Begin Self-Consistent-Field Iteration:  9 ***********************
Anderson mixing: L2 norm of electron-density difference: 7.306836398548905485e-06
Total energy  : -1.988959038942676472e+01
***********************Self-Consistent-Field Iteration:  9 complete**********************
Scf iteration 9 took: 1.067739597999999956e+00 seconds, with 1 Chebyshev eigen solve passes.

************************Begin Self-Consistent-Field Iteration: 10 ***********************
Anderson mixing: L2 norm of electron-density difference: 3.369654401554230364e-06
Total energy  : -1.988959038949879954e+01
***********************Self-Consistent-Field Iteration: 10 complete**********************
Scf iteration 10 took: 1.112216646999999892e+00 seconds, with 1 Chebyshev eigen solve passes.

SCF iteration converged to the specified tolerance after: 10 iterations.

Energy computations (Hartree)
-------------------------------------------------------------------------------
Band energy                                         :  -5.5126446394370134e+00
Exchange energy                                     :  -4.5179103865307795e+00
Correlation energy                                  :  -3.6163080828430261e-01
Total energy                                        :  -1.9889590389498800e+01
Total energy per atom                               :  -9.9447951947493998e+00
-------------------------------------------------------------------------------

Ion forces (Hartree/Bohr)
--------------------------------------------------------------------------------------------
AtomId    0:  4.134262673032556429e-03,6.328546860416601084e-07,1.043884730036678810e-07
AtomId    1:  -4.136137820312918954e-03,-3.777711173660259678e-07,1.430349391288218003e-07
--------------------------------------------------------------------------------------------
 Maximum absolute force atom id: 1, Force vec: -4.136137820312918954e-03,-3.777711173660259678e-07,1.430349391288218003e-07


+---------------------------------------------+------------+------------+
| Total wallclock time elapsed since start    | 1.371e+01s |            |
|                                             |            |            |
| Section                         | no. calls |  wall time | % of total |
+---------------------------------+-----------+------------+------------+
| Chebyshev filtering opt         |        17 | 2.190e+00s |  1.60e+01% |
| Lanczos k-step Upper Bound      |        17 | 1.783e-01s |  1.30e+00% |
| Lowden Orthogn Opt              |        17 | 1.112e-02s | 0.000e+00% |
| Rayleigh-Ritz proj Opt          |        17 | 1.814e-01s |  1.32e+00% |
| eigen vectors residuals opt     |        17 | 1.597e-01s |  1.16e+00% |
+---------------------------------+-----------+------------+------------+

Line search iteration: 2 alphaNew: 5.917207295351477603e-01 alpha: 5.852147827735431074e-01 alphaP: 5.256119003598211936e-01  eta: -2.017154147224010929e-03 etaP: -2.049689366136833377e-02
  Maximum force to be relaxed: 4.136137820312918954e-03
Auto remeshing and reinitialization of dft problem for new atom coordinates
-----------Domain bounding vectors (lattice vectors in fully periodic case)-------------
v1 : 8.000000000000000000e+01 0.000000000000000000e+00 0.000000000000000000e+00
v2 : 0.000000000000000000e+00 8.000000000000000000e+01 0.000000000000000000e+00
v3 : 0.000000000000000000e+00 0.000000000000000000e+00 8.000000000000000000e+01
-----------------------------------------------------------------------------------------
------------Cartesian coordinates of atoms (origin at center of domain)------------------
AtomId 0:  -1.055678434384062614e+00 0.000000000000000000e+00 0.000000000000000000e+00
AtomId 1:  1.055679697371522785e+00 0.000000000000000000e+00 0.000000000000000000e+00
-----------------------------------------------------------------------------------------
Adaptivity summary: 
 numCells: 2472, num refinement levels: 5, h_min: 6.250000000000000000e-01
Adaptivity summary: 
 numCells: 2472, num refinement levels: 5, h_min: 6.250000000000000000e-01

Finite element mesh information
-------------------------------------------------
number of elements: 2472
number of degrees of freedom: 77639
-------------------------------------------------
Mesh quality check after mesh movement, maximum jacobian ratio: 1.017870695073632925e+00
Volume of the domain (Bohr^3): 5.120000000000185100e+05

Reading initial guess for PSI....
Number of wavefunctions generated randomly to be used as initial guess for starting the SCF : 12


+---------------------------------------------+------------+------------+
| Total wallclock time elapsed since start    | 7.135e-01s |            |
|                                             |            |            |
| Section                         | no. calls |  wall time | % of total |
+---------------------------------+-----------+------------+------------+
| interpolate:step1               |         1 | 3.597e-01s |  5.04e+01% |
| interpolate:step2               |         1 | 3.296e-01s |  4.62e+01% |
| interpolate:step3               |         1 | 2.433e-03s |  3.41e-01% |
| interpolate:step4               |         1 | 1.114e-02s |  1.56e+00% |
| interpolate:step5               |         1 | 2.170e-03s |  3.04e-01% |
| interpolate:step6               |         1 | 6.967e-03s |  9.76e-01% |
+---------------------------------+-----------+------------+------------+

initial total charge: 9.996915911773553987e+00
initial total charge after scaling: 9.999999999999998224e+00
Adaptivity summary: 
 numCells: 2472, num refinement levels: 5, h_min: 6.250000000000000000e-01

Pseudopotential initalization....
...Reinitialization end

************************Begin Self-Consistent-Field Iteration:  1 ***********************
Total energy  : -1.988268815996627481e+01
***********************Self-Consistent-Field Iteration:  1 complete**********************
Scf iteration 1 took: 4.268018152999999870e+00 seconds, with 8 Chebyshev eigen solve passes.

************************Begin Self-Consistent-Field Iteration:  2 ***********************
Simple mixing: L2 norm of electron-density difference: 2.823768940238954978e-05
Total energy  : -1.988908631129244498e+01
***********************Self-Consistent-Field Iteration:  2 complete**********************
Scf iteration 2 took: 9.241540839999999868e-01 seconds, with 1 Chebyshev eigen solve passes.

************************Begin Self-Consistent-Field Iteration:  3 ***********************
Anderson mixing: L2 norm of electron-density difference: 3.308211376919628459e-03
Total energy  : -1.988969168238272189e+01
***********************Self-Consistent-Field Iteration:  3 complete**********************
Scf iteration 3 took: 9.328862749999999870e-01 seconds, with 1 Chebyshev eigen solve passes.

************************Begin Self-Consistent-Field Iteration:  4 ***********************
Anderson mixing: L2 norm of electron-density difference: 1.534553480914066298e-03
Total energy  : -1.988974977033193881e+01
***********************Self-Consistent-Field Iteration:  4 complete**********************
Scf iteration 4 took: 9.507263160000000157e-01 seconds, with 1 Chebyshev eigen solve passes.

************************Begin Self-Consistent-Field Iteration:  5 ***********************
Anderson mixing: L2 norm of electron-density difference: 5.496370547905653778e-04
Total energy  : -1.988975517161281203e+01
***********************Self-Consistent-Field Iteration:  5 complete**********************
Scf iteration 5 took: 9.596511509999999801e-01 seconds, with 1 Chebyshev eigen solve passes.

************************Begin Self-Consistent-Field Iteration:  6 ***********************
Anderson mixing: L2 norm of electron-density difference: 2.501975496322370388e-04
Total energy  : -1.988975573587758205e+01
***********************Self-Consistent-Field Iteration:  6 complete**********************
Scf iteration 6 took: 9.768775450000000138e-01 seconds, with 1 Chebyshev eigen solve passes.

************************Begin Self-Consistent-Field Iteration:  7 ***********************
Anderson mixing: L2 norm of electron-density difference: 7.543717996135616344e-05
Total energy  : -1.988975578908807762e+01
***********************Self-Consistent-Field Iteration:  7 complete**********************
Scf iteration 7 took: 1.029696233999999988e+00 seconds, with 1 Chebyshev eigen solve passes.

************************Begin Self-Consistent-Field Iteration:  8 ***********************
Anderson mixing: L2 norm of electron-density difference: 2.696925558367403556e-05
Total energy  : -1.988975579433403595e+01
***********************Self-Consistent-Field Iteration:  8 complete**********************
Scf iteration 8 took: 1.028912483999999905e+00 seconds, with 1 Chebyshev eigen solve passes.

************************Begin Self-Consistent-Field Iteration:  9 ***********************
Anderson mixing: L2 norm of electron-density difference: 1.157555138733364937e-05
Total energy  : -1.988975579471178179e+01
***********************Self-Consistent-Field Iteration:  9 complete**********************
Scf iteration 9 took: 1.073844126000000010e+00 seconds, with 1 Chebyshev eigen solve passes.

************************Begin Self-Consistent-Field Iteration: 10 ***********************
Anderson mixing: L2 norm of electron-density difference: 1.186555805466654128e-05
Total energy  : -1.988975579493948231e+01
***********************Self-Consistent-Field Iteration: 10 complete**********************
Scf iteration 10 took: 1.118367839999999891e+00 seconds, with 1 Chebyshev eigen solve passes.

************************Begin Self-Consistent-Field Iteration: 11 ***********************
Anderson mixing: L2 norm of electron-density difference: 1.366400051318594111e-06
Total energy  : -1.988975579491449253e+01
***********************Self-Consistent-Field Iteration: 11 complete**********************
Scf iteration 11 took: 1.154322010000000009e+00 seconds, with 1 Chebyshev eigen solve passes.

SCF iteration converged to the specified tolerance after: 11 iterations.

Energy computations (Hartree)
-------------------------------------------------------------------------------
Band energy                                         :  -5.5156647258557783e+00
Exchange energy                                     :  -4.5197312809473686e+00
Correlation energy                                  :  -3.6169467320568427e-01
Total energy                                        :  -1.9889755794914493e+01
Total energy per atom                               :  -9.9448778974572463e+00
-------------------------------------------------------------------------------

Ion forces (Hartree/Bohr)
--------------------------------------------------------------------------------------------
AtomId    0:  -2.449679554109840656e-04,-2.401297268276190370e-07,-1.919543430655909488e-07
AtomId    1:  2.429491845793256815e-04,-1.796982364204638806e-07,-2.200833074013364143e-07
--------------------------------------------------------------------------------------------
 Maximum absolute force atom id: 0, Force vec: -2.449679554109840656e-04,-2.401297268276190370e-07,-1.919543430655909488e-07


+---------------------------------------------+------------+------------+
| Total wallclock time elapsed since start    | 1.471e+01s |            |
|                                             |            |            |
| Section                         | no. calls |  wall time | % of total |
+---------------------------------+-----------+------------+------------+
| Chebyshev filtering opt         |        18 | 2.218e+00s |  1.51e+01% |
| Lanczos k-step Upper Bound      |        18 | 1.901e-01s |  1.29e+00% |
| Lowden Orthogn Opt              |        18 | 1.171e-02s | 0.000e+00% |
| Rayleigh-Ritz proj Opt          |        18 | 1.891e-01s |  1.29e+00% |
| eigen vectors residuals opt     |        18 | 1.694e-01s |  1.15e+00% |
+---------------------------------+-----------+------------+------------+

Line search iteration: 3 alphaNew: 5.913582897234183067e-01 alpha: 5.917207295351477603e-01 alphaP: 5.852147827735431074e-01  eta: 1.190031972477918428e-04 etaP: -2.017154147224010929e-03
  Maximum force to be relaxed: 2.449679554109840656e-04
Auto remeshing and reinitialization of dft problem for new atom coordinates
-----------Domain bounding vectors (lattice vectors in fully periodic case)-------------
v1 : 8.000000000000000000e+01 0.000000000000000000e+00 0.000000000000000000e+00
v2 : 0.000000000000000000e+00 8.000000000000000000e+01 0.000000000000000000e+00
v3 : 0.000000000000000000e+00 0.000000000000000000e+00 8.000000000000000000e+01
-----------------------------------------------------------------------------------------
------------Cartesian coordinates of atoms (origin at center of domain)------------------
AtomId 0:  -1.055766833992964893e+00 0.000000000000000000e+00 0.000000000000000000e+00
AtomId 1:  1.055768096206822104e+00 0.000000000000000000e+00 0.000000000000000000e+00
-----------------------------------------------------------------------------------------
Adaptivity summary: 
 numCells: 2472, num refinement levels: 5, h_min: 6.250000000000000000e-01
Adaptivity summary: 
 numCells: 2472, num refinement levels: 5, h_min: 6.250000000000000000e-01

Finite element mesh information
-------------------------------------------------
number of elements: 2472
number of degrees of freedom: 77639
-------------------------------------------------
Mesh quality check after mesh movement, maximum jacobian ratio: 1.017862333450584966e+00
Volume of the domain (Bohr^3): 5.120000000000170548e+05

Reading initial guess for PSI....
Number of wavefunctions generated randomly to be used as initial guess for starting the SCF : 12


+---------------------------------------------+------------+------------+
| Total wallclock time elapsed since start    | 7.129e-01s |            |
|                                             |            |            |
| Section                         | no. calls |  wall time | % of total |
+---------------------------------+-----------+------------+------------+
| interpolate:step1               |         1 | 3.599e-01s |  5.05e+01% |
| interpolate:step2               |         1 | 3.287e-01s |  4.61e+01% |
| interpolate:step3               |         1 | 2.554e-03s |  3.58e-01% |
| interpolate:step4               |         1 | 1.118e-02s |  1.57e+00% |
| interpolate:step5               |         1 | 2.015e-03s |  2.83e-01% |
| interpolate:step6               |         1 | 6.995e-03s |  9.81e-01% |
+---------------------------------+-----------+------------+------------+

initial total charge: 9.999585794356706359e+00
initial total charge after scaling: 1.000000000000000711e+01
Adaptivity summary: 
 numCells: 2472, num refinement levels: 5, h_min: 6.250000000000000000e-01

Pseudopotential initalization....
...Reinitialization end

************************Begin Self-Consistent-Field Iteration:  1 ***********************
Total energy  : -1.988243806211421827e+01
***********************Self-Consistent-Field Iteration:  1 complete**********************
Scf iteration 1 took: 4.166179609000000283e+00 seconds, with 8 Chebyshev eigen solve passes.

************************Begin Self-Consistent-Field Iteration:  2 ***********************
Simple mixing: L2 norm of electron-density difference: 2.148423289879722547e-05
Total energy  : -1.988905671344856430e+01
***********************Self-Consistent-Field Iteration:  2 complete**********************
Scf iteration 2 took: 1.053426879999999954e+00 seconds, with 1 Chebyshev eigen solve passes.

************************Begin Self-Consistent-Field Iteration:  3 ***********************
Anderson mixing: L2 norm of electron-density difference: 3.346943644175715601e-03
Total energy  : -1.988967987621032663e+01
***********************Self-Consistent-Field Iteration:  3 complete**********************
Scf iteration 3 took: 9.332811439999999514e-01 seconds, with 1 Chebyshev eigen solve passes.

************************Begin Self-Consistent-Field Iteration:  4 ***********************
Anderson mixing: L2 norm of electron-density difference: 1.826608938496512456e-03
Total energy  : -1.988974055350147196e+01
***********************Self-Consistent-Field Iteration:  4 complete**********************
Scf iteration 4 took: 9.475994290000000486e-01 seconds, with 1 Chebyshev eigen solve passes.

************************Begin Self-Consistent-Field Iteration:  5 ***********************
Anderson mixing: L2 norm of electron-density difference: 6.088610666808108671e-04
Total energy  : -1.988974624912527389e+01
***********************Self-Consistent-Field Iteration:  5 complete**********************
Scf iteration 5 took: 9.582057499999999672e-01 seconds, with 1 Chebyshev eigen solve passes.

************************Begin Self-Consistent-Field Iteration:  6 ***********************
Anderson mixing: L2 norm of electron-density difference: 3.239620770426573145e-04
Total energy  : -1.988974685294538602e+01
***********************Self-Consistent-Field Iteration:  6 complete**********************
Scf iteration 6 took: 9.821502340000000109e-01 seconds, with 1 Chebyshev eigen solve passes.

************************Begin Self-Consistent-Field Iteration:  7 ***********************
Anderson mixing: L2 norm of electron-density difference: 1.427417752790778550e-04
Total energy  : -1.988974691820034479e+01
***********************Self-Consistent-Field Iteration:  7 complete**********************
Scf iteration 7 took: 1.009925288000000032e+00 seconds, with 1 Chebyshev eigen solve passes.

************************Begin Self-Consistent-Field Iteration:  8 ***********************
Anderson mixing: L2 norm of electron-density difference: 4.194919971842575839e-05
Total energy  : -1.988974692452155324e+01
***********************Self-Consistent-Field Iteration:  8 complete**********************
Scf iteration 8 took: 1.044627326999999939e+00 seconds, with 1 Chebyshev eigen solve passes.

************************Begin Self-Consistent-Field Iteration:  9 ***********************
Anderson mixing: L2 norm of electron-density difference: 1.768359238559712878e-05
Total energy  : -1.988974692492769947e+01
***********************Self-Consistent-Field Iteration:  9 complete**********************
Scf iteration 9 took: 1.078413212999999926e+00 seconds, with 1 Chebyshev eigen solve passes.

************************Begin Self-Consistent-Field Iteration: 10 ***********************
Anderson mixing: L2 norm of electron-density difference: 1.584497992554909063e-05
Total energy  : -1.988974692524909926e+01
***********************Self-Consistent-Field Iteration: 10 complete**********************
Scf iteration 10 took: 1.238701655999999929e+00 seconds, with 1 Chebyshev eigen solve passes.

************************Begin Self-Consistent-Field Iteration: 11 ***********************
Anderson mixing: L2 norm of electron-density difference: 4.046570241059534853e-06
Total energy  : -1.988974692525589916e+01
***********************Self-Consistent-Field Iteration: 11 complete**********************
Scf iteration 11 took: 1.174867105999999994e+00 seconds, with 1 Chebyshev eigen solve passes.

SCF iteration converged to the specified tolerance after: 11 iterations.

Energy computations (Hartree)
-------------------------------------------------------------------------------
Band energy                                         :  -5.5154991083961811e+00
Exchange energy                                     :  -4.5196304020155811e+00
Correlation energy                                  :  -3.6169112635973022e-01
Total energy                                        :  -1.9889746925255899e+01
Total energy per atom                               :  -9.9448734626279496e+00
-------------------------------------------------------------------------------

Ion forces (Hartree/Bohr)
--------------------------------------------------------------------------------------------
AtomId    0:  2.774886496019045995e-06,-7.274390672493194477e-07,-5.818956453388594158e-07
AtomId    1:  -2.881165716705266083e-06,-7.846865481159395327e-07,-7.216239780419471395e-07
--------------------------------------------------------------------------------------------
 Maximum absolute force atom id: 1, Force vec: -2.881165716705266083e-06,-7.846865481159395327e-07,-7.216239780419471395e-07


+---------------------------------------------+------------+------------+
| Total wallclock time elapsed since start    | 1.488e+01s |            |
|                                             |            |            |
| Section                         | no. calls |  wall time | % of total |
+---------------------------------+-----------+------------+------------+
| Chebyshev filtering opt         |        18 | 2.214e+00s |  1.49e+01% |
| Lanczos k-step Upper Bound      |        18 | 1.889e-01s |  1.27e+00% |
| Lowden Orthogn Opt              |        18 | 1.160e-02s | 0.000e+00% |
| Rayleigh-Ritz proj Opt          |        18 | 1.889e-01s |  1.27e+00% |
| eigen vectors residuals opt     |        18 | 1.689e-01s |  1.14e+00% |
+---------------------------------+-----------+------------+------------+

 CG- d_beta: -1.159486760124196284e-05
 Negative d_beta- setting it to zero 
Conjugate Gradient converged after 1 iterations.
 ...CG Ion force relaxation completed as maximum force magnitude is less than force relaxation tolerance: 5.000000000000000240e-05, total number of ion position updates: 5


+-----------------------------------------------+------------+------------+
| Total wallclock time elapsed since start      | 1.136e+02s |            |
|                                               |            |            |
| Section                           | no. calls |  wall time | % of total |
+-----------------------------------+-----------+------------+------------+
| Chebyshev solve                   |       110 | 2.211e+01s |  1.95e+01% |
| Hamiltonian Matrix Computation    |       110 | 3.112e+01s |  2.74e+01% |
| VEff Computation                  |        69 | 7.404e-01s |  6.52e-01% |
| compute rho                       |        69 | 2.955e-01s |  2.60e-01% |
| density mixing                    |        69 | 9.773e+00s |  8.61e+00% |
| init density from prev gs density |         5 | 3.662e+00s |  3.22e+00% |
| init electronic fields            |         6 | 5.590e+00s |  4.92e+00% |
| initialize density                |         1 | 3.023e-02s | 0.000e+00% |
| initialize wave functions         |         6 | 2.605e-02s | 0.000e+00% |
| ion force                         |         6 | 8.630e-01s |  7.60e-01% |
| locate atom nodes                 |         6 | 6.069e-02s | 0.000e+00% |
| mesh generation                   |         6 | 1.159e+00s |  1.02e+00% |
| moved setup                       |         6 | 3.360e+00s |  2.96e+00% |
| phiTot solve                      |       138 | 2.552e+01s |  2.25e+01% |
| psp init                          |         6 | 1.464e-01s |  1.29e-01% |
| scf solve                         |         6 | 9.204e+01s |  8.10e+01% |
| shapefunction data                |         6 | 4.626e-01s |  4.07e-01% |
| unmoved setup                     |         6 | 5.925e+00s |  5.22e+00% |
| vself solve                       |         6 | 2.594e+00s |  2.28e+00% |
+-----------------------------------+-----------+------------+------------+

