==========================================================================================================
==========================================================================================================
			Welcome to the Open Source program DFT-FE development version			        
This is a C++ code for materials modeling from first principles using Kohn-Sham density functional theory.
This is a real-space code for periodic, semi-periodic and non-periodic pseudopotential
and all-electron calculations, and is based on adaptive finite-element discretization.
For further details, and citing, please refer to our website: https://sites.google.com/umich.edu/dftfe
==========================================================================================================
 DFT-FE Principal developers and Mentors (alphabetically) :									
														
 Sambit Das               - University of Michigan, Ann Arbor
 Vikram Gavini (Mentor)   - University of Michigan, Ann Arbor
 Krishnendu Ghosh         - University of Michigan, Ann Arbor
 Phani Motamarri          - University of Michigan, Ann Arbor
 Shiva Rudraraju          - University of Wisconsin-Madison  
 (A complete list of the many authors that have contributed to DFT-FE can be found in the authors file)
==========================================================================================================
 	     Copyright (c) 2017-2019 The Regents of the University of Michigan and DFT-FE authors         
 			DFT-FE is published under [LGPL v2.1 or newer] 				
==========================================================================================================
==========================================================================================================
set H REFINED ELECTROSTATICS = true
set P REFINED ELECTROSTATICS = false
set REPRODUCIBLE OUTPUT      = false
set VERBOSITY                = 1
subsection Boundary conditions
  set CONSTRAINTS FROM SERIAL DOFHANDLER = true
  set CONSTRAINTS PARALLEL CHECK         = true
  set PERIODIC1                          = true
  set PERIODIC2                          = true
  set PERIODIC3                          = true
  set SELF POTENTIAL RADIUS              = 0.0
end
subsection Brillouin zone k point sampling options
  set USE GROUP SYMMETRY         = false
  set USE TIME REVERSAL SYMMETRY = true
  set kPOINT RULE FILE           = 
  subsection Monkhorst-Pack (MP) grid generation
    set SAMPLING POINTS 1 = 2
    set SAMPLING POINTS 2 = 2
    set SAMPLING POINTS 3 = 2
    set SAMPLING SHIFT 1  = 1
    set SAMPLING SHIFT 2  = 1
    set SAMPLING SHIFT 3  = 1
  end
end
subsection Checkpointing and Restart
  set CHK TYPE         = 0
  set RESTART FROM CHK = false
end
subsection DFT functional parameters
  set EXCHANGE CORRELATION TYPE       = 1
  set PSEUDOPOTENTIAL CALCULATION     = true
  set PSEUDOPOTENTIAL FILE NAMES LIST = pseudo.inp
  set PSEUDO TESTS FLAG               = false
  set SPIN POLARIZATION               = 0
  set START MAGNETIZATION             = 0.0
end
subsection Finite element mesh parameters
  set MESH FILE        = 
  set POLYNOMIAL ORDER = 4
  subsection Auto mesh generation parameters
    set ATOM BALL RADIUS             = 2.0
    set AUTO USER MESH PARAMS        = true
    set BASE MESH SIZE               = 0.0
    set ERROR ESTIMATE WAVEFUNCTIONS = 5
    set INNER ATOM BALL RADIUS       = 0.0
    set MESH ADAPTION                = false
    set MESH SIZE AROUND ATOM        = 0.5
    set MESH SIZE AT ATOM            = 0.0
    set NUM LEVELS                   = 10
    set TOLERANCE FOR MESH ADAPTION  = 1
    set TOP FRAC                     = 0.1
  end
end
subsection Geometry
  set ATOMIC COORDINATES FILE = coordinates.inp
  set DOMAIN VECTORS FILE     = domainBoundingVectors.inp
  set NATOMS                  = 4
  set NATOM TYPES             = 1
  subsection Optimization
    set CELL CONSTRAINT TYPE      = 12
    set CELL OPT                  = false
    set CELL STRESS               = true
    set FORCE TOL                 = 1e-4
    set ION FORCE                 = false
    set ION OPT                   = false
    set ION RELAX FLAGS FILE      = 
    set NON SELF CONSISTENT FORCE = false
    set REUSE WFC                 = false
    set STRESS TOL                = 1e-6
  end
end
subsection Parallelization
  set BAND PARAL OPT           = true
  set MPI ALLREDUCE BLOCK SIZE = 100.0
  set NPBAND                   = 1
  set NPKPT                    = 2
end
subsection Poisson problem parameters
  set MAXIMUM ITERATIONS = 10000
  set TOLERANCE          = 1e-10
end
subsection Postprocessing
  set WRITE DENSITY                 = false
  set WRITE DENSITY OF STATES       = false
  set WRITE LOCAL DENSITY OF STATES = false
  set WRITE WFC                     = false
end
subsection SCF parameters
  set COMPUTE ENERGY EACH ITER = true
  set CONSTRAINT MAGNETIZATION = false
  set HIGHER QUAD NLP          = true
  set MAXIMUM ITERATIONS       = 50
  set MIXING HISTORY           = 70
  set MIXING METHOD            = ANDERSON
  set MIXING PARAMETER         = 0.5
  set STARTING WFC             = RANDOM
  set TEMPERATURE              = 500
  set TOLERANCE                = 5e-5
  subsection Eigen-solver parameters
    set ADAPTIVE FILTER STATES              = 0
    set ALGO                                = NORMAL
    set BATCH GEMM                          = true
    set CHEBYSHEV FILTER TOLERANCE          = 2e-02
    set CHEBYSHEV POLYNOMIAL DEGREE         = 0
    set CHEBY WFC BLOCK SIZE                = 400
    set ENABLE SUBSPACE ROT PGS OPT         = true
    set ENABLE SWITCH TO GS                 = true
    set LOWER BOUND UNWANTED FRAC UPPER     = 0
    set LOWER BOUND WANTED SPECTRUM         = -10.0
    set NUMBER OF KOHN-SHAM WAVEFUNCTIONS   = 20
    set ORTHOGONALIZATION TYPE              = Auto
    set RR GEP                              = true
    set SCALAPACKPROCS                      = 0
    set SCALAPACK BLOCK SIZE                = 50
    set SPECTRUM SPLIT CORE EIGENSTATES     = 0
    set SPECTRUM SPLIT STARTING SCF ITER    = 0
    set SUBSPACE ROT DOFS BLOCK SIZE        = 5000
    set USE ELPA                            = false
    set USE MIXED PREC PGS O                = false
    set USE MIXED PREC PGS SR               = false
    set USE MIXED PREC RR_SR SPECTRUM SPLIT = false
    set USE MIXED PREC XTHX SPECTRUM SPLIT  = false
    set WFC BLOCK SIZE                      = 400
  end
end
Setting ORTHOGONALIZATION TYPE=PGS for pseudopotential calculations 
=================================MPI Parallelization=========================================
Total number of MPI tasks: 32
k-point parallelization processor groups: 2
Band parallelization processor groups: 1
Number of MPI tasks for finite-element domain decomposition: 16
============================================================================================
number of atoms: 4
number of atoms types: 1
Total number of k-points 8
-----------Reciprocal vectors along which the MP grid is to be generated-------------
G1 : 8.267349088394193579e-01 0.000000000000000000e+00 0.000000000000000000e+00
G2 : 0.000000000000000000e+00 8.267349088394193579e-01 0.000000000000000000e+00
G3 : 0.000000000000000000e+00 0.000000000000000000e+00 8.267349088394193579e-01
 number of irreducible k-points 4
Reduced k-Point-coordinates and weights: 
      1:       0.25000       0.25000      0.25000      0.25000
      2:       0.25000       0.25000     -0.25000      0.25000
      3:       0.25000      -0.25000      0.25000      0.25000
      4:       0.25000      -0.25000     -0.25000      0.25000

Reading Pseudo-potential data for each atom from the list given in : pseudo.inp
 Reading Pseudopotential File: Al_KB_LDA.upf, with atomic number: 13
Atomic system initialization, wall time: 0.0828335s.
-----------Simulation Domain bounding vectors (lattice vectors in fully periodic case)-------------
v1 : 7.599999999999999645e+00 0.000000000000000000e+00 0.000000000000000000e+00
v2 : 0.000000000000000000e+00 7.599999999999999645e+00 0.000000000000000000e+00
v3 : 0.000000000000000000e+00 0.000000000000000000e+00 7.599999999999999645e+00
-----------------------------------------------------------------------------------------
-----Fractional coordinates of atoms------ 
AtomId 0:  0.000000000000000000e+00 0.000000000000000000e+00 0.000000000000000000e+00
AtomId 1:  0.000000000000000000e+00 5.000000000000000000e-01 5.000000000000000000e-01
AtomId 2:  5.000000000000000000e-01 0.000000000000000000e+00 5.000000000000000000e-01
AtomId 3:  5.000000000000000000e-01 5.000000000000000000e-01 0.000000000000000000e+00
-----------------------------------------------------------------------------------------

Finite element mesh information
-------------------------------------------------
number of elements: 1408
number of degrees of freedom: 108689
Minimum mesh size: 4.749999999999983125e-01
-------------------------------------------------
Determining the ball radius around the atom for nuclear self-potential solve... 
...Adaptively set ball radius: 2.750000000000000000e+00
Volume of the domain (Bohr^3): 4.389760000000155742e+02

Setting initial guess for wavefunctions....
Number of wavefunctions generated randomly to be used as initial guess for starting the SCF : 20
=============================================================================================================================
number of electrons: 12
number of eigen values: 20
=============================================================================================================================

Reading initial guess for electron-density.....
Initial total charge: 1.200000000000000355e+01

Pseudopotential initalization....
KSDFT problem initialization, wall time: 11.5905s.
Nuclear self-potential solve, wall time: 2.08203s.

************************Begin Self-Consistent-Field Iteration:  1 ***********************
Total energy  : -8.372602998793253093e+00
***********************Self-Consistent-Field Iteration:  1 complete**********************
Wall time for the above scf iteration: 3.969318013400000211e+01 seconds
Number of Chebyshev filtered subspace iterations: 7

************************Begin Self-Consistent-Field Iteration:  2 ***********************
Simple mixing, L2 norm of electron-density difference: 6.480841046743736344e-02
Total energy  : -8.372855757609084293e+00
***********************Self-Consistent-Field Iteration:  2 complete**********************
Wall time for the above scf iteration: 6.199198727999999825e+00 seconds
Number of Chebyshev filtered subspace iterations: 1

************************Begin Self-Consistent-Field Iteration:  3 ***********************
L2 norm of electron-density difference: 3.118542222833835253e-02
Total energy  : -8.372892088905530272e+00
***********************Self-Consistent-Field Iteration:  3 complete**********************
Wall time for the above scf iteration: 6.218216263000000410e+00 seconds
Number of Chebyshev filtered subspace iterations: 1

************************Begin Self-Consistent-Field Iteration:  4 ***********************
L2 norm of electron-density difference: 1.478195631277642863e-03
Total energy  : -8.372896437536047287e+00
***********************Self-Consistent-Field Iteration:  4 complete**********************
Wall time for the above scf iteration: 6.167850736000000111e+00 seconds
Number of Chebyshev filtered subspace iterations: 1

************************Begin Self-Consistent-Field Iteration:  5 ***********************
L2 norm of electron-density difference: 6.680108734420734653e-04
Total energy  : -8.372896899565789752e+00
***********************Self-Consistent-Field Iteration:  5 complete**********************
Wall time for the above scf iteration: 6.170420682999999684e+00 seconds
Number of Chebyshev filtered subspace iterations: 1

************************Begin Self-Consistent-Field Iteration:  6 ***********************
L2 norm of electron-density difference: 1.681563074640180118e-04
Total energy  : -8.372896954065829789e+00
***********************Self-Consistent-Field Iteration:  6 complete**********************
Wall time for the above scf iteration: 6.353603189000000206e+00 seconds
Number of Chebyshev filtered subspace iterations: 1

************************Begin Self-Consistent-Field Iteration:  7 ***********************
L2 norm of electron-density difference: 5.268404539524944817e-05
Total energy  : -8.372896961383720082e+00
***********************Self-Consistent-Field Iteration:  7 complete**********************
Wall time for the above scf iteration: 6.327317462999999975e+00 seconds
Number of Chebyshev filtered subspace iterations: 1

************************Begin Self-Consistent-Field Iteration:  8 ***********************
L2 norm of electron-density difference: 1.819718092070493666e-05
Total energy  : -8.372896961092376245e+00
***********************Self-Consistent-Field Iteration:  8 complete**********************
Wall time for the above scf iteration: 6.367928661999999740e+00 seconds
Number of Chebyshev filtered subspace iterations: 1

SCF iterations converged to the specified tolerance after: 8 iterations.
 Printing KS eigen values (spin split if this is a spin polarized calculation ) and fractional occupancies for kPoint 0
  
0 : -4.441731780533514917e-01       1.000000000000000000e+00
1 : -2.809404375139484267e-01       1.000000000000000000e+00
2 : -2.809403327009913909e-01       1.000000000000000000e+00
3 : -2.809403068539571557e-01       1.000000000000000000e+00
4 : -1.222854846023083697e-01       6.666762423222994949e-01
5 : -1.222853994003753886e-01       6.666642847674194572e-01
6 : -1.222853646715992282e-01       6.666594107408028158e-01
7 : 3.239595596460908417e-02       7.502780302997940686e-43
8 : 4.016900530801043728e-02       5.536563149049667396e-45
9 : 4.016911967055964566e-02       5.536163281470143317e-45
10 : 4.016914632866337015e-02       5.536070075811445961e-45
11 : 1.641383083558512479e-01       5.509336981869209832e-79
12 : 1.641384194785049933e-01       5.508950352808630749e-79
13 : 1.641407942269169640e-01       5.500694372932953562e-79
14 : 2.261764668983969606e-01       5.313161787250471022e-96
15 : 2.261780754263819915e-01       5.307767067607857332e-96
16 : 2.261959491149576618e-01       5.248189200161943315e-96
17 : 3.051492601702062712e-01       1.160905640395358888e-117
18 : 3.053033625002170570e-01       1.053246276576207152e-117
19 : 4.461187054686720499e-01       2.511185871414590244e-156
============================================================================================================
 Printing KS eigen values (spin split if this is a spin polarized calculation ) and fractional occupancies for kPoint 1
  
0 : -4.441731780918970474e-01       1.000000000000000000e+00
1 : -2.809404227709160762e-01       1.000000000000000000e+00
2 : -2.809403688610260241e-01       1.000000000000000000e+00
3 : -2.809402848182571133e-01       1.000000000000000000e+00
4 : -1.222854676686744718e-01       6.666738658104702786e-01
5 : -1.222854374964258278e-01       6.666696313347639791e-01
6 : -1.222853442958472675e-01       6.666565510796116367e-01
7 : 3.239593987262823216e-02       7.502856553329268240e-43
8 : 4.016900470578921994e-02       5.536565254786907913e-45
9 : 4.016907717629940311e-02       5.536311858880220815e-45
10 : 4.016914779478740483e-02       5.536064949796386184e-45
11 : 1.641383391209680354e-01       5.509229938079134925e-79
12 : 1.641384365031360870e-01       5.508891121404813088e-79
13 : 1.641389223149863075e-01       5.507201172932277482e-79
14 : 2.261764688777676002e-01       5.313155145421559848e-96
15 : 2.261769049451536617e-01       5.311692112511171370e-96
16 : 2.261837771712160439e-01       5.288688501715700687e-96
17 : 3.051307132075802286e-01       1.174583669118602280e-117
18 : 3.051906038109118979e-01       1.130986030436856824e-117
19 : 4.370379213289682929e-01       7.772212180067918529e-154
============================================================================================================
 Printing KS eigen values (spin split if this is a spin polarized calculation ) and fractional occupancies for kPoint 2
  
0 : -4.441731780764277548e-01       1.000000000000000000e+00
1 : -2.809404331349136807e-01       1.000000000000000000e+00
2 : -2.809403331160967854e-01       1.000000000000000000e+00
3 : -2.809403104563148457e-01       1.000000000000000000e+00
4 : -1.222854735811322729e-01       6.666746955816990061e-01
5 : -1.222854002454571293e-01       6.666644033703744698e-01
6 : -1.222853748675957336e-01       6.666608417064793235e-01
7 : 3.239593879729790044e-02       7.502861648708200796e-43
8 : 4.016900212835210204e-02       5.536574267107863746e-45
9 : 4.016911247646946098e-02       5.536188434687681109e-45
10 : 4.016911848184689937e-02       5.536167437644586296e-45
11 : 1.641383729332639707e-01       5.509112294368316961e-79
12 : 1.641384299641105993e-01       5.508913871640888379e-79
13 : 1.641393869334935030e-01       5.505585432762375314e-79
14 : 2.261764630054870773e-01       5.313174850033614048e-96
15 : 2.261770578019076383e-01       5.311179364061518207e-96
16 : 2.261811859729786212e-01       5.297350374950597518e-96
17 : 3.051326599460987832e-01       1.173140449495503918e-117
18 : 3.052253793579461361e-01       1.106417530811763753e-117
19 : 4.388129587650410057e-01       2.533317739926946930e-154
============================================================================================================
 Printing KS eigen values (spin split if this is a spin polarized calculation ) and fractional occupancies for kPoint 3
  
0 : -4.441731780514122097e-01       1.000000000000000000e+00
1 : -2.809404163810421684e-01       1.000000000000000000e+00
2 : -2.809403664867522465e-01       1.000000000000000000e+00
3 : -2.809402939821233347e-01       1.000000000000000000e+00
4 : -1.222854626122237692e-01       6.666731561729054567e-01
5 : -1.222854410231891814e-01       6.666701262940823991e-01
6 : -1.222853460040436158e-01       6.666567908191024516e-01
7 : 3.239594382849791954e-02       7.502837808742525812e-43
8 : 4.016901418492482834e-02       5.536532109968038708e-45
9 : 4.016907751068306276e-02       5.536310689721879762e-45
10 : 4.016914244371690146e-02       5.536083658787760437e-45
11 : 1.641383227792037325e-01       5.509286797165200210e-79
12 : 1.641383600528101561e-01       5.509157109259622183e-79
13 : 1.641387698326716993e-01       5.507731543139745664e-79
14 : 2.261766230724713278e-01       5.312637766655684990e-96
15 : 2.261767986871844605e-01       5.312048577408432738e-96
16 : 2.261799219273489259e-01       5.301580981176654851e-96
17 : 3.051326589775681941e-01       1.173141167077114834e-117
18 : 3.052082274026441389e-01       1.118467746157093539e-117
19 : 4.385778146408638167e-01       2.938899210107035771e-154
============================================================================================================

Energy computations (Hartree)
-------------------------------------------------------------------------------
Band energy                                         :  -3.0631301751663624e+00
Exchange energy                                     :  -2.6885381836343241e+00
Correlation energy                                  :  -5.3544034081188430e-01
Total energy                                        :  -8.3728969610923762e+00
Total energy per atom                               :  -2.0932242402730941e+00
-------------------------------------------------------------------------------
Total scf solve, wall time: 84.5514s.

Cell stress (Hartree/Bohr^3)
------------------------------------------------------------------------
3.793170675453094341e-05  1.223549339690913699e-11  4.933967289843861540e-11
1.223570334549136399e-11  3.793154024332137160e-05  5.196112019229227793e-10
4.933966930080271490e-11  5.196112969040117857e-10  3.793170850536087285e-05
------------------------------------------------------------------------
Cell stress computation, wall time: 6.45671s.

------------------DFT-FE ground-state solve completed---------------------------


+---------------------------------------------+------------+------------+
| Total wallclock time elapsed since start    | 1.053e+02s |            |
|                                             |            |            |
| Section                         | no. calls |  wall time | % of total |
+---------------------------------+-----------+------------+------------+
| Atomic system initialization    |         1 | 8.283e-02s | 0.000e+00% |
| Cell stress computation         |         1 | 6.457e+00s |  6.13e+00% |
| KSDFT problem initialization    |         1 | 1.159e+01s |  1.10e+01% |
| Nuclear self-potential solve    |         1 | 2.082e+00s |  1.98e+00% |
| Total scf solve                 |         1 | 8.455e+01s |  8.03e+01% |
+---------------------------------+-----------+------------+------------+

=============================================================================================
DFT-FE Program ends. Elapsed wall time since start of the program: 1.053483844092115760e+02 seconds.
=============================================================================================
