set REPRODUCIBLE OUTPUT   = false
set VERBOSITY             = 1
set WRITE SOLUTION FIELDS = false
subsection Boundary conditions
  set PERIODIC1                       = true
  set PERIODIC2                       = true
  set PERIODIC3                       = true
  set SELF POTENTIAL ATOM BALL RADIUS = 0.0
end
subsection Brillouin zone k point sampling options
  set USE GROUP SYMMETRY         = false
  set USE TIME REVERSAL SYMMETRY = true
  set kPOINT RULE FILE           = 
  subsection Monkhorst-Pack (MP) grid generation
    set SAMPLING POINTS 1 = 2
    set SAMPLING POINTS 2 = 2
    set SAMPLING POINTS 3 = 2
    set SAMPLING SHIFT 1  = 0.0
    set SAMPLING SHIFT 2  = 0.0
    set SAMPLING SHIFT 3  = 0.0
  end
end
subsection Checkpointing and Restart
  set CHK TYPE         = 0
  set RESTART FROM CHK = false
end
subsection DFT functional related parameters
  set EXCHANGE CORRELATION TYPE       = 1
  set PSEUDOPOTENTIAL CALCULATION     = true
  set PSEUDOPOTENTIAL FILE NAMES LIST = pseudo.inp
  set PSEUDO TESTS FLAG               = false
  set SPIN POLARIZATION               = 0
  set START MAGNETIZATION             = 0.0
end
subsection Finite element mesh parameters
  set CACHE SHAPE GRAD = false
  set MESH FILE        = 
  set POLYNOMIAL ORDER = 4
  subsection Auto mesh generation parameters
    set ATOM BALL RADIUS     = 2.0
    set BASE MESH SIZE       = 4.0
    set MAX REFINEMENT STEPS = 10
    set MESH SIZE ATOM BALL  = 0.5
    set MESH SIZE NEAR ATOM  = 0.5
  end
end
subsection Geometry
  set ATOMIC COORDINATES FILE      = coordinates.inp
  set DOMAIN BOUNDING VECTORS FILE = domainBoundingVectors.inp
  subsection Optimization
    set CELL CONSTRAINT TYPE      = 1
    set CELL OPT                  = true
    set CELL STRESS               = false
    set FORCE TOL                 = 1e-4
    set ION FORCE                 = false
    set ION OPT                   = false
    set ION RELAX FLAGS FILE      = 
    set NON SELF CONSISTENT FORCE = false
    set STRESS TOL                = 1e-6
  end
end
subsection Parallelization
  set NPBAND = 1
  set NPKPT  = 2
end
subsection Poisson problem parameters
  set MAXIMUM ITERATIONS = 5000
  set P REFINEMENT       = false
  set TOLERANCE          = 1e-12
end
subsection SCF parameters
  set ANDERSON SCHEME MIXING HISTORY   = 70
  set ANDERSON SCHEME MIXING PARAMETER = 0.5
  set COMPUTE ENERGY EACH ITER         = true
  set MAXIMUM ITERATIONS               = 50
  set STARTING WFC                     = RANDOM
  set TEMPERATURE                      = 500
  set TOLERANCE                        = 5e-6
  subsection Eigen-solver/Chebyshev solver related parameters
    set BATCH GEMM                        = true
    set CHEBYSHEV FILTER BLOCK SIZE       = 400
    set CHEBYSHEV FILTER NUM OMP THREADS  = 0
    set CHEBYSHEV FILTER PASSES           = 1
    set CHEBYSHEV FILTER TOLERANCE        = 5e-02
    set CHEBYSHEV POLYNOMIAL DEGREE       = 0
    set ENABLE SWITCH TO GS               = true
    set LOWER BOUND WANTED SPECTRUM       = -10.0
    set NUMBER OF KOHN-SHAM WAVEFUNCTIONS = 20
    set ORTHOGONALIZATION TYPE            = LW
    set ORTHO RR NUM OMP THREADS          = 0
    set ORTHO RR WFC BLOCK SIZE           = 200
    set SCALAPACKPROCS                    = 0
    set SUBSPACE ROT DOFS BLOCK SIZE      = 800
  end
end
=================================MPI Parallelization=========================================
Total number of MPI tasks: 32
k-point parallelization processor groups: 2
Band parallelization processor groups: 1
Number of MPI tasks for finite-element domain decomposition: 16
============================================================================================
number of atoms: 4
number of atoms types: 1
Total number of k-points 8
 number of irreducible k-points 8
Reduced k-Point-coordinates and weights: 
      1:       0.00000       0.00000      0.00000      0.12500
      2:       0.00000       0.00000      0.50000      0.12500
      3:       0.00000       0.50000      0.00000      0.12500
      4:       0.00000       0.50000      0.50000      0.12500
      5:       0.50000       0.00000      0.00000      0.12500
      6:       0.50000       0.00000      0.50000      0.12500
      7:       0.50000       0.50000      0.00000      0.12500
      8:       0.50000       0.50000      0.50000      0.12500

Reading Pseudo-potential data for each atom from the list given in : pseudo.inp
-----------Simulation Domain bounding vectors (lattice vectors in fully periodic case)-------------
v1 : 7.599999999999999645e+00 0.000000000000000000e+00 0.000000000000000000e+00
v2 : 0.000000000000000000e+00 7.599999999999999645e+00 0.000000000000000000e+00
v3 : 0.000000000000000000e+00 0.000000000000000000e+00 7.599999999999999645e+00
-----------------------------------------------------------------------------------------
-----Fractional coordinates of atoms------ 
AtomId 0:  0.000000000000000000e+00 0.000000000000000000e+00 0.000000000000000000e+00
AtomId 1:  0.000000000000000000e+00 5.000000000000000000e-01 5.000000000000000000e-01
AtomId 2:  5.000000000000000000e-01 0.000000000000000000e+00 5.000000000000000000e-01
AtomId 3:  5.000000000000000000e-01 5.000000000000000000e-01 0.000000000000000000e+00
-----------------------------------------------------------------------------------------

Finite element mesh information
-------------------------------------------------
number of elements: 1408
number of degrees of freedom: 108689
-------------------------------------------------
Determining the ball radius around the atom for nuclear self-potential solve... 
...Adaptively set ball radius: 2.750000000000000000e+00
DFT-FE warning: Tried to adaptively determine the ball radius for nuclear self-potential solve and was found to be less than 3.0, which can detoriate the accuracy of the KSDFT groundstate energy and forces. One approach to overcome this issue is to use a larger super cell with smallest periodic dimension greater than 6.0 (twice of 3.0), assuming an orthorhombic domain. If that is not feasible, you may need more h refinement of the finite element mesh around the atoms to achieve the desired accuracy.
Volume of the domain (Bohr^3): 4.389760000000155742e+02

Setting initial guess for wavefunctions....
Number of wavefunctions generated randomly to be used as initial guess for starting the SCF : 20

Reading initial guess for electron-density.....
Initial total charge: 1.199999999999980282e+01

Pseudopotential initalization....
Pre-processing steps, wall time: 64.1577s.
Nuclear self-potential solve, wall time: 3.37549s.

************************Begin Self-Consistent-Field Iteration:  1 ***********************
Total energy  : -8.319339227213481180e+00
***********************Self-Consistent-Field Iteration:  1 complete**********************
Wall time for the above scf iteration: 8.577409409199999857e+01 seconds
Number of Chebyshev filtered subspace iterations: 7

************************Begin Self-Consistent-Field Iteration:  2 ***********************
Simple mixing, L2 norm of electron-density difference: 6.259786970381438220e-03
Total energy  : -8.323850156250806265e+00
***********************Self-Consistent-Field Iteration:  2 complete**********************
Wall time for the above scf iteration: 1.312000679800000036e+01 seconds
Number of Chebyshev filtered subspace iterations: 1

************************Begin Self-Consistent-Field Iteration:  3 ***********************
Anderson mixing, L2 norm of electron-density difference: 3.938907963878667678e-02
Total energy  : -8.324260083228182339e+00
***********************Self-Consistent-Field Iteration:  3 complete**********************
Wall time for the above scf iteration: 1.315552842900000030e+01 seconds
Number of Chebyshev filtered subspace iterations: 1

************************Begin Self-Consistent-Field Iteration:  4 ***********************
Anderson mixing, L2 norm of electron-density difference: 1.514243279173770398e-02
Total energy  : -8.324837738949693033e+00
***********************Self-Consistent-Field Iteration:  4 complete**********************
Wall time for the above scf iteration: 1.322148968599999996e+01 seconds
Number of Chebyshev filtered subspace iterations: 1

************************Begin Self-Consistent-Field Iteration:  5 ***********************
Anderson mixing, L2 norm of electron-density difference: 2.126739347252941132e-03
Total energy  : -8.324852116034630711e+00
***********************Self-Consistent-Field Iteration:  5 complete**********************
Wall time for the above scf iteration: 1.326239094800000018e+01 seconds
Number of Chebyshev filtered subspace iterations: 1

************************Begin Self-Consistent-Field Iteration:  6 ***********************
Anderson mixing, L2 norm of electron-density difference: 8.074119761551127542e-04
Total energy  : -8.324852749913684846e+00
***********************Self-Consistent-Field Iteration:  6 complete**********************
Wall time for the above scf iteration: 1.310667152399999935e+01 seconds
Number of Chebyshev filtered subspace iterations: 1

************************Begin Self-Consistent-Field Iteration:  7 ***********************
Anderson mixing, L2 norm of electron-density difference: 3.166137669853904949e-04
Total energy  : -8.324852868730792110e+00
***********************Self-Consistent-Field Iteration:  7 complete**********************
Wall time for the above scf iteration: 1.308990015200000023e+01 seconds
Number of Chebyshev filtered subspace iterations: 1

************************Begin Self-Consistent-Field Iteration:  8 ***********************
Anderson mixing, L2 norm of electron-density difference: 6.965356690851563369e-05
Total energy  : -8.324852878409370049e+00
***********************Self-Consistent-Field Iteration:  8 complete**********************
Wall time for the above scf iteration: 1.294176980599999993e+01 seconds
Number of Chebyshev filtered subspace iterations: 1

************************Begin Self-Consistent-Field Iteration:  9 ***********************
Anderson mixing, L2 norm of electron-density difference: 1.988077647598666356e-05
Total energy  : -8.324852878963113767e+00
***********************Self-Consistent-Field Iteration:  9 complete**********************
Wall time for the above scf iteration: 1.321951010599999954e+01 seconds
Number of Chebyshev filtered subspace iterations: 1

************************Begin Self-Consistent-Field Iteration: 10 ***********************
Anderson mixing, L2 norm of electron-density difference: 4.899394892198225771e-06
Total energy  : -8.324852879062763833e+00
***********************Self-Consistent-Field Iteration: 10 complete**********************
Wall time for the above scf iteration: 1.307188966800000074e+01 seconds
Number of Chebyshev filtered subspace iterations: 1

SCF iteration converged to the specified tolerance after: 10 iterations.

Energy computations (Hartree)
-------------------------------------------------------------------------------
Band energy                                         :  -3.0745904237846675e+00
Exchange energy                                     :  -2.6889406935579716e+00
Correlation energy                                  :  -5.3548030880623776e-01
Total energy                                        :  -8.3248528790627638e+00
Total energy per atom                               :  -2.0812132197656910e+00
-------------------------------------------------------------------------------
Total scf solve, wall time: 204.43s.

Cell stress (Hartree/Bohr^3)
------------------------------------------------------------------------
2.206289372994915774e-04  9.473159972064544398e-12  -2.989627874437454539e-11
9.469733678224281749e-12  2.206291726381735233e-04  -5.471717400584034413e-11
-2.989587892093343130e-11  -5.471643254168440176e-11  2.206293904772968365e-04
------------------------------------------------------------------------
Cell stress computation, wall time: 3.64768s.
 Starting Cell stress relaxation using nonlinear CG solver... 
-----------Simulation Domain bounding vectors (lattice vectors in fully periodic case)-------------
v1 : 7.526393309063183601e+00 0.000000000000000000e+00 0.000000000000000000e+00
v2 : 0.000000000000000000e+00 7.526393309063183601e+00 0.000000000000000000e+00
v3 : 0.000000000000000000e+00 0.000000000000000000e+00 7.526393309063183601e+00
-----------------------------------------------------------------------------------------
-----Fractional coordinates of atoms------ 
AtomId 0:  0.000000000000000000e+00 0.000000000000000000e+00 0.000000000000000000e+00
AtomId 1:  0.000000000000000000e+00 5.000000000000000000e-01 5.000000000000000000e-01
AtomId 2:  5.000000000000000000e-01 0.000000000000000000e+00 5.000000000000000000e-01
AtomId 3:  5.000000000000000000e-01 5.000000000000000000e-01 0.000000000000000000e+00
-----------------------------------------------------------------------------------------
Determining the ball radius around the atom for nuclear self-potential solve... 
...Adaptively set ball radius: 2.750000000000000000e+00
DFT-FE warning: Tried to adaptively determine the ball radius for nuclear self-potential solve and was found to be less than 3.0, which can detoriate the accuracy of the KSDFT groundstate energy and forces. One approach to overcome this issue is to use a larger super cell with smallest periodic dimension greater than 6.0 (twice of 3.0), assuming an orthorhombic domain. If that is not feasible, you may need more h refinement of the finite element mesh around the atoms to achieve the desired accuracy.
Volume of the domain (Bohr^3): 4.263445629424196568e+02
Initial total charge: 1.200000000000002132e+01

Pseudopotential initalization....
Pre-processing steps, wall time: 59.1156s.
Nuclear self-potential solve, wall time: 3.2019s.

************************Begin Self-Consistent-Field Iteration:  1 ***********************
Total energy  : -8.327124318352332466e+00
***********************Self-Consistent-Field Iteration:  1 complete**********************
Wall time for the above scf iteration: 1.442707724399999947e+01 seconds
Number of Chebyshev filtered subspace iterations: 1

************************Begin Self-Consistent-Field Iteration:  2 ***********************
Simple mixing, L2 norm of electron-density difference: 4.745094105340681863e-05
Total energy  : -8.327145389078001614e+00
***********************Self-Consistent-Field Iteration:  2 complete**********************
Wall time for the above scf iteration: 1.306547895199999942e+01 seconds
Number of Chebyshev filtered subspace iterations: 1

************************Begin Self-Consistent-Field Iteration:  3 ***********************
Anderson mixing, L2 norm of electron-density difference: 2.531428655732470990e-03
Total energy  : -8.327146244982678525e+00
***********************Self-Consistent-Field Iteration:  3 complete**********************
Wall time for the above scf iteration: 1.327141302699999947e+01 seconds
Number of Chebyshev filtered subspace iterations: 1

************************Begin Self-Consistent-Field Iteration:  4 ***********************
Anderson mixing, L2 norm of electron-density difference: 7.167584007278285894e-04
Total energy  : -8.327146350792244078e+00
***********************Self-Consistent-Field Iteration:  4 complete**********************
Wall time for the above scf iteration: 1.299609649699999991e+01 seconds
Number of Chebyshev filtered subspace iterations: 1

************************Begin Self-Consistent-Field Iteration:  5 ***********************
Anderson mixing, L2 norm of electron-density difference: 1.255511006498713359e-04
Total energy  : -8.327146360101096434e+00
***********************Self-Consistent-Field Iteration:  5 complete**********************
Wall time for the above scf iteration: 1.314717413300000004e+01 seconds
Number of Chebyshev filtered subspace iterations: 1

************************Begin Self-Consistent-Field Iteration:  6 ***********************
Anderson mixing, L2 norm of electron-density difference: 3.438467723872611927e-05
Total energy  : -8.327146361377923967e+00
***********************Self-Consistent-Field Iteration:  6 complete**********************
Wall time for the above scf iteration: 1.312763435799999989e+01 seconds
Number of Chebyshev filtered subspace iterations: 1

************************Begin Self-Consistent-Field Iteration:  7 ***********************
Anderson mixing, L2 norm of electron-density difference: 1.605598193705988619e-05
Total energy  : -8.327146361576900802e+00
***********************Self-Consistent-Field Iteration:  7 complete**********************
Wall time for the above scf iteration: 1.436883250300000014e+01 seconds
Number of Chebyshev filtered subspace iterations: 1

************************Begin Self-Consistent-Field Iteration:  8 ***********************
Anderson mixing, L2 norm of electron-density difference: 1.438044809897405505e-05
Total energy  : -8.327146361594987667e+00
***********************Self-Consistent-Field Iteration:  8 complete**********************
Wall time for the above scf iteration: 1.323050640099999953e+01 seconds
Number of Chebyshev filtered subspace iterations: 1

************************Begin Self-Consistent-Field Iteration:  9 ***********************
Anderson mixing, L2 norm of electron-density difference: 1.850035249798229806e-06
Total energy  : -8.327146361591450940e+00
***********************Self-Consistent-Field Iteration:  9 complete**********************
Wall time for the above scf iteration: 1.313828980199999918e+01 seconds
Number of Chebyshev filtered subspace iterations: 1

SCF iteration converged to the specified tolerance after: 9 iterations.

Energy computations (Hartree)
-------------------------------------------------------------------------------
Band energy                                         :  -3.0589483797671706e+00
Exchange energy                                     :  -2.7155573647595341e+00
Correlation energy                                  :  -5.3785476030332835e-01
Total energy                                        :  -8.3271463615914509e+00
Total energy per atom                               :  -2.0817865903978627e+00
-------------------------------------------------------------------------------
Total scf solve, wall time: 121.307s.

Cell stress (Hartree/Bohr^3)
------------------------------------------------------------------------
1.405486878084146851e-04  -2.167555262871943092e-12  1.457901976188201740e-12
-2.168088181927885684e-12  1.405486873926393879e-04  -7.715030838672017360e-13
1.457633133436988910e-12  -7.707641638036746310e-13  1.405486858340544210e-04
------------------------------------------------------------------------
Cell stress computation, wall time: 3.60314s.
-----------Simulation Domain bounding vectors (lattice vectors in fully periodic case)-------------
v1 : 7.406955915069095120e+00 0.000000000000000000e+00 0.000000000000000000e+00
v2 : 0.000000000000000000e+00 7.406955915069095120e+00 0.000000000000000000e+00
v3 : 0.000000000000000000e+00 0.000000000000000000e+00 7.406955915069095120e+00
-----------------------------------------------------------------------------------------
-----Fractional coordinates of atoms------ 
AtomId 0:  0.000000000000000000e+00 0.000000000000000000e+00 0.000000000000000000e+00
AtomId 1:  0.000000000000000000e+00 5.000000000000000000e-01 5.000000000000000000e-01
AtomId 2:  5.000000000000000000e-01 0.000000000000000000e+00 5.000000000000000000e-01
AtomId 3:  5.000000000000000000e-01 5.000000000000000000e-01 0.000000000000000000e+00
-----------------------------------------------------------------------------------------
Determining the ball radius around the atom for nuclear self-potential solve... 
...Adaptively set ball radius: 2.750000000000000000e+00
DFT-FE warning: Tried to adaptively determine the ball radius for nuclear self-potential solve and was found to be less than 3.0, which can detoriate the accuracy of the KSDFT groundstate energy and forces. One approach to overcome this issue is to use a larger super cell with smallest periodic dimension greater than 6.0 (twice of 3.0), assuming an orthorhombic domain. If that is not feasible, you may need more h refinement of the finite element mesh around the atoms to achieve the desired accuracy.
Volume of the domain (Bohr^3): 4.063677922056401712e+02
Initial total charge: 1.200000000000000888e+01

Pseudopotential initalization....
Pre-processing steps, wall time: 61.0443s.
Nuclear self-potential solve, wall time: 2.95331s.

************************Begin Self-Consistent-Field Iteration:  1 ***********************
Total energy  : -8.328426430755765608e+00
***********************Self-Consistent-Field Iteration:  1 complete**********************
Wall time for the above scf iteration: 1.455580419300000017e+01 seconds
Number of Chebyshev filtered subspace iterations: 1

************************Begin Self-Consistent-Field Iteration:  2 ***********************
Simple mixing, L2 norm of electron-density difference: 1.260614489766143348e-04
Total energy  : -8.328483045252680128e+00
***********************Self-Consistent-Field Iteration:  2 complete**********************
Wall time for the above scf iteration: 1.335668042500000041e+01 seconds
Number of Chebyshev filtered subspace iterations: 1

************************Begin Self-Consistent-Field Iteration:  3 ***********************
Anderson mixing, L2 norm of electron-density difference: 4.088566752162366320e-03
Total energy  : -8.328485390999876614e+00
***********************Self-Consistent-Field Iteration:  3 complete**********************
Wall time for the above scf iteration: 1.339493795899999995e+01 seconds
Number of Chebyshev filtered subspace iterations: 1

************************Begin Self-Consistent-Field Iteration:  4 ***********************
Anderson mixing, L2 norm of electron-density difference: 1.188317485705894707e-03
Total energy  : -8.328485665821332873e+00
***********************Self-Consistent-Field Iteration:  4 complete**********************
Wall time for the above scf iteration: 1.330256316700000063e+01 seconds
Number of Chebyshev filtered subspace iterations: 1

************************Begin Self-Consistent-Field Iteration:  5 ***********************
Anderson mixing, L2 norm of electron-density difference: 2.193027563752316213e-04
Total energy  : -8.328485689644772094e+00
***********************Self-Consistent-Field Iteration:  5 complete**********************
Wall time for the above scf iteration: 1.329463809399999974e+01 seconds
Number of Chebyshev filtered subspace iterations: 1

************************Begin Self-Consistent-Field Iteration:  6 ***********************
Anderson mixing, L2 norm of electron-density difference: 5.307580553102681279e-05
Total energy  : -8.328485692514947303e+00
***********************Self-Consistent-Field Iteration:  6 complete**********************
Wall time for the above scf iteration: 1.311496520500000074e+01 seconds
Number of Chebyshev filtered subspace iterations: 1

************************Begin Self-Consistent-Field Iteration:  7 ***********************
Anderson mixing, L2 norm of electron-density difference: 2.499902424479701578e-05
Total energy  : -8.328485692827140241e+00
***********************Self-Consistent-Field Iteration:  7 complete**********************
Wall time for the above scf iteration: 1.324093221699999923e+01 seconds
Number of Chebyshev filtered subspace iterations: 1

************************Begin Self-Consistent-Field Iteration:  8 ***********************
Anderson mixing, L2 norm of electron-density difference: 1.439983390331379820e-05
Total energy  : -8.328485692877176660e+00
***********************Self-Consistent-Field Iteration:  8 complete**********************
Wall time for the above scf iteration: 1.335257034900000050e+01 seconds
Number of Chebyshev filtered subspace iterations: 1

************************Begin Self-Consistent-Field Iteration:  9 ***********************
Anderson mixing, L2 norm of electron-density difference: 4.151562163482074671e-06
Total energy  : -8.328485692861015366e+00
***********************Self-Consistent-Field Iteration:  9 complete**********************
Wall time for the above scf iteration: 1.323910972800000074e+01 seconds
Number of Chebyshev filtered subspace iterations: 1

SCF iteration converged to the specified tolerance after: 9 iterations.

Energy computations (Hartree)
-------------------------------------------------------------------------------
Band energy                                         :  -3.0297948508768959e+00
Exchange energy                                     :  -2.7600930812060649e+00
Correlation energy                                  :  -5.4178102327710365e-01
Total energy                                        :  -8.3284856928610154e+00
Total energy per atom                               :  -2.0821214232152538e+00
-------------------------------------------------------------------------------
Total scf solve, wall time: 121.29s.

Cell stress (Hartree/Bohr^3)
------------------------------------------------------------------------
-1.230840715350573264e-05  -1.517493473925030645e-13  -1.371665054282656708e-13
-1.500151694423858811e-13  -1.230840671119104496e-05  -1.085594593303795077e-12
-1.379307462170371712e-13  -1.085860436874913818e-12  -1.230840735454743228e-05
------------------------------------------------------------------------
Cell stress computation, wall time: 3.63751s.
-----------Simulation Domain bounding vectors (lattice vectors in fully periodic case)-------------
v1 : 7.416157376093531539e+00 0.000000000000000000e+00 0.000000000000000000e+00
v2 : 0.000000000000000000e+00 7.416157376093531539e+00 0.000000000000000000e+00
v3 : 0.000000000000000000e+00 0.000000000000000000e+00 7.416157376093531539e+00
-----------------------------------------------------------------------------------------
-----Fractional coordinates of atoms------ 
AtomId 0:  0.000000000000000000e+00 0.000000000000000000e+00 0.000000000000000000e+00
AtomId 1:  0.000000000000000000e+00 5.000000000000000000e-01 5.000000000000000000e-01
AtomId 2:  5.000000000000000000e-01 0.000000000000000000e+00 5.000000000000000000e-01
AtomId 3:  5.000000000000000000e-01 5.000000000000000000e-01 0.000000000000000000e+00
-----------------------------------------------------------------------------------------
Determining the ball radius around the atom for nuclear self-potential solve... 
...Adaptively set ball radius: 2.750000000000000000e+00
DFT-FE warning: Tried to adaptively determine the ball radius for nuclear self-potential solve and was found to be less than 3.0, which can detoriate the accuracy of the KSDFT groundstate energy and forces. One approach to overcome this issue is to use a larger super cell with smallest periodic dimension greater than 6.0 (twice of 3.0), assuming an orthorhombic domain. If that is not feasible, you may need more h refinement of the finite element mesh around the atoms to achieve the desired accuracy.
Volume of the domain (Bohr^3): 4.078841335125771366e+02
Initial total charge: 1.200000000000001421e+01

Pseudopotential initalization....
Pre-processing steps, wall time: 61.3253s.
Nuclear self-potential solve, wall time: 3.03132s.

************************Begin Self-Consistent-Field Iteration:  1 ***********************
Total energy  : -8.328494222499706723e+00
***********************Self-Consistent-Field Iteration:  1 complete**********************
Wall time for the above scf iteration: 1.464813351099999927e+01 seconds
Number of Chebyshev filtered subspace iterations: 1

************************Begin Self-Consistent-Field Iteration:  2 ***********************
Simple mixing, L2 norm of electron-density difference: 7.098660997642871725e-07
Total energy  : -8.328494521153288588e+00
***********************Self-Consistent-Field Iteration:  2 complete**********************
Wall time for the above scf iteration: 1.342554822800000025e+01 seconds
Number of Chebyshev filtered subspace iterations: 1

SCF iteration converged to the specified tolerance after: 2 iterations.

Energy computations (Hartree)
-------------------------------------------------------------------------------
Band energy                                         :  -3.0336629304011948e+00
Exchange energy                                     :  -2.7566056769105964e+00
Correlation energy                                  :  -5.4147558386182393e-01
Total energy                                        :  -8.3284945211532886e+00
Total energy per atom                               :  -2.0821236302883221e+00
-------------------------------------------------------------------------------
Total scf solve, wall time: 28.5149s.

Cell stress (Hartree/Bohr^3)
------------------------------------------------------------------------
4.531895659260178239e-06  7.750557816549762375e-12  7.335687220384708443e-12
7.748748292211527769e-12  4.531926006285491046e-06  -1.682262431187521139e-12
7.334531477723664927e-12  -1.681583577560764610e-12  4.531892118276907953e-06
------------------------------------------------------------------------
Cell stress computation, wall time: 3.60342s.
-----------Simulation Domain bounding vectors (lattice vectors in fully periodic case)-------------
v1 : 7.413674419832633866e+00 0.000000000000000000e+00 0.000000000000000000e+00
v2 : 0.000000000000000000e+00 7.413674419832633866e+00 0.000000000000000000e+00
v3 : 0.000000000000000000e+00 0.000000000000000000e+00 7.413674419832633866e+00
-----------------------------------------------------------------------------------------
-----Fractional coordinates of atoms------ 
AtomId 0:  0.000000000000000000e+00 0.000000000000000000e+00 0.000000000000000000e+00
AtomId 1:  0.000000000000000000e+00 5.000000000000000000e-01 5.000000000000000000e-01
AtomId 2:  5.000000000000000000e-01 0.000000000000000000e+00 5.000000000000000000e-01
AtomId 3:  5.000000000000000000e-01 5.000000000000000000e-01 0.000000000000000000e+00
-----------------------------------------------------------------------------------------
Determining the ball radius around the atom for nuclear self-potential solve... 
...Adaptively set ball radius: 2.750000000000000000e+00
DFT-FE warning: Tried to adaptively determine the ball radius for nuclear self-potential solve and was found to be less than 3.0, which can detoriate the accuracy of the KSDFT groundstate energy and forces. One approach to overcome this issue is to use a larger super cell with smallest periodic dimension greater than 6.0 (twice of 3.0), assuming an orthorhombic domain. If that is not feasible, you may need more h refinement of the finite element mesh around the atoms to achieve the desired accuracy.
Volume of the domain (Bohr^3): 4.074745874197417379e+02
Initial total charge: 1.200000000000002132e+01

Pseudopotential initalization....
Pre-processing steps, wall time: 61.4324s.
Nuclear self-potential solve, wall time: 3.08253s.

************************Begin Self-Consistent-Field Iteration:  1 ***********************
Total energy  : -8.328494058346038287e+00
***********************Self-Consistent-Field Iteration:  1 complete**********************
Wall time for the above scf iteration: 1.491376271899999928e+01 seconds
Number of Chebyshev filtered subspace iterations: 1

************************Begin Self-Consistent-Field Iteration:  2 ***********************
Simple mixing, L2 norm of electron-density difference: 4.410393751841937399e-08
Total energy  : -8.328494073278784882e+00
***********************Self-Consistent-Field Iteration:  2 complete**********************
Wall time for the above scf iteration: 1.330390591099999931e+01 seconds
Number of Chebyshev filtered subspace iterations: 1

SCF iteration converged to the specified tolerance after: 2 iterations.

Energy computations (Hartree)
-------------------------------------------------------------------------------
Band energy                                         :  -3.0305711337812471e+00
Exchange energy                                     :  -2.7575420285243588e+00
Correlation energy                                  :  -5.4155768467832732e-01
Total energy                                        :  -8.3284940732787849e+00
Total energy per atom                               :  -2.0821235183196962e+00
-------------------------------------------------------------------------------
Total scf solve, wall time: 28.6569s.

Cell stress (Hartree/Bohr^3)
------------------------------------------------------------------------
-5.340616095621079917e-06  1.195277951475906459e-12  6.373743342393455272e-13
1.196742345233934703e-12  -5.340622774244572272e-06  -3.185844360259795960e-12
6.394656956174075278e-13  -3.185525719637218871e-12  -5.340613164335065964e-06
------------------------------------------------------------------------
Cell stress computation, wall time: 3.63451s.
-----------Simulation Domain bounding vectors (lattice vectors in fully periodic case)-------------
v1 : 7.415016974864870214e+00 0.000000000000000000e+00 0.000000000000000000e+00
v2 : 0.000000000000000000e+00 7.415016974864870214e+00 0.000000000000000000e+00
v3 : 0.000000000000000000e+00 0.000000000000000000e+00 7.415016974864870214e+00
-----------------------------------------------------------------------------------------
-----Fractional coordinates of atoms------ 
AtomId 0:  0.000000000000000000e+00 0.000000000000000000e+00 0.000000000000000000e+00
AtomId 1:  0.000000000000000000e+00 5.000000000000000000e-01 5.000000000000000000e-01
AtomId 2:  5.000000000000000000e-01 0.000000000000000000e+00 5.000000000000000000e-01
AtomId 3:  5.000000000000000000e-01 5.000000000000000000e-01 0.000000000000000000e+00
-----------------------------------------------------------------------------------------
Determining the ball radius around the atom for nuclear self-potential solve... 
...Adaptively set ball radius: 2.750000000000000000e+00
DFT-FE warning: Tried to adaptively determine the ball radius for nuclear self-potential solve and was found to be less than 3.0, which can detoriate the accuracy of the KSDFT groundstate energy and forces. One approach to overcome this issue is to use a larger super cell with smallest periodic dimension greater than 6.0 (twice of 3.0), assuming an orthorhombic domain. If that is not feasible, you may need more h refinement of the finite element mesh around the atoms to achieve the desired accuracy.
Volume of the domain (Bohr^3): 4.076959983288776357e+02
Initial total charge: 1.199999999999998579e+01

Pseudopotential initalization....
Pre-processing steps, wall time: 61.535s.
Nuclear self-potential solve, wall time: 3.54464s.

************************Begin Self-Consistent-Field Iteration:  1 ***********************
Total energy  : -8.328494493522587305e+00
***********************Self-Consistent-Field Iteration:  1 complete**********************
Wall time for the above scf iteration: 1.400643805700000044e+01 seconds
Number of Chebyshev filtered subspace iterations: 1

************************Begin Self-Consistent-Field Iteration:  2 ***********************
Simple mixing, L2 norm of electron-density difference: 1.439000169578149702e-08
Total energy  : -8.328494498791595646e+00
***********************Self-Consistent-Field Iteration:  2 complete**********************
Wall time for the above scf iteration: 1.328052036300000083e+01 seconds
Number of Chebyshev filtered subspace iterations: 1

SCF iteration converged to the specified tolerance after: 2 iterations.

Energy computations (Hartree)
-------------------------------------------------------------------------------
Band energy                                         :  -3.0317641149074506e+00
Exchange energy                                     :  -2.7570344475132833e+00
Correlation energy                                  :  -5.4151320078182974e-01
Total energy                                        :  -8.3284944987915956e+00
Total energy per atom                               :  -2.0821236246978989e+00
-------------------------------------------------------------------------------
Total scf solve, wall time: 27.727s.

Cell stress (Hartree/Bohr^3)
------------------------------------------------------------------------
-1.219036114506947764e-06  6.929200830449037413e-12  6.435321884414214404e-12
6.931147620320799873e-12  -1.219032086613135838e-06  -5.872916837025342694e-12
6.435384281268979349e-12  -5.873129417391154203e-12  -1.219033700864392629e-06
------------------------------------------------------------------------
Cell stress computation, wall time: 3.66149s.
-----------Simulation Domain bounding vectors (lattice vectors in fully periodic case)-------------
v1 : 7.415015036594298614e+00 0.000000000000000000e+00 0.000000000000000000e+00
v2 : 0.000000000000000000e+00 7.415015036594298614e+00 0.000000000000000000e+00
v3 : 0.000000000000000000e+00 0.000000000000000000e+00 7.415015036594298614e+00
-----------------------------------------------------------------------------------------
-----Fractional coordinates of atoms------ 
AtomId 0:  0.000000000000000000e+00 0.000000000000000000e+00 0.000000000000000000e+00
AtomId 1:  0.000000000000000000e+00 5.000000000000000000e-01 5.000000000000000000e-01
AtomId 2:  5.000000000000000000e-01 0.000000000000000000e+00 5.000000000000000000e-01
AtomId 3:  5.000000000000000000e-01 5.000000000000000000e-01 0.000000000000000000e+00
-----------------------------------------------------------------------------------------
Determining the ball radius around the atom for nuclear self-potential solve... 
...Adaptively set ball radius: 2.750000000000000000e+00
DFT-FE warning: Tried to adaptively determine the ball radius for nuclear self-potential solve and was found to be less than 3.0, which can detoriate the accuracy of the KSDFT groundstate energy and forces. One approach to overcome this issue is to use a larger super cell with smallest periodic dimension greater than 6.0 (twice of 3.0), assuming an orthorhombic domain. If that is not feasible, you may need more h refinement of the finite element mesh around the atoms to achieve the desired accuracy.
Volume of the domain (Bohr^3): 4.076956786162372168e+02
Initial total charge: 1.199999999999996447e+01

Pseudopotential initalization....
Pre-processing steps, wall time: 62.0085s.
Nuclear self-potential solve, wall time: 3.25941s.

************************Begin Self-Consistent-Field Iteration:  1 ***********************
Total energy  : -8.328494499115228322e+00
***********************Self-Consistent-Field Iteration:  1 complete**********************
Wall time for the above scf iteration: 1.380185278799999971e+01 seconds
Number of Chebyshev filtered subspace iterations: 1

************************Begin Self-Consistent-Field Iteration:  2 ***********************
Simple mixing, L2 norm of electron-density difference: 2.924866645080280462e-11
Total energy  : -8.328494498718743699e+00
***********************Self-Consistent-Field Iteration:  2 complete**********************
Wall time for the above scf iteration: 1.342097317700000048e+01 seconds
Number of Chebyshev filtered subspace iterations: 1

SCF iteration converged to the specified tolerance after: 2 iterations.

Energy computations (Hartree)
-------------------------------------------------------------------------------
Band energy                                         :  -3.0314855288730964e+00
Exchange energy                                     :  -2.7570346758399786e+00
Correlation energy                                  :  -5.4151322870383811e-01
Total energy                                        :  -8.3284944987187437e+00
Total energy per atom                               :  -2.0821236246796859e+00
-------------------------------------------------------------------------------
Total scf solve, wall time: 27.6584s.

Cell stress (Hartree/Bohr^3)
------------------------------------------------------------------------
-1.868976903273148418e-06  1.122854148114299238e-11  1.055974895709523774e-11
1.122728143817902099e-11  -1.868976870981845625e-06  -1.006153768902504139e-11
1.055972061284222832e-11  -1.005951545940180283e-11  -1.868970275966057254e-06
------------------------------------------------------------------------
Cell stress computation, wall time: 3.68584s.
-----------Simulation Domain bounding vectors (lattice vectors in fully periodic case)-------------
v1 : 7.415592551622346207e+00 0.000000000000000000e+00 0.000000000000000000e+00
v2 : 0.000000000000000000e+00 7.415592551622346207e+00 0.000000000000000000e+00
v3 : 0.000000000000000000e+00 0.000000000000000000e+00 7.415592551622346207e+00
-----------------------------------------------------------------------------------------
-----Fractional coordinates of atoms------ 
AtomId 0:  0.000000000000000000e+00 0.000000000000000000e+00 0.000000000000000000e+00
AtomId 1:  0.000000000000000000e+00 5.000000000000000000e-01 5.000000000000000000e-01
AtomId 2:  5.000000000000000000e-01 0.000000000000000000e+00 5.000000000000000000e-01
AtomId 3:  5.000000000000000000e-01 5.000000000000000000e-01 0.000000000000000000e+00
-----------------------------------------------------------------------------------------
Determining the ball radius around the atom for nuclear self-potential solve... 
...Adaptively set ball radius: 2.750000000000000000e+00
DFT-FE warning: Tried to adaptively determine the ball radius for nuclear self-potential solve and was found to be less than 3.0, which can detoriate the accuracy of the KSDFT groundstate energy and forces. One approach to overcome this issue is to use a larger super cell with smallest periodic dimension greater than 6.0 (twice of 3.0), assuming an orthorhombic domain. If that is not feasible, you may need more h refinement of the finite element mesh around the atoms to achieve the desired accuracy.
Volume of the domain (Bohr^3): 4.077909456056672752e+02
Initial total charge: 1.199999999999999822e+01

Pseudopotential initalization....
Pre-processing steps, wall time: 62.02s.
Nuclear self-potential solve, wall time: 2.95133s.

************************Begin Self-Consistent-Field Iteration:  1 ***********************
Total energy  : -8.328494553299865544e+00
***********************Self-Consistent-Field Iteration:  1 complete**********************
Wall time for the above scf iteration: 1.431627835299999951e+01 seconds
Number of Chebyshev filtered subspace iterations: 1

************************Begin Self-Consistent-Field Iteration:  2 ***********************
Simple mixing, L2 norm of electron-density difference: 2.899877673865294111e-09
Total energy  : -8.328494554142226391e+00
***********************Self-Consistent-Field Iteration:  2 complete**********************
Wall time for the above scf iteration: 1.339928923799999971e+01 seconds
Number of Chebyshev filtered subspace iterations: 1

SCF iteration converged to the specified tolerance after: 2 iterations.

Energy computations (Hartree)
-------------------------------------------------------------------------------
Band energy                                         :  -3.0317858895737650e+00
Exchange energy                                     :  -2.7568160307318141e+00
Correlation energy                                  :  -5.4149407042247111e-01
Total energy                                        :  -8.3284945541422264e+00
Total energy per atom                               :  -2.0821236385355566e+00
-------------------------------------------------------------------------------
Total scf solve, wall time: 28.1621s.

Cell stress (Hartree/Bohr^3)
------------------------------------------------------------------------
-5.300559712544119234e-07  2.060325985983819693e-11  1.991282983494256877e-11
2.060397166526918102e-11  -5.300542277125324722e-07  -1.746272802765610029e-11
1.991312278449827532e-11  -1.746434075521721584e-11  -5.300440598258267962e-07
------------------------------------------------------------------------
Cell stress computation, wall time: 3.59916s.
Non-linerar Conjugate Gradient solver converged after 3 iterations.
 ...Cell stress relaxation completed as maximum stress magnitude is less than STRESS TOL: 9.999999999999999547e-07, total number of cell geometry updates: 7


+---------------------------------------------+------------+------------+
| Total wallclock time elapsed since start    | 1.135e+03s |            |
|                                             |            |            |
| Section                         | no. calls |  wall time | % of total |
+---------------------------------+-----------+------------+------------+
| Cell stress computation         |         8 | 2.907e+01s |  2.56e+00% |
| Nuclear self-potential solve    |         8 | 2.540e+01s |  2.24e+00% |
| Pre-processing steps            |         8 | 4.926e+02s |  4.34e+01% |
| Total scf solve                 |         8 | 5.877e+02s |  5.18e+01% |
+---------------------------------+-----------+------------+------------+

