==========================================================================================================
==========================================================================================================
			Welcome to the Open Source program DFT-FE v0.6.0			        
This is a C++ code for materials modeling from first principles using Kohn-Sham density functional theory.
This is a real-space code for periodic, semi-periodic and non-periodic pseudopotential
and all-electron calculations, and is based on adaptive finite-element discretization.
For further details, and citing, please refer to our website: https://sites.google.com/umich.edu/dftfe
==========================================================================================================
 DFT-FE Principal developers and Mentors (alphabetically) :									
														
 Sambit Das               - University of Michigan, Ann Arbor
 Vikram Gavini (Mentor)   - University of Michigan, Ann Arbor
 Krishnendu Ghosh         - University of Michigan, Ann Arbor
 Phani Motamarri          - University of Michigan, Ann Arbor
 Shiva Rudraraju          - University of Wisconsin-Madison  
 (A complete list of the many authors that have contributed to DFT-FE can be found in the authors file)
==========================================================================================================
 	     Copyright (c) 2017-2018 The Regents of the University of Michigan and DFT-FE authors         
 			DFT-FE is published under [LGPL v2.1 or newer] 				
==========================================================================================================
==========================================================================================================
set H REFINED ELECTROSTATICS = false
set P REFINED ELECTROSTATICS = false
set REPRODUCIBLE OUTPUT      = false
set VERBOSITY                = 1
set WRITE DENSITY            = false
set WRITE WFC                = false
subsection Boundary conditions
  set CONSTRAINTS FROM SERIAL DOFHANDLER = true
  set CONSTRAINTS PARALLEL CHECK         = false
  set PERIODIC1                          = false
  set PERIODIC2                          = false
  set PERIODIC3                          = false
  set SELF POTENTIAL RADIUS              = 0.0
end
subsection Brillouin zone k point sampling options
  set USE GROUP SYMMETRY         = false
  set USE TIME REVERSAL SYMMETRY = false
  set kPOINT RULE FILE           = 
  subsection Monkhorst-Pack (MP) grid generation
    set SAMPLING POINTS 1 = 1
    set SAMPLING POINTS 2 = 1
    set SAMPLING POINTS 3 = 1
    set SAMPLING SHIFT 1  = 0
    set SAMPLING SHIFT 2  = 0
    set SAMPLING SHIFT 3  = 0
  end
end
subsection Checkpointing and Restart
  set CHK TYPE         = 0
  set RESTART FROM CHK = false
end
subsection DFT functional parameters
  set EXCHANGE CORRELATION TYPE       = 4
  set PSEUDOPOTENTIAL CALCULATION     = true
  set PSEUDOPOTENTIAL FILE NAMES LIST = pseudo.inp
  set PSEUDO TESTS FLAG               = false
  set SPIN POLARIZATION               = 0
  set START MAGNETIZATION             = 0.0
end
subsection Finite element mesh parameters
  set MESH FILE        = 
  set POLYNOMIAL ORDER = 4
  subsection Auto mesh generation parameters
    set ATOM BALL RADIUS             = 2.0
    set BASE MESH SIZE               = 0.0
    set ERROR ESTIMATE WAVEFUNCTIONS = 5
    set MESH ADAPTION                = false
    set MESH SIZE AROUND ATOM        = 0.25
    set MESH SIZE AT ATOM            = 0.0
    set NUM LEVELS                   = 10
    set TOLERANCE FOR MESH ADAPTION  = 1
    set TOP FRAC                     = 0.1
  end
end
subsection Geometry
  set ATOMIC COORDINATES FILE = coordinates.inp
  set DOMAIN VECTORS FILE     = domainVectors.inp
  set NATOMS                  = 2
  set NATOM TYPES             = 1
  subsection Optimization
    set CELL CONSTRAINT TYPE      = 12
    set CELL OPT                  = false
    set CELL STRESS               = false
    set FORCE TOL                 = 1e-4
    set ION FORCE                 = true
    set ION OPT                   = false
    set ION RELAX FLAGS FILE      = 
    set NON SELF CONSISTENT FORCE = false
    set REUSE WFC                 = false
    set STRESS TOL                = 1e-6
  end
end
subsection Parallelization
  set MPI ALLREDUCE BLOCK SIZE = 100.0
  set NPBAND                   = 1
  set NPKPT                    = 1
end
subsection Poisson problem parameters
  set MAXIMUM ITERATIONS = 5000
  set TOLERANCE          = 1e-14
end
subsection SCF parameters
  set COMPUTE ENERGY EACH ITER = true
  set CONSTRAINT MAGNETIZATION = false
  set HIGHER QUAD NLP          = true
  set MAXIMUM ITERATIONS       = 40
  set MIXING HISTORY           = 70
  set MIXING METHOD            = ANDERSON
  set MIXING PARAMETER         = 0.5
  set STARTING WFC             = RANDOM
  set TEMPERATURE              = 500
  set TOLERANCE                = 1e-5
  subsection Eigen-solver parameters
    set ADAPTIVE FILTER STATES              = 0
    set BATCH GEMM                          = true
    set CHEBYSHEV FILTER TOLERANCE          = 1e-02
    set CHEBYSHEV POLYNOMIAL DEGREE         = 0
    set CHEBY WFC BLOCK SIZE                = 400
    set ENABLE SUBSPACE ROT PGS OPT         = true
    set ENABLE SWITCH TO GS                 = true
    set LOWER BOUND UNWANTED FRAC UPPER     = 0
    set LOWER BOUND WANTED SPECTRUM         = -10.0
    set NUMBER OF KOHN-SHAM WAVEFUNCTIONS   = 12
    set ORTHOGONALIZATION TYPE              = Auto
    set SCALAPACKPROCS                      = 0
    set SCALAPACK BLOCK SIZE                = 50
    set SPECTRUM SPLIT CORE EIGENSTATES     = 0
    set SPECTRUM SPLIT STARTING SCF ITER    = 1
    set SUBSPACE ROT DOFS BLOCK SIZE        = 2000
    set USE ELPA                            = false
    set USE MIXED PREC PGS O                = false
    set USE MIXED PREC PGS SR               = false
    set USE MIXED PREC RR_SR SPECTRUM SPLIT = false
    set USE MIXED PREC XTHX SPECTRUM SPLIT  = false
    set WFC BLOCK SIZE                      = 400
  end
end
Setting ORTHOGONALIZATION TYPE=PGS for pseudopotential calculations 
=================================MPI Parallelization=========================================
Total number of MPI tasks: 16
k-point parallelization processor groups: 1
Band parallelization processor groups: 1
Number of MPI tasks for finite-element domain decomposition: 16
============================================================================================
number of atoms: 2
number of atoms types: 1

Reading Pseudo-potential data for each atom from the list given in : pseudo.inp
 Reading Pseudopotential File: N_ONCV_PBE-1.0.upf, with atomic number: 7
Atomic system initialization, wall time: 0.0777887s.
-----------Simulation Domain bounding vectors (lattice vectors in fully periodic case)-------------
v1 : 8.000000000000000000e+01 0.000000000000000000e+00 0.000000000000000000e+00
v2 : 0.000000000000000000e+00 8.000000000000000000e+01 0.000000000000000000e+00
v3 : 0.000000000000000000e+00 0.000000000000000000e+00 8.000000000000000000e+01
-----------------------------------------------------------------------------------------
------------Cartesian coordinates of atoms (origin at center of domain)------------------
AtomId 0:  -1.300000000000000044e+00 0.000000000000000000e+00 0.000000000000000000e+00
AtomId 1:  1.300000000000000044e+00 0.000000000000000000e+00 0.000000000000000000e+00
-----------------------------------------------------------------------------------------

Finite element mesh information
-------------------------------------------------
number of elements: 10184
number of degrees of freedom: 709249
Minimum mesh size: 2.021634157459057946e-01
-------------------------------------------------
Determining the ball radius around the atom for nuclear self-potential solve... 
...Adaptively set ball radius: 4.000000000000000000e+00
Volume of the domain (Bohr^3): 5.119999999998883577e+05

Setting initial guess for wavefunctions....
Number of wavefunctions generated randomly to be used as initial guess for starting the SCF : 12
=============================================================================================================================
number of electrons: 10
number of eigen values: 12
=============================================================================================================================

Reading initial guess for electron-density.....
Initial total charge: 1.000000000000000000e+01

Pseudopotential initalization....
KSDFT problem initialization, wall time: 13.7988s.
Nuclear self-potential solve, wall time: 10.4696s.

************************Begin Self-Consistent-Field Iteration:  1 ***********************
Total energy  : -1.979714122270126353e+01
***********************Self-Consistent-Field Iteration:  1 complete**********************
Wall time for the above scf iteration: 2.852114533719999940e+02 seconds
Number of Chebyshev filtered subspace iterations: 18

************************Begin Self-Consistent-Field Iteration:  2 ***********************
Simple mixing, L2 norm of electron-density difference: 2.182784169429911533e-02
Total energy  : -1.979753613470944629e+01
***********************Self-Consistent-Field Iteration:  2 complete**********************
Wall time for the above scf iteration: 2.229585292100000160e+01 seconds
Number of Chebyshev filtered subspace iterations: 1

************************Begin Self-Consistent-Field Iteration:  3 ***********************
L2 norm of electron-density difference: 6.623606161021286520e-02
Total energy  : -1.979813934653164154e+01
***********************Self-Consistent-Field Iteration:  3 complete**********************
Wall time for the above scf iteration: 2.208233363900000157e+01 seconds
Number of Chebyshev filtered subspace iterations: 1

************************Begin Self-Consistent-Field Iteration:  4 ***********************
L2 norm of electron-density difference: 2.066752999441646629e-02
Total energy  : -1.979831918444600802e+01
***********************Self-Consistent-Field Iteration:  4 complete**********************
Wall time for the above scf iteration: 2.226321923000000069e+01 seconds
Number of Chebyshev filtered subspace iterations: 1

************************Begin Self-Consistent-Field Iteration:  5 ***********************
L2 norm of electron-density difference: 1.251760245814000951e-02
Total energy  : -1.979834013537121606e+01
***********************Self-Consistent-Field Iteration:  5 complete**********************
Wall time for the above scf iteration: 2.192838385199999962e+01 seconds
Number of Chebyshev filtered subspace iterations: 1

************************Begin Self-Consistent-Field Iteration:  6 ***********************
L2 norm of electron-density difference: 1.067805720898305603e-02
Total energy  : -1.979837749060538243e+01
***********************Self-Consistent-Field Iteration:  6 complete**********************
Wall time for the above scf iteration: 2.275995424299999925e+01 seconds
Number of Chebyshev filtered subspace iterations: 1

************************Begin Self-Consistent-Field Iteration:  7 ***********************
L2 norm of electron-density difference: 4.614954110594975990e-03
Total energy  : -1.979842155376674029e+01
***********************Self-Consistent-Field Iteration:  7 complete**********************
Wall time for the above scf iteration: 2.262136253799999963e+01 seconds
Number of Chebyshev filtered subspace iterations: 1

************************Begin Self-Consistent-Field Iteration:  8 ***********************
L2 norm of electron-density difference: 2.043383965565980214e-03
Total energy  : -1.979842389316561224e+01
***********************Self-Consistent-Field Iteration:  8 complete**********************
Wall time for the above scf iteration: 2.193928099200000048e+01 seconds
Number of Chebyshev filtered subspace iterations: 1

************************Begin Self-Consistent-Field Iteration:  9 ***********************
L2 norm of electron-density difference: 1.289030699983951698e-03
Total energy  : -1.979842374148289963e+01
***********************Self-Consistent-Field Iteration:  9 complete**********************
Wall time for the above scf iteration: 2.468532269499999998e+01 seconds
Number of Chebyshev filtered subspace iterations: 1

************************Begin Self-Consistent-Field Iteration: 10 ***********************
L2 norm of electron-density difference: 6.399572891877164426e-04
Total energy  : -1.979842418149098648e+01
***********************Self-Consistent-Field Iteration: 10 complete**********************
Wall time for the above scf iteration: 2.165903950099999875e+01 seconds
Number of Chebyshev filtered subspace iterations: 1

************************Begin Self-Consistent-Field Iteration: 11 ***********************
L2 norm of electron-density difference: 1.864264542052468799e-04
Total energy  : -1.979842419420582189e+01
***********************Self-Consistent-Field Iteration: 11 complete**********************
Wall time for the above scf iteration: 2.145739652399999997e+01 seconds
Number of Chebyshev filtered subspace iterations: 1

************************Begin Self-Consistent-Field Iteration: 12 ***********************
L2 norm of electron-density difference: 1.706112583667529156e-04
Total energy  : -1.979842420151991078e+01
***********************Self-Consistent-Field Iteration: 12 complete**********************
Wall time for the above scf iteration: 2.110976182499999965e+01 seconds
Number of Chebyshev filtered subspace iterations: 1

************************Begin Self-Consistent-Field Iteration: 13 ***********************
L2 norm of electron-density difference: 8.581836053680053913e-05
Total energy  : -1.979842420699170802e+01
***********************Self-Consistent-Field Iteration: 13 complete**********************
Wall time for the above scf iteration: 2.105521435600000046e+01 seconds
Number of Chebyshev filtered subspace iterations: 1

************************Begin Self-Consistent-Field Iteration: 14 ***********************
L2 norm of electron-density difference: 1.177388719614292217e-05
Total energy  : -1.979842420769597311e+01
***********************Self-Consistent-Field Iteration: 14 complete**********************
Wall time for the above scf iteration: 2.095238694800000090e+01 seconds
Number of Chebyshev filtered subspace iterations: 1

************************Begin Self-Consistent-Field Iteration: 15 ***********************
L2 norm of electron-density difference: 7.282529174756277918e-06
Total energy  : -1.979842420771855060e+01
***********************Self-Consistent-Field Iteration: 15 complete**********************
Wall time for the above scf iteration: 2.148219249099999928e+01 seconds
Number of Chebyshev filtered subspace iterations: 1

SCF iterations converged to the specified tolerance after: 15 iterations.

Energy computations (Hartree)
-------------------------------------------------------------------------------
Band energy                                         :  -5.1174504566637298e+00
Exchange energy                                     :  -4.3088713341189049e+00
Correlation energy                                  :  -3.5095301494436976e-01
Total energy                                        :  -1.9798424207718551e+01
Total energy per atom                               :  -9.8992121038592753e+00
-------------------------------------------------------------------------------
Total scf solve, wall time: 597.596s.

Ion forces (Hartree/Bohr)
--------------------------------------------------------------------------------------------
AtomId    0:  2.941885423079987905e-01,-1.352732066212915754e-10,-2.278388763474772206e-07
AtomId    1:  -2.942022930196345754e-01,6.706529730303590089e-08,2.266269024697073477e-07
--------------------------------------------------------------------------------------------
 Maximum absolute force atom id: 1, Force vec: -2.942022930196345754e-01,6.706529730303590089e-08,2.266269024697073477e-07
Ion force computation, wall time: 3.16408s.

Elapsed wall time since start of the program: 6.251582633640000495e+02 seconds



+---------------------------------------------+------------+------------+
| Total wallclock time elapsed since start    | 6.254e+02s |            |
|                                             |            |            |
| Section                         | no. calls |  wall time | % of total |
+---------------------------------+-----------+------------+------------+
| Atomic system initialization    |         1 | 7.779e-02s | 0.000e+00% |
| Ion force computation           |         1 | 3.164e+00s |  5.06e-01% |
| KSDFT problem initialization    |         1 | 1.380e+01s |  2.21e+00% |
| Nuclear self-potential solve    |         1 | 1.047e+01s |  1.67e+00% |
| Total scf solve                 |         1 | 5.976e+02s |  9.56e+01% |
+---------------------------------+-----------+------------+------------+

