The system is: Linux - 3.10.0-327.36.3.el7.x86_64 - x86_64
Compiling the C compiler identification source file "CMakeCCompilerId.c" succeeded.
Compiler: /sw/arcts/centos7/intel/16.0.3/compilers_and_libraries_2016.3.210/linux/bin/intel64/icc 
Build flags: 
Id flags: 

The output was:
0


Compilation of the C compiler identification source "CMakeCCompilerId.c" produced "a.out"

The C compiler identification is Intel, found in "/home/phanim/KohnShamCodes/DEALIICode/periodicDFTFE/Tutorials/AllElectron/NonPeriodic/CarbonSingleAtom/CMakeFiles/3.5.2/CompilerIdC/a.out"

Compiling the CXX compiler identification source file "CMakeCXXCompilerId.cpp" succeeded.
Compiler: /sw/arcts/centos7/intel/16.0.3/compilers_and_libraries_2016.3.210/linux/bin/intel64/icpc 
Build flags: ;-I/nfs/mcfs_comp/home/rudraa/software/libxc/libxc-2.2.0/installDir/include;-I/home/vikramg/DFT-FE-softwares/softwareCentos/petsc/intel_petsc3.7.5_double_elemental/include;;-I/home/vikramg/DFT-FE-softwares/softwareCentos/slepc/intel_slepc3.7.3_double_elemental/include;-w
Id flags: 

The output was:
0


Compilation of the CXX compiler identification source "CMakeCXXCompilerId.cpp" produced "a.out"

The CXX compiler identification is Intel, found in "/home/phanim/KohnShamCodes/DEALIICode/periodicDFTFE/Tutorials/AllElectron/NonPeriodic/CarbonSingleAtom/CMakeFiles/3.5.2/CompilerIdCXX/a.out"

Determining if the C compiler works passed with the following output:
Change Dir: /home/phanim/KohnShamCodes/DEALIICode/periodicDFTFE/Tutorials/AllElectron/NonPeriodic/CarbonSingleAtom/CMakeFiles/CMakeTmp

Run Build Command:"/usr/bin/gmake" "cmTC_c1944/fast"
/usr/bin/gmake -f CMakeFiles/cmTC_c1944.dir/build.make CMakeFiles/cmTC_c1944.dir/build
gmake[1]: Entering directory `/home/phanim/KohnShamCodes/DEALIICode/periodicDFTFE/Tutorials/AllElectron/NonPeriodic/CarbonSingleAtom/CMakeFiles/CMakeTmp'
Building C object CMakeFiles/cmTC_c1944.dir/testCCompiler.c.o
/sw/arcts/centos7/intel/16.0.3/compilers_and_libraries_2016.3.210/linux/bin/intel64/icc     -o CMakeFiles/cmTC_c1944.dir/testCCompiler.c.o   -c /home/phanim/KohnShamCodes/DEALIICode/periodicDFTFE/Tutorials/AllElectron/NonPeriodic/CarbonSingleAtom/CMakeFiles/CMakeTmp/testCCompiler.c
Linking C executable cmTC_c1944
/sw/arcts/centos7/cmake/3.5.2/bin/cmake -E cmake_link_script CMakeFiles/cmTC_c1944.dir/link.txt --verbose=1
/sw/arcts/centos7/intel/16.0.3/compilers_and_libraries_2016.3.210/linux/bin/intel64/icc       CMakeFiles/cmTC_c1944.dir/testCCompiler.c.o  -o cmTC_c1944 -rdynamic 
gmake[1]: Leaving directory `/home/phanim/KohnShamCodes/DEALIICode/periodicDFTFE/Tutorials/AllElectron/NonPeriodic/CarbonSingleAtom/CMakeFiles/CMakeTmp'


Detecting C compiler ABI info compiled with the following output:
Change Dir: /home/phanim/KohnShamCodes/DEALIICode/periodicDFTFE/Tutorials/AllElectron/NonPeriodic/CarbonSingleAtom/CMakeFiles/CMakeTmp

Run Build Command:"/usr/bin/gmake" "cmTC_31167/fast"
/usr/bin/gmake -f CMakeFiles/cmTC_31167.dir/build.make CMakeFiles/cmTC_31167.dir/build
gmake[1]: Entering directory `/home/phanim/KohnShamCodes/DEALIICode/periodicDFTFE/Tutorials/AllElectron/NonPeriodic/CarbonSingleAtom/CMakeFiles/CMakeTmp'
Building C object CMakeFiles/cmTC_31167.dir/CMakeCCompilerABI.c.o
/sw/arcts/centos7/intel/16.0.3/compilers_and_libraries_2016.3.210/linux/bin/intel64/icc     -o CMakeFiles/cmTC_31167.dir/CMakeCCompilerABI.c.o   -c /sw/arcts/centos7/cmake/3.5.2/share/cmake-3.5/Modules/CMakeCCompilerABI.c
Linking C executable cmTC_31167
/sw/arcts/centos7/cmake/3.5.2/bin/cmake -E cmake_link_script CMakeFiles/cmTC_31167.dir/link.txt --verbose=1
/sw/arcts/centos7/intel/16.0.3/compilers_and_libraries_2016.3.210/linux/bin/intel64/icc      -v CMakeFiles/cmTC_31167.dir/CMakeCCompilerABI.c.o  -o cmTC_31167 -rdynamic  
icc version 16.0.3 (gcc version 4.8.5 compatibility)
/sw/arcts/centos7/intel/16.0.3/compilers_and_libraries_2016.3.210/linux/bin/intel64/mcpcom    -mGLOB_em64t=TRUE -mP1OPT_version=16.0-intel64 -mGLOB_diag_file=CMakeFiles/cmTC_31167.dir/CMakeCCompilerABI.c.diag -mP1OPT_print_version=FALSE -mCG_use_gas_got_workaround=F -mP2OPT_align_option_used=TRUE -mGLOB_gcc_version=485 "-mGLOB_options_string=-v -o cmTC_31167 -rdynamic" -mGLOB_cxx_limited_range=FALSE -mCG_extend_parms=FALSE -mGLOB_compiler_bin_directory=/sw/arcts/centos7/intel/16.0.3/compilers_and_libraries_2016.3.210/linux/bin/intel64 -mGLOB_as_output_backup_file_name=/tmp/iccUZUpTAas_.s -mGLOB_dashboard_use_source_name -mIPOPT_activate -mGLOB_product_id_code=0x22006d91 -mP3OPT_use_mspp_call_convention -mP2OPT_subs_out_of_bound=FALSE -mP2OPT_disam_type_based_disam=2 -mP2OPT_disam_assume_ansi_c -mP2OPT_checked_disam_ansi_alias=TRUE -mGLOB_ansi_alias -mPGOPTI_value_profile_use=T -mGLOB_opt_report_use_source_name -mP2OPT_il0_array_sections=TRUE -mGLOB_offload_mode=1 -mP2OPT_offload_unique_var_string=icc0106664695974iVIgs -mP2OPT_hlo -mP2OPT_hpo_rtt_control=0 -mIPOPT_args_in_regs=0 -mP2OPT_disam_assume_nonstd_intent_in=FALSE -mGLOB_imf_mapping_library=/sw/arcts/centos7/intel/16.0.3/compilers_and_libraries_2016.3.210/linux/bin/intel64/libiml_attr.so -mPGOPTI_gen_threadsafe_level=0 -mIPOPT_link -mIPOPT_ipo_activate -mIPOPT_mo_activate -mIPOPT_source_files_list=/tmp/iccslis4SDmy3 -mIPOPT_mo_global_data -mIPOPT_link_script_file=/tmp/iccscriptCS5PZT "-mIPOPT_cmdline_link="/usr/lib/gcc/x86_64-redhat-linux/4.8.5/../../../../lib64/crt1.o" "/usr/lib/gcc/x86_64-redhat-linux/4.8.5/../../../../lib64/crti.o" "/usr/lib/gcc/x86_64-redhat-linux/4.8.5/crtbegin.o" "-export-dynamic" "--eh-frame-hdr" "--build-id" "-dynamic-linker" "/lib64/ld-linux-x86-64.so.2" "-m" "elf_x86_64" "-o" "cmTC_31167" "-L/sw/arcts/centos7/intel/17.0.1-1/compilers_and_libraries_2017.1.132/linux/compiler/lib/intel64" "-L/sw/arcts/centos7/intel/17.0.1-1/compilers_and_libraries_2017.1.132/linux/mkl/lib/intel64" "-L/sw/arcts/centos7/intel/17.0.1-1/compilers_and_libraries_2017.1.132/linux/ipp/lib/intel64" "-L/sw/arcts/centos7/intel/17.0.1-1/compilers_and_libraries_2017.1.132/linux/compiler/lib/intel64_lin" "-L/sw/arcts/centos7/intel/17.0.1-1/compilers_and_libraries_2017.1.132/linux/mkl/lib/intel64_lin" "-L/sw/arcts/centos7/intel/17.0.1-1/compilers_and_libraries_2017.1.132/linux/tbb/lib/intel64/gcc4.7" "-L/sw/arcts/centos7/intel/17.0.1-1/compilers_and_libraries_2017.1.132/linux/daal/lib/intel64_lin" "-L/sw/arcts/centos7/intel/17.0.1-1/compilers_and_libraries_2017.1.132/linux/tbb/lib/intel64_lin/gcc4.4" "-L/sw/arcts/centos7/intel/16.0.3/compilers_and_libraries_2016.3.210/linux/compiler/lib/intel64_lin" "-L/usr/lib/gcc/x86_64-redhat-linux/4.8.5/" "-L/usr/lib/gcc/x86_64-redhat-linux/4.8.5/../../../../lib64" "-L/usr/lib/gcc/x86_64-redhat-linux/4.8.5/../../../../lib64/" "-L/lib/../lib64" "-L/lib/../lib64/" "-L/usr/lib/../lib64" "-L/usr/lib/../lib64/" "-L/sw/arcts/centos7/intel/17.0.1-1/compilers_and_libraries_2017.1.132/linux/compiler/lib/intel64/" "-L/sw/arcts/centos7/intel/17.0.1-1/compilers_and_libraries_2017.1.132/linux/mkl/lib/intel64/" "-L/sw/arcts/centos7/intel/17.0.1-1/compilers_and_libraries_2017.1.132/linux/ipp/lib/intel64/" "-L/sw/arcts/centos7/intel/17.0.1-1/compilers_and_libraries_2017.1.132/linux/compiler/lib/intel64_lin/" "-L/sw/arcts/centos7/intel/17.0.1-1/compilers_and_libraries_2017.1.132/linux/mkl/lib/intel64_lin/" "-L/sw/arcts/centos7/intel/17.0.1-1/compilers_and_libraries_2017.1.132/linux/tbb/lib/intel64/gcc4.7/" "-L/sw/arcts/centos7/intel/17.0.1-1/compilers_and_libraries_2017.1.132/linux/daal/lib/intel64_lin/" "-L/sw/arcts/centos7/intel/17.0.1-1/compilers_and_libraries_2017.1.132/linux/tbb/lib/intel64_lin/gcc4.4/" "-L/usr/lib/gcc/x86_64-redhat-linux/4.8.5/../../../" "-L/lib64" "-L/lib/" "-L/usr/lib64" "-L/usr/lib" "CMakeFiles/cmTC_31167.dir/CMakeCCompilerABI.c.o" "-Bdynamic" "-Bstatic" "-limf" "-lsvml" "-lirng" "-Bdynamic" "-lm" "-Bstatic" "-lipgo" "-ldecimal" "--as-needed" "-Bdynamic" "-lcilkrts" "-lstdc++" "--no-as-needed" "-lgcc" "-lgcc_s" "-Bstatic" "-lirc" "-lsvml" "-Bdynamic" "-lc" "-lgcc" "-lgcc_s" "-Bstatic" "-lirc_s" "-Bdynamic" "-ldl" "-lc" "/usr/lib/gcc/x86_64-redhat-linux/4.8.5/crtend.o" "/usr/lib/gcc/x86_64-redhat-linux/4.8.5/../../../../lib64/crtn.o"" -mIPOPT_il_in_obj -mIPOPT_ipo_activate_warn=FALSE -mIPOPT_obj_output_file_name=/tmp/ipo_iccwp6ATY.o -mIPOPT_whole_archive_fixup_file_name=/tmp/iccwarchoJe1G3 -mGLOB_linker_version=2.25.1 -mGLOB_long_size_64 -mGLOB_routine_pointer_size_64 -mGLOB_driver_tempfile_name=/tmp/icctempfileSkuxcU -mP3OPT_asm_target=P3OPT_ASM_TARGET_GAS -mGLOB_async_unwind_tables=TRUE -mGLOB_obj_output_file=/tmp/ipo_iccwp6ATY.o -mGLOB_source_dialect=GLOB_SOURCE_DIALECT_NONE -mP1OPT_source_file_name=ipo_out.c CMakeFiles/cmTC_31167.dir/CMakeCCompilerABI.c.o -mIPOPT_object_files=T -mIPOPT_assembly_files=/tmp/iccalisGibvMF -mIPOPT_generated_tempfiles=/tmp/iccelisMvEXdw -mIPOPT_embedded_object_base_name=/tmp/icceobj0aqqFm -mIPOPT_cmdline_link_new_name=/tmp/iccllisgNvT6c
ld    /usr/lib/gcc/x86_64-redhat-linux/4.8.5/../../../../lib64/crt1.o /usr/lib/gcc/x86_64-redhat-linux/4.8.5/../../../../lib64/crti.o /usr/lib/gcc/x86_64-redhat-linux/4.8.5/crtbegin.o -export-dynamic --eh-frame-hdr --build-id -dynamic-linker /lib64/ld-linux-x86-64.so.2 -m elf_x86_64 -o cmTC_31167 -L/sw/arcts/centos7/intel/17.0.1-1/compilers_and_libraries_2017.1.132/linux/compiler/lib/intel64 -L/sw/arcts/centos7/intel/17.0.1-1/compilers_and_libraries_2017.1.132/linux/mkl/lib/intel64 -L/sw/arcts/centos7/intel/17.0.1-1/compilers_and_libraries_2017.1.132/linux/ipp/lib/intel64 -L/sw/arcts/centos7/intel/17.0.1-1/compilers_and_libraries_2017.1.132/linux/compiler/lib/intel64_lin -L/sw/arcts/centos7/intel/17.0.1-1/compilers_and_libraries_2017.1.132/linux/mkl/lib/intel64_lin -L/sw/arcts/centos7/intel/17.0.1-1/compilers_and_libraries_2017.1.132/linux/tbb/lib/intel64/gcc4.7 -L/sw/arcts/centos7/intel/17.0.1-1/compilers_and_libraries_2017.1.132/linux/daal/lib/intel64_lin -L/sw/arcts/centos7/intel/17.0.1-1/compilers_and_libraries_2017.1.132/linux/tbb/lib/intel64_lin/gcc4.4 -L/sw/arcts/centos7/intel/16.0.3/compilers_and_libraries_2016.3.210/linux/compiler/lib/intel64_lin -L/usr/lib/gcc/x86_64-redhat-linux/4.8.5/ -L/usr/lib/gcc/x86_64-redhat-linux/4.8.5/../../../../lib64 -L/usr/lib/gcc/x86_64-redhat-linux/4.8.5/../../../../lib64/ -L/lib/../lib64 -L/lib/../lib64/ -L/usr/lib/../lib64 -L/usr/lib/../lib64/ -L/sw/arcts/centos7/intel/17.0.1-1/compilers_and_libraries_2017.1.132/linux/compiler/lib/intel64/ -L/sw/arcts/centos7/intel/17.0.1-1/compilers_and_libraries_2017.1.132/linux/mkl/lib/intel64/ -L/sw/arcts/centos7/intel/17.0.1-1/compilers_and_libraries_2017.1.132/linux/ipp/lib/intel64/ -L/sw/arcts/centos7/intel/17.0.1-1/compilers_and_libraries_2017.1.132/linux/compiler/lib/intel64_lin/ -L/sw/arcts/centos7/intel/17.0.1-1/compilers_and_libraries_2017.1.132/linux/mkl/lib/intel64_lin/ -L/sw/arcts/centos7/intel/17.0.1-1/compilers_and_libraries_2017.1.132/linux/tbb/lib/intel64/gcc4.7/ -L/sw/arcts/centos7/intel/17.0.1-1/compilers_and_libraries_2017.1.132/linux/daal/lib/intel64_lin/ -L/sw/arcts/centos7/intel/17.0.1-1/compilers_and_libraries_2017.1.132/linux/tbb/lib/intel64_lin/gcc4.4/ -L/usr/lib/gcc/x86_64-redhat-linux/4.8.5/../../../ -L/lib64 -L/lib/ -L/usr/lib64 -L/usr/lib CMakeFiles/cmTC_31167.dir/CMakeCCompilerABI.c.o -Bdynamic -Bstatic -limf -lsvml -lirng -Bdynamic -lm -Bstatic -lipgo -ldecimal --as-needed -Bdynamic -lcilkrts -lstdc++ --no-as-needed -lgcc -lgcc_s -Bstatic -lirc -lsvml -Bdynamic -lc -lgcc -lgcc_s -Bstatic -lirc_s -Bdynamic -ldl -lc /usr/lib/gcc/x86_64-redhat-linux/4.8.5/crtend.o /usr/lib/gcc/x86_64-redhat-linux/4.8.5/../../../../lib64/crtn.o
gmake[1]: Leaving directory `/home/phanim/KohnShamCodes/DEALIICode/periodicDFTFE/Tutorials/AllElectron/NonPeriodic/CarbonSingleAtom/CMakeFiles/CMakeTmp'


Parsed C implicit link information from above output:
  link line regex: [^( *|.*[/\])(ld|([^/\]+-)?ld|collect2)[^/\]*( |$)]
  ignore line: [Change Dir: /home/phanim/KohnShamCodes/DEALIICode/periodicDFTFE/Tutorials/AllElectron/NonPeriodic/CarbonSingleAtom/CMakeFiles/CMakeTmp]
  ignore line: []
  ignore line: [Run Build Command:"/usr/bin/gmake" "cmTC_31167/fast"]
  ignore line: [/usr/bin/gmake -f CMakeFiles/cmTC_31167.dir/build.make CMakeFiles/cmTC_31167.dir/build]
  ignore line: [gmake[1]: Entering directory `/home/phanim/KohnShamCodes/DEALIICode/periodicDFTFE/Tutorials/AllElectron/NonPeriodic/CarbonSingleAtom/CMakeFiles/CMakeTmp']
  ignore line: [Building C object CMakeFiles/cmTC_31167.dir/CMakeCCompilerABI.c.o]
  ignore line: [/sw/arcts/centos7/intel/16.0.3/compilers_and_libraries_2016.3.210/linux/bin/intel64/icc     -o CMakeFiles/cmTC_31167.dir/CMakeCCompilerABI.c.o   -c /sw/arcts/centos7/cmake/3.5.2/share/cmake-3.5/Modules/CMakeCCompilerABI.c]
  ignore line: [Linking C executable cmTC_31167]
  ignore line: [/sw/arcts/centos7/cmake/3.5.2/bin/cmake -E cmake_link_script CMakeFiles/cmTC_31167.dir/link.txt --verbose=1]
  ignore line: [/sw/arcts/centos7/intel/16.0.3/compilers_and_libraries_2016.3.210/linux/bin/intel64/icc      -v CMakeFiles/cmTC_31167.dir/CMakeCCompilerABI.c.o  -o cmTC_31167 -rdynamic  ]
  ignore line: [icc version 16.0.3 (gcc version 4.8.5 compatibility)]
  ignore line: [/sw/arcts/centos7/intel/16.0.3/compilers_and_libraries_2016.3.210/linux/bin/intel64/mcpcom    -mGLOB_em64t=TRUE -mP1OPT_version=16.0-intel64 -mGLOB_diag_file=CMakeFiles/cmTC_31167.dir/CMakeCCompilerABI.c.diag -mP1OPT_print_version=FALSE -mCG_use_gas_got_workaround=F -mP2OPT_align_option_used=TRUE -mGLOB_gcc_version=485 "-mGLOB_options_string=-v -o cmTC_31167 -rdynamic" -mGLOB_cxx_limited_range=FALSE -mCG_extend_parms=FALSE -mGLOB_compiler_bin_directory=/sw/arcts/centos7/intel/16.0.3/compilers_and_libraries_2016.3.210/linux/bin/intel64 -mGLOB_as_output_backup_file_name=/tmp/iccUZUpTAas_.s -mGLOB_dashboard_use_source_name -mIPOPT_activate -mGLOB_product_id_code=0x22006d91 -mP3OPT_use_mspp_call_convention -mP2OPT_subs_out_of_bound=FALSE -mP2OPT_disam_type_based_disam=2 -mP2OPT_disam_assume_ansi_c -mP2OPT_checked_disam_ansi_alias=TRUE -mGLOB_ansi_alias -mPGOPTI_value_profile_use=T -mGLOB_opt_report_use_source_name -mP2OPT_il0_array_sections=TRUE -mGLOB_offload_mode=1 -mP2OPT_offload_unique_var_string=icc0106664695974iVIgs -mP2OPT_hlo -mP2OPT_hpo_rtt_control=0 -mIPOPT_args_in_regs=0 -mP2OPT_disam_assume_nonstd_intent_in=FALSE -mGLOB_imf_mapping_library=/sw/arcts/centos7/intel/16.0.3/compilers_and_libraries_2016.3.210/linux/bin/intel64/libiml_attr.so -mPGOPTI_gen_threadsafe_level=0 -mIPOPT_link -mIPOPT_ipo_activate -mIPOPT_mo_activate -mIPOPT_source_files_list=/tmp/iccslis4SDmy3 -mIPOPT_mo_global_data -mIPOPT_link_script_file=/tmp/iccscriptCS5PZT "-mIPOPT_cmdline_link="/usr/lib/gcc/x86_64-redhat-linux/4.8.5/../../../../lib64/crt1.o" "/usr/lib/gcc/x86_64-redhat-linux/4.8.5/../../../../lib64/crti.o" "/usr/lib/gcc/x86_64-redhat-linux/4.8.5/crtbegin.o" "-export-dynamic" "--eh-frame-hdr" "--build-id" "-dynamic-linker" "/lib64/ld-linux-x86-64.so.2" "-m" "elf_x86_64" "-o" "cmTC_31167" "-L/sw/arcts/centos7/intel/17.0.1-1/compilers_and_libraries_2017.1.132/linux/compiler/lib/intel64" "-L/sw/arcts/centos7/intel/17.0.1-1/compilers_and_libraries_2017.1.132/linux/mkl/lib/intel64" "-L/sw/arcts/centos7/intel/17.0.1-1/compilers_and_libraries_2017.1.132/linux/ipp/lib/intel64" "-L/sw/arcts/centos7/intel/17.0.1-1/compilers_and_libraries_2017.1.132/linux/compiler/lib/intel64_lin" "-L/sw/arcts/centos7/intel/17.0.1-1/compilers_and_libraries_2017.1.132/linux/mkl/lib/intel64_lin" "-L/sw/arcts/centos7/intel/17.0.1-1/compilers_and_libraries_2017.1.132/linux/tbb/lib/intel64/gcc4.7" "-L/sw/arcts/centos7/intel/17.0.1-1/compilers_and_libraries_2017.1.132/linux/daal/lib/intel64_lin" "-L/sw/arcts/centos7/intel/17.0.1-1/compilers_and_libraries_2017.1.132/linux/tbb/lib/intel64_lin/gcc4.4" "-L/sw/arcts/centos7/intel/16.0.3/compilers_and_libraries_2016.3.210/linux/compiler/lib/intel64_lin" "-L/usr/lib/gcc/x86_64-redhat-linux/4.8.5/" "-L/usr/lib/gcc/x86_64-redhat-linux/4.8.5/../../../../lib64" "-L/usr/lib/gcc/x86_64-redhat-linux/4.8.5/../../../../lib64/" "-L/lib/../lib64" "-L/lib/../lib64/" "-L/usr/lib/../lib64" "-L/usr/lib/../lib64/" "-L/sw/arcts/centos7/intel/17.0.1-1/compilers_and_libraries_2017.1.132/linux/compiler/lib/intel64/" "-L/sw/arcts/centos7/intel/17.0.1-1/compilers_and_libraries_2017.1.132/linux/mkl/lib/intel64/" "-L/sw/arcts/centos7/intel/17.0.1-1/compilers_and_libraries_2017.1.132/linux/ipp/lib/intel64/" "-L/sw/arcts/centos7/intel/17.0.1-1/compilers_and_libraries_2017.1.132/linux/compiler/lib/intel64_lin/" "-L/sw/arcts/centos7/intel/17.0.1-1/compilers_and_libraries_2017.1.132/linux/mkl/lib/intel64_lin/" "-L/sw/arcts/centos7/intel/17.0.1-1/compilers_and_libraries_2017.1.132/linux/tbb/lib/intel64/gcc4.7/" "-L/sw/arcts/centos7/intel/17.0.1-1/compilers_and_libraries_2017.1.132/linux/daal/lib/intel64_lin/" "-L/sw/arcts/centos7/intel/17.0.1-1/compilers_and_libraries_2017.1.132/linux/tbb/lib/intel64_lin/gcc4.4/" "-L/usr/lib/gcc/x86_64-redhat-linux/4.8.5/../../../" "-L/lib64" "-L/lib/" "-L/usr/lib64" "-L/usr/lib" "CMakeFiles/cmTC_31167.dir/CMakeCCompilerABI.c.o" "-Bdynamic" "-Bstatic" "-limf" "-lsvml" "-lirng" "-Bdynamic" "-lm" "-Bstatic" "-lipgo" "-ldecimal" "--as-needed" "-Bdynamic" "-lcilkrts" "-lstdc++" "--no-as-needed" "-lgcc" "-lgcc_s" "-Bstatic" "-lirc" "-lsvml" "-Bdynamic" "-lc" "-lgcc" "-lgcc_s" "-Bstatic" "-lirc_s" "-Bdynamic" "-ldl" "-lc" "/usr/lib/gcc/x86_64-redhat-linux/4.8.5/crtend.o" "/usr/lib/gcc/x86_64-redhat-linux/4.8.5/../../../../lib64/crtn.o"" -mIPOPT_il_in_obj -mIPOPT_ipo_activate_warn=FALSE -mIPOPT_obj_output_file_name=/tmp/ipo_iccwp6ATY.o -mIPOPT_whole_archive_fixup_file_name=/tmp/iccwarchoJe1G3 -mGLOB_linker_version=2.25.1 -mGLOB_long_size_64 -mGLOB_routine_pointer_size_64 -mGLOB_driver_tempfile_name=/tmp/icctempfileSkuxcU -mP3OPT_asm_target=P3OPT_ASM_TARGET_GAS -mGLOB_async_unwind_tables=TRUE -mGLOB_obj_output_file=/tmp/ipo_iccwp6ATY.o -mGLOB_source_dialect=GLOB_SOURCE_DIALECT_NONE -mP1OPT_source_file_name=ipo_out.c CMakeFiles/cmTC_31167.dir/CMakeCCompilerABI.c.o -mIPOPT_object_files=T -mIPOPT_assembly_files=/tmp/iccalisGibvMF -mIPOPT_generated_tempfiles=/tmp/iccelisMvEXdw -mIPOPT_embedded_object_base_name=/tmp/icceobj0aqqFm -mIPOPT_cmdline_link_new_name=/tmp/iccllisgNvT6c]
  link line: [ld    /usr/lib/gcc/x86_64-redhat-linux/4.8.5/../../../../lib64/crt1.o /usr/lib/gcc/x86_64-redhat-linux/4.8.5/../../../../lib64/crti.o /usr/lib/gcc/x86_64-redhat-linux/4.8.5/crtbegin.o -export-dynamic --eh-frame-hdr --build-id -dynamic-linker /lib64/ld-linux-x86-64.so.2 -m elf_x86_64 -o cmTC_31167 -L/sw/arcts/centos7/intel/17.0.1-1/compilers_and_libraries_2017.1.132/linux/compiler/lib/intel64 -L/sw/arcts/centos7/intel/17.0.1-1/compilers_and_libraries_2017.1.132/linux/mkl/lib/intel64 -L/sw/arcts/centos7/intel/17.0.1-1/compilers_and_libraries_2017.1.132/linux/ipp/lib/intel64 -L/sw/arcts/centos7/intel/17.0.1-1/compilers_and_libraries_2017.1.132/linux/compiler/lib/intel64_lin -L/sw/arcts/centos7/intel/17.0.1-1/compilers_and_libraries_2017.1.132/linux/mkl/lib/intel64_lin -L/sw/arcts/centos7/intel/17.0.1-1/compilers_and_libraries_2017.1.132/linux/tbb/lib/intel64/gcc4.7 -L/sw/arcts/centos7/intel/17.0.1-1/compilers_and_libraries_2017.1.132/linux/daal/lib/intel64_lin -L/sw/arcts/centos7/intel/17.0.1-1/compilers_and_libraries_2017.1.132/linux/tbb/lib/intel64_lin/gcc4.4 -L/sw/arcts/centos7/intel/16.0.3/compilers_and_libraries_2016.3.210/linux/compiler/lib/intel64_lin -L/usr/lib/gcc/x86_64-redhat-linux/4.8.5/ -L/usr/lib/gcc/x86_64-redhat-linux/4.8.5/../../../../lib64 -L/usr/lib/gcc/x86_64-redhat-linux/4.8.5/../../../../lib64/ -L/lib/../lib64 -L/lib/../lib64/ -L/usr/lib/../lib64 -L/usr/lib/../lib64/ -L/sw/arcts/centos7/intel/17.0.1-1/compilers_and_libraries_2017.1.132/linux/compiler/lib/intel64/ -L/sw/arcts/centos7/intel/17.0.1-1/compilers_and_libraries_2017.1.132/linux/mkl/lib/intel64/ -L/sw/arcts/centos7/intel/17.0.1-1/compilers_and_libraries_2017.1.132/linux/ipp/lib/intel64/ -L/sw/arcts/centos7/intel/17.0.1-1/compilers_and_libraries_2017.1.132/linux/compiler/lib/intel64_lin/ -L/sw/arcts/centos7/intel/17.0.1-1/compilers_and_libraries_2017.1.132/linux/mkl/lib/intel64_lin/ -L/sw/arcts/centos7/intel/17.0.1-1/compilers_and_libraries_2017.1.132/linux/tbb/lib/intel64/gcc4.7/ -L/sw/arcts/centos7/intel/17.0.1-1/compilers_and_libraries_2017.1.132/linux/daal/lib/intel64_lin/ -L/sw/arcts/centos7/intel/17.0.1-1/compilers_and_libraries_2017.1.132/linux/tbb/lib/intel64_lin/gcc4.4/ -L/usr/lib/gcc/x86_64-redhat-linux/4.8.5/../../../ -L/lib64 -L/lib/ -L/usr/lib64 -L/usr/lib CMakeFiles/cmTC_31167.dir/CMakeCCompilerABI.c.o -Bdynamic -Bstatic -limf -lsvml -lirng -Bdynamic -lm -Bstatic -lipgo -ldecimal --as-needed -Bdynamic -lcilkrts -lstdc++ --no-as-needed -lgcc -lgcc_s -Bstatic -lirc -lsvml -Bdynamic -lc -lgcc -lgcc_s -Bstatic -lirc_s -Bdynamic -ldl -lc /usr/lib/gcc/x86_64-redhat-linux/4.8.5/crtend.o /usr/lib/gcc/x86_64-redhat-linux/4.8.5/../../../../lib64/crtn.o]
    arg [ld] ==> ignore
    arg [/usr/lib/gcc/x86_64-redhat-linux/4.8.5/../../../../lib64/crt1.o] ==> ignore
    arg [/usr/lib/gcc/x86_64-redhat-linux/4.8.5/../../../../lib64/crti.o] ==> ignore
    arg [/usr/lib/gcc/x86_64-redhat-linux/4.8.5/crtbegin.o] ==> ignore
    arg [-export-dynamic] ==> ignore
    arg [--eh-frame-hdr] ==> ignore
    arg [--build-id] ==> ignore
    arg [-dynamic-linker] ==> ignore
    arg [/lib64/ld-linux-x86-64.so.2] ==> ignore
    arg [-m] ==> ignore
    arg [elf_x86_64] ==> ignore
    arg [-o] ==> ignore
    arg [cmTC_31167] ==> ignore
    arg [-L/sw/arcts/centos7/intel/17.0.1-1/compilers_and_libraries_2017.1.132/linux/compiler/lib/intel64] ==> dir [/sw/arcts/centos7/intel/17.0.1-1/compilers_and_libraries_2017.1.132/linux/compiler/lib/intel64]
    arg [-L/sw/arcts/centos7/intel/17.0.1-1/compilers_and_libraries_2017.1.132/linux/mkl/lib/intel64] ==> dir [/sw/arcts/centos7/intel/17.0.1-1/compilers_and_libraries_2017.1.132/linux/mkl/lib/intel64]
    arg [-L/sw/arcts/centos7/intel/17.0.1-1/compilers_and_libraries_2017.1.132/linux/ipp/lib/intel64] ==> dir [/sw/arcts/centos7/intel/17.0.1-1/compilers_and_libraries_2017.1.132/linux/ipp/lib/intel64]
    arg [-L/sw/arcts/centos7/intel/17.0.1-1/compilers_and_libraries_2017.1.132/linux/compiler/lib/intel64_lin] ==> dir [/sw/arcts/centos7/intel/17.0.1-1/compilers_and_libraries_2017.1.132/linux/compiler/lib/intel64_lin]
    arg [-L/sw/arcts/centos7/intel/17.0.1-1/compilers_and_libraries_2017.1.132/linux/mkl/lib/intel64_lin] ==> dir [/sw/arcts/centos7/intel/17.0.1-1/compilers_and_libraries_2017.1.132/linux/mkl/lib/intel64_lin]
    arg [-L/sw/arcts/centos7/intel/17.0.1-1/compilers_and_libraries_2017.1.132/linux/tbb/lib/intel64/gcc4.7] ==> dir [/sw/arcts/centos7/intel/17.0.1-1/compilers_and_libraries_2017.1.132/linux/tbb/lib/intel64/gcc4.7]
    arg [-L/sw/arcts/centos7/intel/17.0.1-1/compilers_and_libraries_2017.1.132/linux/daal/lib/intel64_lin] ==> dir [/sw/arcts/centos7/intel/17.0.1-1/compilers_and_libraries_2017.1.132/linux/daal/lib/intel64_lin]
    arg [-L/sw/arcts/centos7/intel/17.0.1-1/compilers_and_libraries_2017.1.132/linux/tbb/lib/intel64_lin/gcc4.4] ==> dir [/sw/arcts/centos7/intel/17.0.1-1/compilers_and_libraries_2017.1.132/linux/tbb/lib/intel64_lin/gcc4.4]
    arg [-L/sw/arcts/centos7/intel/16.0.3/compilers_and_libraries_2016.3.210/linux/compiler/lib/intel64_lin] ==> dir [/sw/arcts/centos7/intel/16.0.3/compilers_and_libraries_2016.3.210/linux/compiler/lib/intel64_lin]
    arg [-L/usr/lib/gcc/x86_64-redhat-linux/4.8.5/] ==> dir [/usr/lib/gcc/x86_64-redhat-linux/4.8.5/]
    arg [-L/usr/lib/gcc/x86_64-redhat-linux/4.8.5/../../../../lib64] ==> dir [/usr/lib/gcc/x86_64-redhat-linux/4.8.5/../../../../lib64]
    arg [-L/usr/lib/gcc/x86_64-redhat-linux/4.8.5/../../../../lib64/] ==> dir [/usr/lib/gcc/x86_64-redhat-linux/4.8.5/../../../../lib64/]
    arg [-L/lib/../lib64] ==> dir [/lib/../lib64]
    arg [-L/lib/../lib64/] ==> dir [/lib/../lib64/]
    arg [-L/usr/lib/../lib64] ==> dir [/usr/lib/../lib64]
    arg [-L/usr/lib/../lib64/] ==> dir [/usr/lib/../lib64/]
    arg [-L/sw/arcts/centos7/intel/17.0.1-1/compilers_and_libraries_2017.1.132/linux/compiler/lib/intel64/] ==> dir [/sw/arcts/centos7/intel/17.0.1-1/compilers_and_libraries_2017.1.132/linux/compiler/lib/intel64/]
    arg [-L/sw/arcts/centos7/intel/17.0.1-1/compilers_and_libraries_2017.1.132/linux/mkl/lib/intel64/] ==> dir [/sw/arcts/centos7/intel/17.0.1-1/compilers_and_libraries_2017.1.132/linux/mkl/lib/intel64/]
    arg [-L/sw/arcts/centos7/intel/17.0.1-1/compilers_and_libraries_2017.1.132/linux/ipp/lib/intel64/] ==> dir [/sw/arcts/centos7/intel/17.0.1-1/compilers_and_libraries_2017.1.132/linux/ipp/lib/intel64/]
    arg [-L/sw/arcts/centos7/intel/17.0.1-1/compilers_and_libraries_2017.1.132/linux/compiler/lib/intel64_lin/] ==> dir [/sw/arcts/centos7/intel/17.0.1-1/compilers_and_libraries_2017.1.132/linux/compiler/lib/intel64_lin/]
    arg [-L/sw/arcts/centos7/intel/17.0.1-1/compilers_and_libraries_2017.1.132/linux/mkl/lib/intel64_lin/] ==> dir [/sw/arcts/centos7/intel/17.0.1-1/compilers_and_libraries_2017.1.132/linux/mkl/lib/intel64_lin/]
    arg [-L/sw/arcts/centos7/intel/17.0.1-1/compilers_and_libraries_2017.1.132/linux/tbb/lib/intel64/gcc4.7/] ==> dir [/sw/arcts/centos7/intel/17.0.1-1/compilers_and_libraries_2017.1.132/linux/tbb/lib/intel64/gcc4.7/]
    arg [-L/sw/arcts/centos7/intel/17.0.1-1/compilers_and_libraries_2017.1.132/linux/daal/lib/intel64_lin/] ==> dir [/sw/arcts/centos7/intel/17.0.1-1/compilers_and_libraries_2017.1.132/linux/daal/lib/intel64_lin/]
    arg [-L/sw/arcts/centos7/intel/17.0.1-1/compilers_and_libraries_2017.1.132/linux/tbb/lib/intel64_lin/gcc4.4/] ==> dir [/sw/arcts/centos7/intel/17.0.1-1/compilers_and_libraries_2017.1.132/linux/tbb/lib/intel64_lin/gcc4.4/]
    arg [-L/usr/lib/gcc/x86_64-redhat-linux/4.8.5/../../../] ==> dir [/usr/lib/gcc/x86_64-redhat-linux/4.8.5/../../../]
    arg [-L/lib64] ==> dir [/lib64]
    arg [-L/lib/] ==> dir [/lib/]
    arg [-L/usr/lib64] ==> dir [/usr/lib64]
    arg [-L/usr/lib] ==> dir [/usr/lib]
    arg [CMakeFiles/cmTC_31167.dir/CMakeCCompilerABI.c.o] ==> ignore
    arg [-Bdynamic] ==> ignore
    arg [-Bstatic] ==> ignore
    arg [-limf] ==> lib [imf]
    arg [-lsvml] ==> lib [svml]
    arg [-lirng] ==> lib [irng]
    arg [-Bdynamic] ==> ignore
    arg [-lm] ==> lib [m]
    arg [-Bstatic] ==> ignore
    arg [-lipgo] ==> lib [ipgo]
    arg [-ldecimal] ==> lib [decimal]
    arg [--as-needed] ==> ignore
    arg [-Bdynamic] ==> ignore
    arg [-lcilkrts] ==> lib [cilkrts]
    arg [-lstdc++] ==> lib [stdc++]
    arg [--no-as-needed] ==> ignore
    arg [-lgcc] ==> lib [gcc]
    arg [-lgcc_s] ==> lib [gcc_s]
    arg [-Bstatic] ==> ignore
    arg [-lirc] ==> lib [irc]
    arg [-lsvml] ==> lib [svml]
    arg [-Bdynamic] ==> ignore
    arg [-lc] ==> lib [c]
    arg [-lgcc] ==> lib [gcc]
    arg [-lgcc_s] ==> lib [gcc_s]
    arg [-Bstatic] ==> ignore
    arg [-lirc_s] ==> lib [irc_s]
    arg [-Bdynamic] ==> ignore
    arg [-ldl] ==> lib [dl]
    arg [-lc] ==> lib [c]
    arg [/usr/lib/gcc/x86_64-redhat-linux/4.8.5/crtend.o] ==> ignore
    arg [/usr/lib/gcc/x86_64-redhat-linux/4.8.5/../../../../lib64/crtn.o] ==> ignore
  remove lib [gcc]
  remove lib [gcc_s]
  remove lib [gcc]
  remove lib [gcc_s]
  collapse library dir [/sw/arcts/centos7/intel/17.0.1-1/compilers_and_libraries_2017.1.132/linux/compiler/lib/intel64] ==> [/sw/arcts/centos7/intel/17.0.1-1/compilers_and_libraries_2017.1.132/linux/compiler/lib/intel64]
  collapse library dir [/sw/arcts/centos7/intel/17.0.1-1/compilers_and_libraries_2017.1.132/linux/mkl/lib/intel64] ==> [/sw/arcts/centos7/intel/17.0.1-1/compilers_and_libraries_2017.1.132/linux/mkl/lib/intel64]
  collapse library dir [/sw/arcts/centos7/intel/17.0.1-1/compilers_and_libraries_2017.1.132/linux/ipp/lib/intel64] ==> [/sw/arcts/centos7/intel/17.0.1-1/compilers_and_libraries_2017.1.132/linux/ipp/lib/intel64]
  collapse library dir [/sw/arcts/centos7/intel/17.0.1-1/compilers_and_libraries_2017.1.132/linux/compiler/lib/intel64_lin] ==> [/sw/arcts/centos7/intel/17.0.1-1/compilers_and_libraries_2017.1.132/linux/compiler/lib/intel64_lin]
  collapse library dir [/sw/arcts/centos7/intel/17.0.1-1/compilers_and_libraries_2017.1.132/linux/mkl/lib/intel64_lin] ==> [/sw/arcts/centos7/intel/17.0.1-1/compilers_and_libraries_2017.1.132/linux/mkl/lib/intel64_lin]
  collapse library dir [/sw/arcts/centos7/intel/17.0.1-1/compilers_and_libraries_2017.1.132/linux/tbb/lib/intel64/gcc4.7] ==> [/sw/arcts/centos7/intel/17.0.1-1/compilers_and_libraries_2017.1.132/linux/tbb/lib/intel64/gcc4.7]
  collapse library dir [/sw/arcts/centos7/intel/17.0.1-1/compilers_and_libraries_2017.1.132/linux/daal/lib/intel64_lin] ==> [/sw/arcts/centos7/intel/17.0.1-1/compilers_and_libraries_2017.1.132/linux/daal/lib/intel64_lin]
  collapse library dir [/sw/arcts/centos7/intel/17.0.1-1/compilers_and_libraries_2017.1.132/linux/tbb/lib/intel64_lin/gcc4.4] ==> [/sw/arcts/centos7/intel/17.0.1-1/compilers_and_libraries_2017.1.132/linux/tbb/lib/intel64_lin/gcc4.4]
  collapse library dir [/sw/arcts/centos7/intel/16.0.3/compilers_and_libraries_2016.3.210/linux/compiler/lib/intel64_lin] ==> [/sw/arcts/centos7/intel/16.0.3/compilers_and_libraries_2016.3.210/linux/compiler/lib/intel64_lin]
  collapse library dir [/usr/lib/gcc/x86_64-redhat-linux/4.8.5/] ==> [/usr/lib/gcc/x86_64-redhat-linux/4.8.5]
  collapse library dir [/usr/lib/gcc/x86_64-redhat-linux/4.8.5/../../../../lib64] ==> [/usr/lib64]
  collapse library dir [/usr/lib/gcc/x86_64-redhat-linux/4.8.5/../../../../lib64/] ==> [/usr/lib64]
  collapse library dir [/lib/../lib64] ==> [/lib64]
  collapse library dir [/lib/../lib64/] ==> [/lib64]
  collapse library dir [/usr/lib/../lib64] ==> [/usr/lib64]
  collapse library dir [/usr/lib/../lib64/] ==> [/usr/lib64]
  collapse library dir [/sw/arcts/centos7/intel/17.0.1-1/compilers_and_libraries_2017.1.132/linux/compiler/lib/intel64/] ==> [/sw/arcts/centos7/intel/17.0.1-1/compilers_and_libraries_2017.1.132/linux/compiler/lib/intel64]
  collapse library dir [/sw/arcts/centos7/intel/17.0.1-1/compilers_and_libraries_2017.1.132/linux/mkl/lib/intel64/] ==> [/sw/arcts/centos7/intel/17.0.1-1/compilers_and_libraries_2017.1.132/linux/mkl/lib/intel64]
  collapse library dir [/sw/arcts/centos7/intel/17.0.1-1/compilers_and_libraries_2017.1.132/linux/ipp/lib/intel64/] ==> [/sw/arcts/centos7/intel/17.0.1-1/compilers_and_libraries_2017.1.132/linux/ipp/lib/intel64]
  collapse library dir [/sw/arcts/centos7/intel/17.0.1-1/compilers_and_libraries_2017.1.132/linux/compiler/lib/intel64_lin/] ==> [/sw/arcts/centos7/intel/17.0.1-1/compilers_and_libraries_2017.1.132/linux/compiler/lib/intel64_lin]
  collapse library dir [/sw/arcts/centos7/intel/17.0.1-1/compilers_and_libraries_2017.1.132/linux/mkl/lib/intel64_lin/] ==> [/sw/arcts/centos7/intel/17.0.1-1/compilers_and_libraries_2017.1.132/linux/mkl/lib/intel64_lin]
  collapse library dir [/sw/arcts/centos7/intel/17.0.1-1/compilers_and_libraries_2017.1.132/linux/tbb/lib/intel64/gcc4.7/] ==> [/sw/arcts/centos7/intel/17.0.1-1/compilers_and_libraries_2017.1.132/linux/tbb/lib/intel64/gcc4.7]
  collapse library dir [/sw/arcts/centos7/intel/17.0.1-1/compilers_and_libraries_2017.1.132/linux/daal/lib/intel64_lin/] ==> [/sw/arcts/centos7/intel/17.0.1-1/compilers_and_libraries_2017.1.132/linux/daal/lib/intel64_lin]
  collapse library dir [/sw/arcts/centos7/intel/17.0.1-1/compilers_and_libraries_2017.1.132/linux/tbb/lib/intel64_lin/gcc4.4/] ==> [/sw/arcts/centos7/intel/17.0.1-1/compilers_and_libraries_2017.1.132/linux/tbb/lib/intel64_lin/gcc4.4]
  collapse library dir [/usr/lib/gcc/x86_64-redhat-linux/4.8.5/../../../] ==> [/usr/lib]
  collapse library dir [/lib64] ==> [/lib64]
  collapse library dir [/lib/] ==> [/lib]
  collapse library dir [/usr/lib64] ==> [/usr/lib64]
  collapse library dir [/usr/lib] ==> [/usr/lib]
  implicit libs: [imf;svml;irng;m;ipgo;decimal;cilkrts;stdc++;irc;svml;c;irc_s;dl;c]
  implicit dirs: [/sw/arcts/centos7/intel/17.0.1-1/compilers_and_libraries_2017.1.132/linux/compiler/lib/intel64;/sw/arcts/centos7/intel/17.0.1-1/compilers_and_libraries_2017.1.132/linux/mkl/lib/intel64;/sw/arcts/centos7/intel/17.0.1-1/compilers_and_libraries_2017.1.132/linux/ipp/lib/intel64;/sw/arcts/centos7/intel/17.0.1-1/compilers_and_libraries_2017.1.132/linux/compiler/lib/intel64_lin;/sw/arcts/centos7/intel/17.0.1-1/compilers_and_libraries_2017.1.132/linux/mkl/lib/intel64_lin;/sw/arcts/centos7/intel/17.0.1-1/compilers_and_libraries_2017.1.132/linux/tbb/lib/intel64/gcc4.7;/sw/arcts/centos7/intel/17.0.1-1/compilers_and_libraries_2017.1.132/linux/daal/lib/intel64_lin;/sw/arcts/centos7/intel/17.0.1-1/compilers_and_libraries_2017.1.132/linux/tbb/lib/intel64_lin/gcc4.4;/sw/arcts/centos7/intel/16.0.3/compilers_and_libraries_2016.3.210/linux/compiler/lib/intel64_lin;/usr/lib/gcc/x86_64-redhat-linux/4.8.5;/usr/lib64;/lib64;/usr/lib;/lib]
  implicit fwks: []


Determining if the CXX compiler works passed with the following output:
Change Dir: /home/phanim/KohnShamCodes/DEALIICode/periodicDFTFE/Tutorials/AllElectron/NonPeriodic/CarbonSingleAtom/CMakeFiles/CMakeTmp

Run Build Command:"/usr/bin/gmake" "cmTC_98eaf/fast"
/usr/bin/gmake -f CMakeFiles/cmTC_98eaf.dir/build.make CMakeFiles/cmTC_98eaf.dir/build
gmake[1]: Entering directory `/home/phanim/KohnShamCodes/DEALIICode/periodicDFTFE/Tutorials/AllElectron/NonPeriodic/CarbonSingleAtom/CMakeFiles/CMakeTmp'
Building CXX object CMakeFiles/cmTC_98eaf.dir/testCXXCompiler.cxx.o
/sw/arcts/centos7/intel/16.0.3/compilers_and_libraries_2016.3.210/linux/bin/intel64/icpc     -I/nfs/mcfs_comp/home/rudraa/software/libxc/libxc-2.2.0/installDir/include -I/home/vikramg/DFT-FE-softwares/softwareCentos/petsc/intel_petsc3.7.5_double_elemental/include  -I/home/vikramg/DFT-FE-softwares/softwareCentos/slepc/intel_slepc3.7.3_double_elemental/include -w    -o CMakeFiles/cmTC_98eaf.dir/testCXXCompiler.cxx.o -c /home/phanim/KohnShamCodes/DEALIICode/periodicDFTFE/Tutorials/AllElectron/NonPeriodic/CarbonSingleAtom/CMakeFiles/CMakeTmp/testCXXCompiler.cxx
Linking CXX executable cmTC_98eaf
/sw/arcts/centos7/cmake/3.5.2/bin/cmake -E cmake_link_script CMakeFiles/cmTC_98eaf.dir/link.txt --verbose=1
/sw/arcts/centos7/intel/16.0.3/compilers_and_libraries_2016.3.210/linux/bin/intel64/icpc    -I/nfs/mcfs_comp/home/rudraa/software/libxc/libxc-2.2.0/installDir/include -I/home/vikramg/DFT-FE-softwares/softwareCentos/petsc/intel_petsc3.7.5_double_elemental/include  -I/home/vikramg/DFT-FE-softwares/softwareCentos/slepc/intel_slepc3.7.3_double_elemental/include -w     CMakeFiles/cmTC_98eaf.dir/testCXXCompiler.cxx.o  -o cmTC_98eaf -rdynamic 
gmake[1]: Leaving directory `/home/phanim/KohnShamCodes/DEALIICode/periodicDFTFE/Tutorials/AllElectron/NonPeriodic/CarbonSingleAtom/CMakeFiles/CMakeTmp'


Detecting CXX compiler ABI info compiled with the following output:
Change Dir: /home/phanim/KohnShamCodes/DEALIICode/periodicDFTFE/Tutorials/AllElectron/NonPeriodic/CarbonSingleAtom/CMakeFiles/CMakeTmp

Run Build Command:"/usr/bin/gmake" "cmTC_3deba/fast"
/usr/bin/gmake -f CMakeFiles/cmTC_3deba.dir/build.make CMakeFiles/cmTC_3deba.dir/build
gmake[1]: Entering directory `/home/phanim/KohnShamCodes/DEALIICode/periodicDFTFE/Tutorials/AllElectron/NonPeriodic/CarbonSingleAtom/CMakeFiles/CMakeTmp'
Building CXX object CMakeFiles/cmTC_3deba.dir/CMakeCXXCompilerABI.cpp.o
/sw/arcts/centos7/intel/16.0.3/compilers_and_libraries_2016.3.210/linux/bin/intel64/icpc     -I/nfs/mcfs_comp/home/rudraa/software/libxc/libxc-2.2.0/installDir/include -I/home/vikramg/DFT-FE-softwares/softwareCentos/petsc/intel_petsc3.7.5_double_elemental/include  -I/home/vikramg/DFT-FE-softwares/softwareCentos/slepc/intel_slepc3.7.3_double_elemental/include -w    -o CMakeFiles/cmTC_3deba.dir/CMakeCXXCompilerABI.cpp.o -c /sw/arcts/centos7/cmake/3.5.2/share/cmake-3.5/Modules/CMakeCXXCompilerABI.cpp
Linking CXX executable cmTC_3deba
/sw/arcts/centos7/cmake/3.5.2/bin/cmake -E cmake_link_script CMakeFiles/cmTC_3deba.dir/link.txt --verbose=1
/sw/arcts/centos7/intel/16.0.3/compilers_and_libraries_2016.3.210/linux/bin/intel64/icpc    -I/nfs/mcfs_comp/home/rudraa/software/libxc/libxc-2.2.0/installDir/include -I/home/vikramg/DFT-FE-softwares/softwareCentos/petsc/intel_petsc3.7.5_double_elemental/include  -I/home/vikramg/DFT-FE-softwares/softwareCentos/slepc/intel_slepc3.7.3_double_elemental/include -w    -v CMakeFiles/cmTC_3deba.dir/CMakeCXXCompilerABI.cpp.o  -o cmTC_3deba -rdynamic  
icpc version 16.0.3 (gcc version 4.8.5 compatibility)
/sw/arcts/centos7/intel/16.0.3/compilers_and_libraries_2016.3.210/linux/bin/intel64/mcpcom    -mGLOB_em64t=TRUE -mP1OPT_version=16.0-intel64 -mGLOB_diag_enable_disable=D:warn -mGLOB_diag_file=CMakeFiles/cmTC_3deba.dir/CMakeCXXCompilerABI.cpp.diag -mP1OPT_print_version=FALSE -mCG_use_gas_got_workaround=F -mP2OPT_align_option_used=TRUE -mGLOB_gcc_version=485 "-mGLOB_options_string=-I/nfs/mcfs_comp/home/rudraa/software/libxc/libxc-2.2.0/installDir/include -I/home/vikramg/DFT-FE-softwares/softwareCentos/petsc/intel_petsc3.7.5_double_elemental/include -I/home/vikramg/DFT-FE-softwares/softwareCentos/slepc/intel_slepc3.7.3_double_elemental/include -w -v -o cmTC_3deba -rdynamic" -mGLOB_cxx_limited_range=FALSE -mCG_extend_parms=FALSE -mGLOB_compiler_bin_directory=/sw/arcts/centos7/intel/16.0.3/compilers_and_libraries_2016.3.210/linux/bin/intel64 -mGLOB_as_output_backup_file_name=/tmp/icpcM66Guhas_.s -mGLOB_dashboard_use_source_name -mIPOPT_activate -mGLOB_product_id_code=0x22006d8e -mP3OPT_use_mspp_call_convention -mP2OPT_subs_out_of_bound=FALSE -mP2OPT_disam_type_based_disam=2 -mP2OPT_disam_assume_ansi_c -mP2OPT_checked_disam_ansi_alias=TRUE -mGLOB_ansi_alias -mPGOPTI_value_profile_use=T -mGLOB_opt_report_use_source_name -mP2OPT_il0_array_sections=TRUE -mGLOB_offload_mode=1 -mP2OPT_offload_unique_var_string=icpc0101341709690yrHxlb -mP2OPT_hlo -mP2OPT_hpo_rtt_control=0 -mIPOPT_args_in_regs=0 -mP2OPT_disam_assume_nonstd_intent_in=FALSE -mGLOB_imf_mapping_library=/sw/arcts/centos7/intel/16.0.3/compilers_and_libraries_2016.3.210/linux/bin/intel64/libiml_attr.so -mPGOPTI_gen_threadsafe_level=0 -mIPOPT_link -mIPOPT_ipo_activate -mIPOPT_mo_activate -mIPOPT_source_files_list=/tmp/icpcslis6iGb9n -mIPOPT_mo_global_data -mIPOPT_link_script_file=/tmp/icpcscripto88tVl "-mIPOPT_cmdline_link="/usr/lib/gcc/x86_64-redhat-linux/4.8.5/../../../../lib64/crt1.o" "/usr/lib/gcc/x86_64-redhat-linux/4.8.5/../../../../lib64/crti.o" "/usr/lib/gcc/x86_64-redhat-linux/4.8.5/crtbegin.o" "-export-dynamic" "--eh-frame-hdr" "--build-id" "-dynamic-linker" "/lib64/ld-linux-x86-64.so.2" "-m" "elf_x86_64" "-o" "cmTC_3deba" "-L/sw/arcts/centos7/intel/17.0.1-1/compilers_and_libraries_2017.1.132/linux/compiler/lib/intel64" "-L/sw/arcts/centos7/intel/17.0.1-1/compilers_and_libraries_2017.1.132/linux/mkl/lib/intel64" "-L/sw/arcts/centos7/intel/17.0.1-1/compilers_and_libraries_2017.1.132/linux/ipp/lib/intel64" "-L/sw/arcts/centos7/intel/17.0.1-1/compilers_and_libraries_2017.1.132/linux/compiler/lib/intel64_lin" "-L/sw/arcts/centos7/intel/17.0.1-1/compilers_and_libraries_2017.1.132/linux/mkl/lib/intel64_lin" "-L/sw/arcts/centos7/intel/17.0.1-1/compilers_and_libraries_2017.1.132/linux/tbb/lib/intel64/gcc4.7" "-L/sw/arcts/centos7/intel/17.0.1-1/compilers_and_libraries_2017.1.132/linux/daal/lib/intel64_lin" "-L/sw/arcts/centos7/intel/17.0.1-1/compilers_and_libraries_2017.1.132/linux/tbb/lib/intel64_lin/gcc4.4" "-L/sw/arcts/centos7/intel/16.0.3/compilers_and_libraries_2016.3.210/linux/compiler/lib/intel64_lin" "-L/usr/lib/gcc/x86_64-redhat-linux/4.8.5/" "-L/usr/lib/gcc/x86_64-redhat-linux/4.8.5/../../../../lib64" "-L/usr/lib/gcc/x86_64-redhat-linux/4.8.5/../../../../lib64/" "-L/lib/../lib64" "-L/lib/../lib64/" "-L/usr/lib/../lib64" "-L/usr/lib/../lib64/" "-L/sw/arcts/centos7/intel/17.0.1-1/compilers_and_libraries_2017.1.132/linux/compiler/lib/intel64/" "-L/sw/arcts/centos7/intel/17.0.1-1/compilers_and_libraries_2017.1.132/linux/mkl/lib/intel64/" "-L/sw/arcts/centos7/intel/17.0.1-1/compilers_and_libraries_2017.1.132/linux/ipp/lib/intel64/" "-L/sw/arcts/centos7/intel/17.0.1-1/compilers_and_libraries_2017.1.132/linux/compiler/lib/intel64_lin/" "-L/sw/arcts/centos7/intel/17.0.1-1/compilers_and_libraries_2017.1.132/linux/mkl/lib/intel64_lin/" "-L/sw/arcts/centos7/intel/17.0.1-1/compilers_and_libraries_2017.1.132/linux/tbb/lib/intel64/gcc4.7/" "-L/sw/arcts/centos7/intel/17.0.1-1/compilers_and_libraries_2017.1.132/linux/daal/lib/intel64_lin/" "-L/sw/arcts/centos7/intel/17.0.1-1/compilers_and_libraries_2017.1.132/linux/tbb/lib/intel64_lin/gcc4.4/" "-L/usr/lib/gcc/x86_64-redhat-linux/4.8.5/../../../" "-L/lib64" "-L/lib/" "-L/usr/lib64" "-L/usr/lib" "CMakeFiles/cmTC_3deba.dir/CMakeCXXCompilerABI.cpp.o" "-Bdynamic" "-Bstatic" "-limf" "-lsvml" "-lirng" "-Bdynamic" "-lstdc++" "-lm" "-Bstatic" "-lipgo" "-ldecimal" "--as-needed" "-Bdynamic" "-lcilkrts" "--no-as-needed" "-lstdc++" "-lgcc" "-lgcc_s" "-Bstatic" "-lirc" "-lsvml" "-Bdynamic" "-lc" "-lgcc" "-lgcc_s" "-Bstatic" "-lirc_s" "-Bdynamic" "-ldl" "-lc" "/usr/lib/gcc/x86_64-redhat-linux/4.8.5/crtend.o" "/usr/lib/gcc/x86_64-redhat-linux/4.8.5/../../../../lib64/crtn.o"" -mIPOPT_il_in_obj -mIPOPT_ipo_activate_warn=FALSE -mIPOPT_obj_output_file_name=/tmp/ipo_icpc8BOutB.o -mIPOPT_whole_archive_fixup_file_name=/tmp/icpcwarch2gD1EV -mGLOB_linker_version=2.25.1 -mGLOB_long_size_64 -mGLOB_routine_pointer_size_64 -mGLOB_driver_tempfile_name=/tmp/icpctempfileAk0xvT -mP3OPT_asm_target=P3OPT_ASM_TARGET_GAS -mGLOB_async_unwind_tables=TRUE -mGLOB_obj_output_file=/tmp/ipo_icpc8BOutB.o -mGLOB_source_dialect=GLOB_SOURCE_DIALECT_NONE -mP1OPT_source_file_name=ipo_out.c CMakeFiles/cmTC_3deba.dir/CMakeCXXCompilerABI.cpp.o -mIPOPT_object_files=T -mIPOPT_assembly_files=/tmp/icpcalis0jH21w -mIPOPT_generated_tempfiles=/tmp/icpcelis4b4jOu -mIPOPT_embedded_object_base_name=/tmp/icpceobjOlEBAs -mIPOPT_cmdline_link_new_name=/tmp/icpcllisSXvTmq
ld    /usr/lib/gcc/x86_64-redhat-linux/4.8.5/../../../../lib64/crt1.o /usr/lib/gcc/x86_64-redhat-linux/4.8.5/../../../../lib64/crti.o /usr/lib/gcc/x86_64-redhat-linux/4.8.5/crtbegin.o -export-dynamic --eh-frame-hdr --build-id -dynamic-linker /lib64/ld-linux-x86-64.so.2 -m elf_x86_64 -o cmTC_3deba -L/sw/arcts/centos7/intel/17.0.1-1/compilers_and_libraries_2017.1.132/linux/compiler/lib/intel64 -L/sw/arcts/centos7/intel/17.0.1-1/compilers_and_libraries_2017.1.132/linux/mkl/lib/intel64 -L/sw/arcts/centos7/intel/17.0.1-1/compilers_and_libraries_2017.1.132/linux/ipp/lib/intel64 -L/sw/arcts/centos7/intel/17.0.1-1/compilers_and_libraries_2017.1.132/linux/compiler/lib/intel64_lin -L/sw/arcts/centos7/intel/17.0.1-1/compilers_and_libraries_2017.1.132/linux/mkl/lib/intel64_lin -L/sw/arcts/centos7/intel/17.0.1-1/compilers_and_libraries_2017.1.132/linux/tbb/lib/intel64/gcc4.7 -L/sw/arcts/centos7/intel/17.0.1-1/compilers_and_libraries_2017.1.132/linux/daal/lib/intel64_lin -L/sw/arcts/centos7/intel/17.0.1-1/compilers_and_libraries_2017.1.132/linux/tbb/lib/intel64_lin/gcc4.4 -L/sw/arcts/centos7/intel/16.0.3/compilers_and_libraries_2016.3.210/linux/compiler/lib/intel64_lin -L/usr/lib/gcc/x86_64-redhat-linux/4.8.5/ -L/usr/lib/gcc/x86_64-redhat-linux/4.8.5/../../../../lib64 -L/usr/lib/gcc/x86_64-redhat-linux/4.8.5/../../../../lib64/ -L/lib/../lib64 -L/lib/../lib64/ -L/usr/lib/../lib64 -L/usr/lib/../lib64/ -L/sw/arcts/centos7/intel/17.0.1-1/compilers_and_libraries_2017.1.132/linux/compiler/lib/intel64/ -L/sw/arcts/centos7/intel/17.0.1-1/compilers_and_libraries_2017.1.132/linux/mkl/lib/intel64/ -L/sw/arcts/centos7/intel/17.0.1-1/compilers_and_libraries_2017.1.132/linux/ipp/lib/intel64/ -L/sw/arcts/centos7/intel/17.0.1-1/compilers_and_libraries_2017.1.132/linux/compiler/lib/intel64_lin/ -L/sw/arcts/centos7/intel/17.0.1-1/compilers_and_libraries_2017.1.132/linux/mkl/lib/intel64_lin/ -L/sw/arcts/centos7/intel/17.0.1-1/compilers_and_libraries_2017.1.132/linux/tbb/lib/intel64/gcc4.7/ -L/sw/arcts/centos7/intel/17.0.1-1/compilers_and_libraries_2017.1.132/linux/daal/lib/intel64_lin/ -L/sw/arcts/centos7/intel/17.0.1-1/compilers_and_libraries_2017.1.132/linux/tbb/lib/intel64_lin/gcc4.4/ -L/usr/lib/gcc/x86_64-redhat-linux/4.8.5/../../../ -L/lib64 -L/lib/ -L/usr/lib64 -L/usr/lib CMakeFiles/cmTC_3deba.dir/CMakeCXXCompilerABI.cpp.o -Bdynamic -Bstatic -limf -lsvml -lirng -Bdynamic -lstdc++ -lm -Bstatic -lipgo -ldecimal --as-needed -Bdynamic -lcilkrts --no-as-needed -lstdc++ -lgcc -lgcc_s -Bstatic -lirc -lsvml -Bdynamic -lc -lgcc -lgcc_s -Bstatic -lirc_s -Bdynamic -ldl -lc /usr/lib/gcc/x86_64-redhat-linux/4.8.5/crtend.o /usr/lib/gcc/x86_64-redhat-linux/4.8.5/../../../../lib64/crtn.o
gmake[1]: Leaving directory `/home/phanim/KohnShamCodes/DEALIICode/periodicDFTFE/Tutorials/AllElectron/NonPeriodic/CarbonSingleAtom/CMakeFiles/CMakeTmp'


Parsed CXX implicit link information from above output:
  link line regex: [^( *|.*[/\])(ld|([^/\]+-)?ld|collect2)[^/\]*( |$)]
  ignore line: [Change Dir: /home/phanim/KohnShamCodes/DEALIICode/periodicDFTFE/Tutorials/AllElectron/NonPeriodic/CarbonSingleAtom/CMakeFiles/CMakeTmp]
  ignore line: []
  ignore line: [Run Build Command:"/usr/bin/gmake" "cmTC_3deba/fast"]
  ignore line: [/usr/bin/gmake -f CMakeFiles/cmTC_3deba.dir/build.make CMakeFiles/cmTC_3deba.dir/build]
  ignore line: [gmake[1]: Entering directory `/home/phanim/KohnShamCodes/DEALIICode/periodicDFTFE/Tutorials/AllElectron/NonPeriodic/CarbonSingleAtom/CMakeFiles/CMakeTmp']
  ignore line: [Building CXX object CMakeFiles/cmTC_3deba.dir/CMakeCXXCompilerABI.cpp.o]
  ignore line: [/sw/arcts/centos7/intel/16.0.3/compilers_and_libraries_2016.3.210/linux/bin/intel64/icpc     -I/nfs/mcfs_comp/home/rudraa/software/libxc/libxc-2.2.0/installDir/include -I/home/vikramg/DFT-FE-softwares/softwareCentos/petsc/intel_petsc3.7.5_double_elemental/include  -I/home/vikramg/DFT-FE-softwares/softwareCentos/slepc/intel_slepc3.7.3_double_elemental/include -w    -o CMakeFiles/cmTC_3deba.dir/CMakeCXXCompilerABI.cpp.o -c /sw/arcts/centos7/cmake/3.5.2/share/cmake-3.5/Modules/CMakeCXXCompilerABI.cpp]
  ignore line: [Linking CXX executable cmTC_3deba]
  ignore line: [/sw/arcts/centos7/cmake/3.5.2/bin/cmake -E cmake_link_script CMakeFiles/cmTC_3deba.dir/link.txt --verbose=1]
  ignore line: [/sw/arcts/centos7/intel/16.0.3/compilers_and_libraries_2016.3.210/linux/bin/intel64/icpc    -I/nfs/mcfs_comp/home/rudraa/software/libxc/libxc-2.2.0/installDir/include -I/home/vikramg/DFT-FE-softwares/softwareCentos/petsc/intel_petsc3.7.5_double_elemental/include  -I/home/vikramg/DFT-FE-softwares/softwareCentos/slepc/intel_slepc3.7.3_double_elemental/include -w    -v CMakeFiles/cmTC_3deba.dir/CMakeCXXCompilerABI.cpp.o  -o cmTC_3deba -rdynamic  ]
  ignore line: [icpc version 16.0.3 (gcc version 4.8.5 compatibility)]
  ignore line: [/sw/arcts/centos7/intel/16.0.3/compilers_and_libraries_2016.3.210/linux/bin/intel64/mcpcom    -mGLOB_em64t=TRUE -mP1OPT_version=16.0-intel64 -mGLOB_diag_enable_disable=D:warn -mGLOB_diag_file=CMakeFiles/cmTC_3deba.dir/CMakeCXXCompilerABI.cpp.diag -mP1OPT_print_version=FALSE -mCG_use_gas_got_workaround=F -mP2OPT_align_option_used=TRUE -mGLOB_gcc_version=485 "-mGLOB_options_string=-I/nfs/mcfs_comp/home/rudraa/software/libxc/libxc-2.2.0/installDir/include -I/home/vikramg/DFT-FE-softwares/softwareCentos/petsc/intel_petsc3.7.5_double_elemental/include -I/home/vikramg/DFT-FE-softwares/softwareCentos/slepc/intel_slepc3.7.3_double_elemental/include -w -v -o cmTC_3deba -rdynamic" -mGLOB_cxx_limited_range=FALSE -mCG_extend_parms=FALSE -mGLOB_compiler_bin_directory=/sw/arcts/centos7/intel/16.0.3/compilers_and_libraries_2016.3.210/linux/bin/intel64 -mGLOB_as_output_backup_file_name=/tmp/icpcM66Guhas_.s -mGLOB_dashboard_use_source_name -mIPOPT_activate -mGLOB_product_id_code=0x22006d8e -mP3OPT_use_mspp_call_convention -mP2OPT_subs_out_of_bound=FALSE -mP2OPT_disam_type_based_disam=2 -mP2OPT_disam_assume_ansi_c -mP2OPT_checked_disam_ansi_alias=TRUE -mGLOB_ansi_alias -mPGOPTI_value_profile_use=T -mGLOB_opt_report_use_source_name -mP2OPT_il0_array_sections=TRUE -mGLOB_offload_mode=1 -mP2OPT_offload_unique_var_string=icpc0101341709690yrHxlb -mP2OPT_hlo -mP2OPT_hpo_rtt_control=0 -mIPOPT_args_in_regs=0 -mP2OPT_disam_assume_nonstd_intent_in=FALSE -mGLOB_imf_mapping_library=/sw/arcts/centos7/intel/16.0.3/compilers_and_libraries_2016.3.210/linux/bin/intel64/libiml_attr.so -mPGOPTI_gen_threadsafe_level=0 -mIPOPT_link -mIPOPT_ipo_activate -mIPOPT_mo_activate -mIPOPT_source_files_list=/tmp/icpcslis6iGb9n -mIPOPT_mo_global_data -mIPOPT_link_script_file=/tmp/icpcscripto88tVl "-mIPOPT_cmdline_link="/usr/lib/gcc/x86_64-redhat-linux/4.8.5/../../../../lib64/crt1.o" "/usr/lib/gcc/x86_64-redhat-linux/4.8.5/../../../../lib64/crti.o" "/usr/lib/gcc/x86_64-redhat-linux/4.8.5/crtbegin.o" "-export-dynamic" "--eh-frame-hdr" "--build-id" "-dynamic-linker" "/lib64/ld-linux-x86-64.so.2" "-m" "elf_x86_64" "-o" "cmTC_3deba" "-L/sw/arcts/centos7/intel/17.0.1-1/compilers_and_libraries_2017.1.132/linux/compiler/lib/intel64" "-L/sw/arcts/centos7/intel/17.0.1-1/compilers_and_libraries_2017.1.132/linux/mkl/lib/intel64" "-L/sw/arcts/centos7/intel/17.0.1-1/compilers_and_libraries_2017.1.132/linux/ipp/lib/intel64" "-L/sw/arcts/centos7/intel/17.0.1-1/compilers_and_libraries_2017.1.132/linux/compiler/lib/intel64_lin" "-L/sw/arcts/centos7/intel/17.0.1-1/compilers_and_libraries_2017.1.132/linux/mkl/lib/intel64_lin" "-L/sw/arcts/centos7/intel/17.0.1-1/compilers_and_libraries_2017.1.132/linux/tbb/lib/intel64/gcc4.7" "-L/sw/arcts/centos7/intel/17.0.1-1/compilers_and_libraries_2017.1.132/linux/daal/lib/intel64_lin" "-L/sw/arcts/centos7/intel/17.0.1-1/compilers_and_libraries_2017.1.132/linux/tbb/lib/intel64_lin/gcc4.4" "-L/sw/arcts/centos7/intel/16.0.3/compilers_and_libraries_2016.3.210/linux/compiler/lib/intel64_lin" "-L/usr/lib/gcc/x86_64-redhat-linux/4.8.5/" "-L/usr/lib/gcc/x86_64-redhat-linux/4.8.5/../../../../lib64" "-L/usr/lib/gcc/x86_64-redhat-linux/4.8.5/../../../../lib64/" "-L/lib/../lib64" "-L/lib/../lib64/" "-L/usr/lib/../lib64" "-L/usr/lib/../lib64/" "-L/sw/arcts/centos7/intel/17.0.1-1/compilers_and_libraries_2017.1.132/linux/compiler/lib/intel64/" "-L/sw/arcts/centos7/intel/17.0.1-1/compilers_and_libraries_2017.1.132/linux/mkl/lib/intel64/" "-L/sw/arcts/centos7/intel/17.0.1-1/compilers_and_libraries_2017.1.132/linux/ipp/lib/intel64/" "-L/sw/arcts/centos7/intel/17.0.1-1/compilers_and_libraries_2017.1.132/linux/compiler/lib/intel64_lin/" "-L/sw/arcts/centos7/intel/17.0.1-1/compilers_and_libraries_2017.1.132/linux/mkl/lib/intel64_lin/" "-L/sw/arcts/centos7/intel/17.0.1-1/compilers_and_libraries_2017.1.132/linux/tbb/lib/intel64/gcc4.7/" "-L/sw/arcts/centos7/intel/17.0.1-1/compilers_and_libraries_2017.1.132/linux/daal/lib/intel64_lin/" "-L/sw/arcts/centos7/intel/17.0.1-1/compilers_and_libraries_2017.1.132/linux/tbb/lib/intel64_lin/gcc4.4/" "-L/usr/lib/gcc/x86_64-redhat-linux/4.8.5/../../../" "-L/lib64" "-L/lib/" "-L/usr/lib64" "-L/usr/lib" "CMakeFiles/cmTC_3deba.dir/CMakeCXXCompilerABI.cpp.o" "-Bdynamic" "-Bstatic" "-limf" "-lsvml" "-lirng" "-Bdynamic" "-lstdc++" "-lm" "-Bstatic" "-lipgo" "-ldecimal" "--as-needed" "-Bdynamic" "-lcilkrts" "--no-as-needed" "-lstdc++" "-lgcc" "-lgcc_s" "-Bstatic" "-lirc" "-lsvml" "-Bdynamic" "-lc" "-lgcc" "-lgcc_s" "-Bstatic" "-lirc_s" "-Bdynamic" "-ldl" "-lc" "/usr/lib/gcc/x86_64-redhat-linux/4.8.5/crtend.o" "/usr/lib/gcc/x86_64-redhat-linux/4.8.5/../../../../lib64/crtn.o"" -mIPOPT_il_in_obj -mIPOPT_ipo_activate_warn=FALSE -mIPOPT_obj_output_file_name=/tmp/ipo_icpc8BOutB.o -mIPOPT_whole_archive_fixup_file_name=/tmp/icpcwarch2gD1EV -mGLOB_linker_version=2.25.1 -mGLOB_long_size_64 -mGLOB_routine_pointer_size_64 -mGLOB_driver_tempfile_name=/tmp/icpctempfileAk0xvT -mP3OPT_asm_target=P3OPT_ASM_TARGET_GAS -mGLOB_async_unwind_tables=TRUE -mGLOB_obj_output_file=/tmp/ipo_icpc8BOutB.o -mGLOB_source_dialect=GLOB_SOURCE_DIALECT_NONE -mP1OPT_source_file_name=ipo_out.c CMakeFiles/cmTC_3deba.dir/CMakeCXXCompilerABI.cpp.o -mIPOPT_object_files=T -mIPOPT_assembly_files=/tmp/icpcalis0jH21w -mIPOPT_generated_tempfiles=/tmp/icpcelis4b4jOu -mIPOPT_embedded_object_base_name=/tmp/icpceobjOlEBAs -mIPOPT_cmdline_link_new_name=/tmp/icpcllisSXvTmq]
  link line: [ld    /usr/lib/gcc/x86_64-redhat-linux/4.8.5/../../../../lib64/crt1.o /usr/lib/gcc/x86_64-redhat-linux/4.8.5/../../../../lib64/crti.o /usr/lib/gcc/x86_64-redhat-linux/4.8.5/crtbegin.o -export-dynamic --eh-frame-hdr --build-id -dynamic-linker /lib64/ld-linux-x86-64.so.2 -m elf_x86_64 -o cmTC_3deba -L/sw/arcts/centos7/intel/17.0.1-1/compilers_and_libraries_2017.1.132/linux/compiler/lib/intel64 -L/sw/arcts/centos7/intel/17.0.1-1/compilers_and_libraries_2017.1.132/linux/mkl/lib/intel64 -L/sw/arcts/centos7/intel/17.0.1-1/compilers_and_libraries_2017.1.132/linux/ipp/lib/intel64 -L/sw/arcts/centos7/intel/17.0.1-1/compilers_and_libraries_2017.1.132/linux/compiler/lib/intel64_lin -L/sw/arcts/centos7/intel/17.0.1-1/compilers_and_libraries_2017.1.132/linux/mkl/lib/intel64_lin -L/sw/arcts/centos7/intel/17.0.1-1/compilers_and_libraries_2017.1.132/linux/tbb/lib/intel64/gcc4.7 -L/sw/arcts/centos7/intel/17.0.1-1/compilers_and_libraries_2017.1.132/linux/daal/lib/intel64_lin -L/sw/arcts/centos7/intel/17.0.1-1/compilers_and_libraries_2017.1.132/linux/tbb/lib/intel64_lin/gcc4.4 -L/sw/arcts/centos7/intel/16.0.3/compilers_and_libraries_2016.3.210/linux/compiler/lib/intel64_lin -L/usr/lib/gcc/x86_64-redhat-linux/4.8.5/ -L/usr/lib/gcc/x86_64-redhat-linux/4.8.5/../../../../lib64 -L/usr/lib/gcc/x86_64-redhat-linux/4.8.5/../../../../lib64/ -L/lib/../lib64 -L/lib/../lib64/ -L/usr/lib/../lib64 -L/usr/lib/../lib64/ -L/sw/arcts/centos7/intel/17.0.1-1/compilers_and_libraries_2017.1.132/linux/compiler/lib/intel64/ -L/sw/arcts/centos7/intel/17.0.1-1/compilers_and_libraries_2017.1.132/linux/mkl/lib/intel64/ -L/sw/arcts/centos7/intel/17.0.1-1/compilers_and_libraries_2017.1.132/linux/ipp/lib/intel64/ -L/sw/arcts/centos7/intel/17.0.1-1/compilers_and_libraries_2017.1.132/linux/compiler/lib/intel64_lin/ -L/sw/arcts/centos7/intel/17.0.1-1/compilers_and_libraries_2017.1.132/linux/mkl/lib/intel64_lin/ -L/sw/arcts/centos7/intel/17.0.1-1/compilers_and_libraries_2017.1.132/linux/tbb/lib/intel64/gcc4.7/ -L/sw/arcts/centos7/intel/17.0.1-1/compilers_and_libraries_2017.1.132/linux/daal/lib/intel64_lin/ -L/sw/arcts/centos7/intel/17.0.1-1/compilers_and_libraries_2017.1.132/linux/tbb/lib/intel64_lin/gcc4.4/ -L/usr/lib/gcc/x86_64-redhat-linux/4.8.5/../../../ -L/lib64 -L/lib/ -L/usr/lib64 -L/usr/lib CMakeFiles/cmTC_3deba.dir/CMakeCXXCompilerABI.cpp.o -Bdynamic -Bstatic -limf -lsvml -lirng -Bdynamic -lstdc++ -lm -Bstatic -lipgo -ldecimal --as-needed -Bdynamic -lcilkrts --no-as-needed -lstdc++ -lgcc -lgcc_s -Bstatic -lirc -lsvml -Bdynamic -lc -lgcc -lgcc_s -Bstatic -lirc_s -Bdynamic -ldl -lc /usr/lib/gcc/x86_64-redhat-linux/4.8.5/crtend.o /usr/lib/gcc/x86_64-redhat-linux/4.8.5/../../../../lib64/crtn.o]
    arg [ld] ==> ignore
    arg [/usr/lib/gcc/x86_64-redhat-linux/4.8.5/../../../../lib64/crt1.o] ==> ignore
    arg [/usr/lib/gcc/x86_64-redhat-linux/4.8.5/../../../../lib64/crti.o] ==> ignore
    arg [/usr/lib/gcc/x86_64-redhat-linux/4.8.5/crtbegin.o] ==> ignore
    arg [-export-dynamic] ==> ignore
    arg [--eh-frame-hdr] ==> ignore
    arg [--build-id] ==> ignore
    arg [-dynamic-linker] ==> ignore
    arg [/lib64/ld-linux-x86-64.so.2] ==> ignore
    arg [-m] ==> ignore
    arg [elf_x86_64] ==> ignore
    arg [-o] ==> ignore
    arg [cmTC_3deba] ==> ignore
    arg [-L/sw/arcts/centos7/intel/17.0.1-1/compilers_and_libraries_2017.1.132/linux/compiler/lib/intel64] ==> dir [/sw/arcts/centos7/intel/17.0.1-1/compilers_and_libraries_2017.1.132/linux/compiler/lib/intel64]
    arg [-L/sw/arcts/centos7/intel/17.0.1-1/compilers_and_libraries_2017.1.132/linux/mkl/lib/intel64] ==> dir [/sw/arcts/centos7/intel/17.0.1-1/compilers_and_libraries_2017.1.132/linux/mkl/lib/intel64]
    arg [-L/sw/arcts/centos7/intel/17.0.1-1/compilers_and_libraries_2017.1.132/linux/ipp/lib/intel64] ==> dir [/sw/arcts/centos7/intel/17.0.1-1/compilers_and_libraries_2017.1.132/linux/ipp/lib/intel64]
    arg [-L/sw/arcts/centos7/intel/17.0.1-1/compilers_and_libraries_2017.1.132/linux/compiler/lib/intel64_lin] ==> dir [/sw/arcts/centos7/intel/17.0.1-1/compilers_and_libraries_2017.1.132/linux/compiler/lib/intel64_lin]
    arg [-L/sw/arcts/centos7/intel/17.0.1-1/compilers_and_libraries_2017.1.132/linux/mkl/lib/intel64_lin] ==> dir [/sw/arcts/centos7/intel/17.0.1-1/compilers_and_libraries_2017.1.132/linux/mkl/lib/intel64_lin]
    arg [-L/sw/arcts/centos7/intel/17.0.1-1/compilers_and_libraries_2017.1.132/linux/tbb/lib/intel64/gcc4.7] ==> dir [/sw/arcts/centos7/intel/17.0.1-1/compilers_and_libraries_2017.1.132/linux/tbb/lib/intel64/gcc4.7]
    arg [-L/sw/arcts/centos7/intel/17.0.1-1/compilers_and_libraries_2017.1.132/linux/daal/lib/intel64_lin] ==> dir [/sw/arcts/centos7/intel/17.0.1-1/compilers_and_libraries_2017.1.132/linux/daal/lib/intel64_lin]
    arg [-L/sw/arcts/centos7/intel/17.0.1-1/compilers_and_libraries_2017.1.132/linux/tbb/lib/intel64_lin/gcc4.4] ==> dir [/sw/arcts/centos7/intel/17.0.1-1/compilers_and_libraries_2017.1.132/linux/tbb/lib/intel64_lin/gcc4.4]
    arg [-L/sw/arcts/centos7/intel/16.0.3/compilers_and_libraries_2016.3.210/linux/compiler/lib/intel64_lin] ==> dir [/sw/arcts/centos7/intel/16.0.3/compilers_and_libraries_2016.3.210/linux/compiler/lib/intel64_lin]
    arg [-L/usr/lib/gcc/x86_64-redhat-linux/4.8.5/] ==> dir [/usr/lib/gcc/x86_64-redhat-linux/4.8.5/]
    arg [-L/usr/lib/gcc/x86_64-redhat-linux/4.8.5/../../../../lib64] ==> dir [/usr/lib/gcc/x86_64-redhat-linux/4.8.5/../../../../lib64]
    arg [-L/usr/lib/gcc/x86_64-redhat-linux/4.8.5/../../../../lib64/] ==> dir [/usr/lib/gcc/x86_64-redhat-linux/4.8.5/../../../../lib64/]
    arg [-L/lib/../lib64] ==> dir [/lib/../lib64]
    arg [-L/lib/../lib64/] ==> dir [/lib/../lib64/]
    arg [-L/usr/lib/../lib64] ==> dir [/usr/lib/../lib64]
    arg [-L/usr/lib/../lib64/] ==> dir [/usr/lib/../lib64/]
    arg [-L/sw/arcts/centos7/intel/17.0.1-1/compilers_and_libraries_2017.1.132/linux/compiler/lib/intel64/] ==> dir [/sw/arcts/centos7/intel/17.0.1-1/compilers_and_libraries_2017.1.132/linux/compiler/lib/intel64/]
    arg [-L/sw/arcts/centos7/intel/17.0.1-1/compilers_and_libraries_2017.1.132/linux/mkl/lib/intel64/] ==> dir [/sw/arcts/centos7/intel/17.0.1-1/compilers_and_libraries_2017.1.132/linux/mkl/lib/intel64/]
    arg [-L/sw/arcts/centos7/intel/17.0.1-1/compilers_and_libraries_2017.1.132/linux/ipp/lib/intel64/] ==> dir [/sw/arcts/centos7/intel/17.0.1-1/compilers_and_libraries_2017.1.132/linux/ipp/lib/intel64/]
    arg [-L/sw/arcts/centos7/intel/17.0.1-1/compilers_and_libraries_2017.1.132/linux/compiler/lib/intel64_lin/] ==> dir [/sw/arcts/centos7/intel/17.0.1-1/compilers_and_libraries_2017.1.132/linux/compiler/lib/intel64_lin/]
    arg [-L/sw/arcts/centos7/intel/17.0.1-1/compilers_and_libraries_2017.1.132/linux/mkl/lib/intel64_lin/] ==> dir [/sw/arcts/centos7/intel/17.0.1-1/compilers_and_libraries_2017.1.132/linux/mkl/lib/intel64_lin/]
    arg [-L/sw/arcts/centos7/intel/17.0.1-1/compilers_and_libraries_2017.1.132/linux/tbb/lib/intel64/gcc4.7/] ==> dir [/sw/arcts/centos7/intel/17.0.1-1/compilers_and_libraries_2017.1.132/linux/tbb/lib/intel64/gcc4.7/]
    arg [-L/sw/arcts/centos7/intel/17.0.1-1/compilers_and_libraries_2017.1.132/linux/daal/lib/intel64_lin/] ==> dir [/sw/arcts/centos7/intel/17.0.1-1/compilers_and_libraries_2017.1.132/linux/daal/lib/intel64_lin/]
    arg [-L/sw/arcts/centos7/intel/17.0.1-1/compilers_and_libraries_2017.1.132/linux/tbb/lib/intel64_lin/gcc4.4/] ==> dir [/sw/arcts/centos7/intel/17.0.1-1/compilers_and_libraries_2017.1.132/linux/tbb/lib/intel64_lin/gcc4.4/]
    arg [-L/usr/lib/gcc/x86_64-redhat-linux/4.8.5/../../../] ==> dir [/usr/lib/gcc/x86_64-redhat-linux/4.8.5/../../../]
    arg [-L/lib64] ==> dir [/lib64]
    arg [-L/lib/] ==> dir [/lib/]
    arg [-L/usr/lib64] ==> dir [/usr/lib64]
    arg [-L/usr/lib] ==> dir [/usr/lib]
    arg [CMakeFiles/cmTC_3deba.dir/CMakeCXXCompilerABI.cpp.o] ==> ignore
    arg [-Bdynamic] ==> ignore
    arg [-Bstatic] ==> ignore
    arg [-limf] ==> lib [imf]
    arg [-lsvml] ==> lib [svml]
    arg [-lirng] ==> lib [irng]
    arg [-Bdynamic] ==> ignore
    arg [-lstdc++] ==> lib [stdc++]
    arg [-lm] ==> lib [m]
    arg [-Bstatic] ==> ignore
    arg [-lipgo] ==> lib [ipgo]
    arg [-ldecimal] ==> lib [decimal]
    arg [--as-needed] ==> ignore
    arg [-Bdynamic] ==> ignore
    arg [-lcilkrts] ==> lib [cilkrts]
    arg [--no-as-needed] ==> ignore
    arg [-lstdc++] ==> lib [stdc++]
    arg [-lgcc] ==> lib [gcc]
    arg [-lgcc_s] ==> lib [gcc_s]
    arg [-Bstatic] ==> ignore
    arg [-lirc] ==> lib [irc]
    arg [-lsvml] ==> lib [svml]
    arg [-Bdynamic] ==> ignore
    arg [-lc] ==> lib [c]
    arg [-lgcc] ==> lib [gcc]
    arg [-lgcc_s] ==> lib [gcc_s]
    arg [-Bstatic] ==> ignore
    arg [-lirc_s] ==> lib [irc_s]
    arg [-Bdynamic] ==> ignore
    arg [-ldl] ==> lib [dl]
    arg [-lc] ==> lib [c]
    arg [/usr/lib/gcc/x86_64-redhat-linux/4.8.5/crtend.o] ==> ignore
    arg [/usr/lib/gcc/x86_64-redhat-linux/4.8.5/../../../../lib64/crtn.o] ==> ignore
  remove lib [gcc]
  remove lib [gcc_s]
  remove lib [gcc]
  remove lib [gcc_s]
  collapse library dir [/sw/arcts/centos7/intel/17.0.1-1/compilers_and_libraries_2017.1.132/linux/compiler/lib/intel64] ==> [/sw/arcts/centos7/intel/17.0.1-1/compilers_and_libraries_2017.1.132/linux/compiler/lib/intel64]
  collapse library dir [/sw/arcts/centos7/intel/17.0.1-1/compilers_and_libraries_2017.1.132/linux/mkl/lib/intel64] ==> [/sw/arcts/centos7/intel/17.0.1-1/compilers_and_libraries_2017.1.132/linux/mkl/lib/intel64]
  collapse library dir [/sw/arcts/centos7/intel/17.0.1-1/compilers_and_libraries_2017.1.132/linux/ipp/lib/intel64] ==> [/sw/arcts/centos7/intel/17.0.1-1/compilers_and_libraries_2017.1.132/linux/ipp/lib/intel64]
  collapse library dir [/sw/arcts/centos7/intel/17.0.1-1/compilers_and_libraries_2017.1.132/linux/compiler/lib/intel64_lin] ==> [/sw/arcts/centos7/intel/17.0.1-1/compilers_and_libraries_2017.1.132/linux/compiler/lib/intel64_lin]
  collapse library dir [/sw/arcts/centos7/intel/17.0.1-1/compilers_and_libraries_2017.1.132/linux/mkl/lib/intel64_lin] ==> [/sw/arcts/centos7/intel/17.0.1-1/compilers_and_libraries_2017.1.132/linux/mkl/lib/intel64_lin]
  collapse library dir [/sw/arcts/centos7/intel/17.0.1-1/compilers_and_libraries_2017.1.132/linux/tbb/lib/intel64/gcc4.7] ==> [/sw/arcts/centos7/intel/17.0.1-1/compilers_and_libraries_2017.1.132/linux/tbb/lib/intel64/gcc4.7]
  collapse library dir [/sw/arcts/centos7/intel/17.0.1-1/compilers_and_libraries_2017.1.132/linux/daal/lib/intel64_lin] ==> [/sw/arcts/centos7/intel/17.0.1-1/compilers_and_libraries_2017.1.132/linux/daal/lib/intel64_lin]
  collapse library dir [/sw/arcts/centos7/intel/17.0.1-1/compilers_and_libraries_2017.1.132/linux/tbb/lib/intel64_lin/gcc4.4] ==> [/sw/arcts/centos7/intel/17.0.1-1/compilers_and_libraries_2017.1.132/linux/tbb/lib/intel64_lin/gcc4.4]
  collapse library dir [/sw/arcts/centos7/intel/16.0.3/compilers_and_libraries_2016.3.210/linux/compiler/lib/intel64_lin] ==> [/sw/arcts/centos7/intel/16.0.3/compilers_and_libraries_2016.3.210/linux/compiler/lib/intel64_lin]
  collapse library dir [/usr/lib/gcc/x86_64-redhat-linux/4.8.5/] ==> [/usr/lib/gcc/x86_64-redhat-linux/4.8.5]
  collapse library dir [/usr/lib/gcc/x86_64-redhat-linux/4.8.5/../../../../lib64] ==> [/usr/lib64]
  collapse library dir [/usr/lib/gcc/x86_64-redhat-linux/4.8.5/../../../../lib64/] ==> [/usr/lib64]
  collapse library dir [/lib/../lib64] ==> [/lib64]
  collapse library dir [/lib/../lib64/] ==> [/lib64]
  collapse library dir [/usr/lib/../lib64] ==> [/usr/lib64]
  collapse library dir [/usr/lib/../lib64/] ==> [/usr/lib64]
  collapse library dir [/sw/arcts/centos7/intel/17.0.1-1/compilers_and_libraries_2017.1.132/linux/compiler/lib/intel64/] ==> [/sw/arcts/centos7/intel/17.0.1-1/compilers_and_libraries_2017.1.132/linux/compiler/lib/intel64]
  collapse library dir [/sw/arcts/centos7/intel/17.0.1-1/compilers_and_libraries_2017.1.132/linux/mkl/lib/intel64/] ==> [/sw/arcts/centos7/intel/17.0.1-1/compilers_and_libraries_2017.1.132/linux/mkl/lib/intel64]
  collapse library dir [/sw/arcts/centos7/intel/17.0.1-1/compilers_and_libraries_2017.1.132/linux/ipp/lib/intel64/] ==> [/sw/arcts/centos7/intel/17.0.1-1/compilers_and_libraries_2017.1.132/linux/ipp/lib/intel64]
  collapse library dir [/sw/arcts/centos7/intel/17.0.1-1/compilers_and_libraries_2017.1.132/linux/compiler/lib/intel64_lin/] ==> [/sw/arcts/centos7/intel/17.0.1-1/compilers_and_libraries_2017.1.132/linux/compiler/lib/intel64_lin]
  collapse library dir [/sw/arcts/centos7/intel/17.0.1-1/compilers_and_libraries_2017.1.132/linux/mkl/lib/intel64_lin/] ==> [/sw/arcts/centos7/intel/17.0.1-1/compilers_and_libraries_2017.1.132/linux/mkl/lib/intel64_lin]
  collapse library dir [/sw/arcts/centos7/intel/17.0.1-1/compilers_and_libraries_2017.1.132/linux/tbb/lib/intel64/gcc4.7/] ==> [/sw/arcts/centos7/intel/17.0.1-1/compilers_and_libraries_2017.1.132/linux/tbb/lib/intel64/gcc4.7]
  collapse library dir [/sw/arcts/centos7/intel/17.0.1-1/compilers_and_libraries_2017.1.132/linux/daal/lib/intel64_lin/] ==> [/sw/arcts/centos7/intel/17.0.1-1/compilers_and_libraries_2017.1.132/linux/daal/lib/intel64_lin]
  collapse library dir [/sw/arcts/centos7/intel/17.0.1-1/compilers_and_libraries_2017.1.132/linux/tbb/lib/intel64_lin/gcc4.4/] ==> [/sw/arcts/centos7/intel/17.0.1-1/compilers_and_libraries_2017.1.132/linux/tbb/lib/intel64_lin/gcc4.4]
  collapse library dir [/usr/lib/gcc/x86_64-redhat-linux/4.8.5/../../../] ==> [/usr/lib]
  collapse library dir [/lib64] ==> [/lib64]
  collapse library dir [/lib/] ==> [/lib]
  collapse library dir [/usr/lib64] ==> [/usr/lib64]
  collapse library dir [/usr/lib] ==> [/usr/lib]
  implicit libs: [imf;svml;irng;stdc++;m;ipgo;decimal;cilkrts;stdc++;irc;svml;c;irc_s;dl;c]
  implicit dirs: [/sw/arcts/centos7/intel/17.0.1-1/compilers_and_libraries_2017.1.132/linux/compiler/lib/intel64;/sw/arcts/centos7/intel/17.0.1-1/compilers_and_libraries_2017.1.132/linux/mkl/lib/intel64;/sw/arcts/centos7/intel/17.0.1-1/compilers_and_libraries_2017.1.132/linux/ipp/lib/intel64;/sw/arcts/centos7/intel/17.0.1-1/compilers_and_libraries_2017.1.132/linux/compiler/lib/intel64_lin;/sw/arcts/centos7/intel/17.0.1-1/compilers_and_libraries_2017.1.132/linux/mkl/lib/intel64_lin;/sw/arcts/centos7/intel/17.0.1-1/compilers_and_libraries_2017.1.132/linux/tbb/lib/intel64/gcc4.7;/sw/arcts/centos7/intel/17.0.1-1/compilers_and_libraries_2017.1.132/linux/daal/lib/intel64_lin;/sw/arcts/centos7/intel/17.0.1-1/compilers_and_libraries_2017.1.132/linux/tbb/lib/intel64_lin/gcc4.4;/sw/arcts/centos7/intel/16.0.3/compilers_and_libraries_2016.3.210/linux/compiler/lib/intel64_lin;/usr/lib/gcc/x86_64-redhat-linux/4.8.5;/usr/lib64;/lib64;/usr/lib;/lib]
  implicit fwks: []


